5:24:33|::1|karla/read_packages|tantan|none|Query successful.
5:24:33|::1|karla/read_packages|tantan|none|Query successful.
5:24:53|::1|karla/read_packages|tantan|none|Query successful.
5:24:53|::1|karla/read_packages|tantan|none|Query successful.
5:25:38|::1|karla/read_packages|anon|none|Query successful.
5:25:38|::1|karla/read_packages|anon|none|Query successful.
5:26:48|::1|karla/read_packages|anon|none|Query successful.
5:26:48|::1|karla/read_packages|anon|none|Query successful.
5:31:22|::1|karla/read_packages|anon|none|Query successful.
5:31:22|::1|karla/read_packages|anon|none|Query successful.
5:32:06|::1|karla/read_packages|anon|none|Query successful.
5:32:06|::1|karla/read_packages|anon|none|Query successful.
5:33:15|::1|karla/read_packages|anon|none|Query successful.
5:33:15|::1|karla/read_packages|anon|none|Query successful.
5:33:56|::1|karla/read_packages|anon|none|Query successful.
5:33:56|::1|karla/read_packages|anon|none|Query successful.
5:34:18|::1|karla/read_packages|anon|none|Query successful.
5:34:18|::1|karla/read_packages|anon|none|Query successful.
5:34:46|::1|karla/read_packages|anon|none|Query successful.
5:34:46|::1|karla/read_packages|anon|none|Query successful.
5:34:58|::1|karla/read_packages|anon|none|Query successful.
5:34:58|::1|karla/read_packages|anon|none|Query successful.
5:36:05|::1|karla/read_packages|anon|none|Query successful.
5:36:05|::1|karla/read_packages|anon|none|Query successful.
5:36:42|::1|karla/read_packages|anon|none|Query successful.
5:36:42|::1|karla/read_packages|anon|none|Query successful.
5:38:28|::1|karla/read_packages|anon|none|Query successful.
5:38:28|::1|karla/read_packages|anon|none|Query successful.
5:41:10|::1|karla/read_packages|anon|none|Query successful.
5:41:10|::1|karla/read_packages|anon|none|Query successful.
5:41:41|::1|karla/read_packages|anon|none|Query successful.
5:41:41|::1|karla/read_packages|anon|none|Query successful.
5:42:38|::1|karla/read_packages|adminadmin|none|Query successful.
5:42:38|::1|karla/read_packages|adminadmin|none|Query successful.
5:42:53|::1|karla/read_packages|anon|none|Query successful.
5:42:53|::1|karla/read_packages|anon|none|Query successful.
5:44:38|::1|karla/read_packages|anon|none|Query successful.
5:44:38|::1|karla/read_packages|anon|none|Query successful.
5:44:53|::1|karla/read_packages|anon|none|Query successful.
5:44:53|::1|karla/read_packages|anon|none|Query successful.
5:45:28|::1|karla/read_packages|anon|none|Query successful.
5:45:28|::1|karla/read_packages|anon|none|Query successful.
5:45:42|::1|karla/read_packages|anon|none|Query successful.
5:45:42|::1|karla/read_packages|anon|none|Query successful.
5:46:13|::1|karla/read_packages|adminadmin|none|Query successful.
5:46:13|::1|karla/read_packages|adminadmin|none|Query successful.
5:46:22|::1|karla/read_packages|anon|none|Query successful.
5:46:22|::1|karla/read_packages|anon|none|Query successful.
5:46:27|::1|karla/read_packages|anon|none|Query successful.
5:46:27|::1|karla/read_packages|anon|none|Query successful.
5:46:43|::1|karla/read_packages|anon|none|Query successful.
5:46:43|::1|karla/read_packages|anon|none|Query successful.
5:47:27|::1|karla/read_packages|adminadmin|none|Query successful.
5:47:27|::1|karla/read_packages|adminadmin|none|Query successful.
5:49:46|::1|karla/read_packages|adminadmin|none|Query successful.
5:49:46|::1|karla/read_packages|adminadmin|none|Query successful.
5:51:56|::1|karla/read_packages|adminadmin|none|Query successful.
5:51:56|::1|karla/read_packages|adminadmin|none|Query successful.
5:52:07|::1|karla/read_packages|adminadmin|none|Query successful.
5:52:07|::1|karla/read_packages|adminadmin|none|Query successful.
5:52:38|::1|karla/read_packages|adminadmin|none|Query successful.
5:52:38|::1|karla/read_packages|adminadmin|none|Query successful.
5:55:30|::1|karla/read_packages|anon|none|Query successful.
5:55:30|::1|karla/read_packages|anon|none|Query successful.
5:55:47|::1|karla/read_packages|anon|none|Query successful.
5:55:47|::1|karla/read_packages|anon|none|Query successful.
5:56:13|::1|karla/read_packages|anon|none|Query successful.
5:56:13|::1|karla/read_packages|anon|none|Query successful.
5:56:23|::1|karla/read_packages|anon|none|Query successful.
5:56:23|::1|karla/read_packages|anon|none|Query successful.
5:57:36|::1|karla/read_packages|anon|none|Query successful.
5:57:36|::1|karla/read_packages|anon|none|Query successful.
5:57:50|::1|karla/read_packages|anon|none|Query successful.
5:57:50|::1|karla/read_packages|anon|none|Query successful.
5:57:50|::1|karla/read_packages|anon|none|Query successful.
5:57:50|::1|karla/read_packages|anon|none|Query successful.
5:57:50|::1|karla/read_packages|anon|none|Query successful.
5:57:50|::1|karla/read_packages|anon|none|Query successful.
5:57:50|::1|karla/read_packages|anon|none|Query successful.
5:57:50|::1|karla/read_packages|anon|none|Query successful.
5:57:51|::1|karla/read_packages|anon|none|Query successful.
5:57:51|::1|karla/read_packages|anon|none|Query successful.
5:58:04|::1|karla/read_packages|anon|none|Query successful.
5:58:05|::1|karla/read_packages|anon|none|Query successful.
5:58:22|::1|karla/read_packages|adminadmin|none|Query successful.
5:58:22|::1|karla/read_packages|adminadmin|none|Query successful.
5:58:38|::1|karla/read_packages|anon|none|Query successful.
5:58:38|::1|karla/read_packages|anon|none|Query successful.
6:00:44|::1|karla/read_packages|anon|none|Query successful.
6:00:44|::1|karla/read_packages|anon|none|Query successful.
6:01:02|::1|karla/read_packages|adminadmin|none|Query successful.
6:01:02|::1|karla/read_packages|adminadmin|none|Query successful.
6:01:38|::1|karla/read_packages|anon|none|Query successful.
6:01:38|::1|karla/read_packages|anon|none|Query successful.
6:02:54|::1|karla/read_packages|anon|none|Query successful.
6:02:54|::1|karla/read_packages|anon|none|Query successful.
6:03:33|::1|karla/read_packages|anon|none|Query successful.
6:03:33|::1|karla/read_packages|anon|none|Query successful.
6:07:04|::1|karla/read_packages|adminadmin|none|Query successful.
6:07:04|::1|karla/read_packages|adminadmin|none|Query successful.
6:09:10|::1|karla/read_packages|adminadmin|none|Query successful.
6:10:57|::1|karla/read_packages|adminadmin|none|Query successful.
6:10:57|::1|karla/read_packages|adminadmin|none|Query successful.
6:16:27|::1|karla/read_packages|adminadmin|none|Query successful.
6:16:27|::1|karla/read_packages|adminadmin|none|Query successful.
6:18:50|::1|karla/read_packages|adminadmin|none|Query successful.
6:18:50|::1|karla/read_packages|adminadmin|none|Query successful.
6:19:11|::1|karla/read_packages|adminadmin|none|Query successful.
6:19:12|::1|karla/read_packages|adminadmin|none|Query successful.
6:19:28|::1|karla/read_packages|adminadmin|none|Query successful.
6:19:28|::1|karla/read_packages|adminadmin|none|Query successful.
6:19:41|::1|karla/read_packages|adminadmin|none|Query successful.
6:19:41|::1|karla/read_packages|adminadmin|none|Query successful.
6:20:22|::1|karla/read_packages|adminadmin|none|Query successful.
6:20:23|::1|karla/read_packages|adminadmin|none|Query successful.
6:20:58|::1|karla/read_packages|adminadmin|none|Query successful.
6:20:58|::1|karla/read_packages|adminadmin|none|Query successful.
6:21:38|::1|karla/read_packages|adminadmin|none|Query successful.
6:21:38|::1|karla/read_packages|adminadmin|none|Query successful.
6:21:41|::1|karla/read_packages|adminadmin|none|Query successful.
6:21:41|::1|karla/read_packages|adminadmin|none|Query successful.
6:21:48|::1|karla/read_packages|adminadmin|none|Query successful.
6:21:48|::1|karla/read_packages|adminadmin|none|Query successful.
6:22:48|::1|karla/read_packages|adminadmin|none|Query successful.
6:22:48|::1|karla/read_packages|adminadmin|none|Query successful.
6:28:09|::1|karla/read_packages|adminadmin|none|Query successful.
6:28:09|::1|karla/read_packages|adminadmin|none|Query successful.
6:29:58|::1|karla/read_packages|adminadmin|none|Query successful.
6:29:58|::1|karla/read_packages|adminadmin|none|Query successful.
6:30:08|::1|karla/read_packages|adminadmin|none|Query successful.
6:30:08|::1|karla/read_packages|adminadmin|none|Query successful.
6:30:15|::1|karla/read_packages|adminadmin|none|Query successful.
6:30:15|::1|karla/read_packages|adminadmin|none|Query successful.
6:31:00|::1|karla/read_packages|adminadmin|none|Query successful.
6:31:00|::1|karla/read_packages|adminadmin|none|Query successful.
6:31:03|::1|karla/read_packages|adminadmin|none|Query successful.
6:31:03|::1|karla/read_packages|adminadmin|none|Query successful.
6:31:19|::1|karla/read_packages|adminadmin|none|Query successful.
6:31:19|::1|karla/read_packages|adminadmin|none|Query successful.
6:31:25|::1|karla/read_packages|adminadmin|none|Query successful.
6:31:25|::1|karla/read_packages|adminadmin|none|Query successful.
6:33:04|::1|karla/read_packages|adminadmin|none|Query successful.
6:33:04|::1|karla/read_packages|adminadmin|none|Query successful.
6:33:10|::1|karla/read_packages|adminadmin|none|Query successful.
6:33:10|::1|karla/read_packages|adminadmin|none|Query successful.
6:33:38|::1|karla/read_packages|adminadmin|none|Query successful.
6:33:38|::1|karla/read_packages|adminadmin|none|Query successful.
6:33:42|::1|karla/delete_package|adminadmin||Package '' does not exist.
6:33:53|::1|karla/read_packages|adminadmin|none|Query successful.
6:33:53|::1|karla/read_packages|adminadmin|none|Query successful.
6:34:18|::1|karla/read_packages|adminadmin|none|Query successful.
6:34:18|::1|karla/read_packages|adminadmin|none|Query successful.
6:35:49|::1|karla/read_packages|adminadmin|none|Query successful.
6:35:49|::1|karla/read_packages|adminadmin|none|Query successful.
6:36:08|::1|karla/read_packages|adminadmin|none|Query successful.
6:36:08|::1|karla/read_packages|adminadmin|none|Query successful.
6:40:56|::1|karla/read_packages|adminadmin|none|Query successful.
6:40:56|::1|karla/read_packages|adminadmin|none|Query successful.
6:42:05|::1|karla/create_package|adminadmin|Photo Booth Packages,ninz,5000|Query sucessful.
6:42:08|::1|karla/read_packages|adminadmin|none|Query successful.
6:42:08|::1|karla/read_packages|adminadmin|none|Query successful.
6:42:35|::1|karla/read_packages|adminadmin|none|Query successful.
6:42:35|::1|karla/read_packages|adminadmin|none|Query successful.
6:42:40|::1|karla/create_package|adminadmin|Photo and Video,asdf,12312 4214|Query sucessful.
6:42:49|::1|karla/read_packages|adminadmin|none|Query successful.
6:42:49|::1|karla/read_packages|adminadmin|none|Query successful.
6:47:10|::1|karla/read_packages|adminadmin|none|Query successful.
6:47:10|::1|karla/read_packages|adminadmin|none|Query successful.
6:47:15|::1|karla/create_package|adminadmin|Photo Booth Packages,raveb,asdf|Query successful.
6:51:29|::1|karla/read_packages|adminadmin|none|Query successful.
6:51:29|::1|karla/read_packages|adminadmin|none|Query successful.
6:51:38|::1|karla/create_package|adminadmin|Photo Booth Packages,ravengwapo,213|Query successful.
6:51:58|::1|karla/read_packages|adminadmin|none|Query successful.
6:51:58|::1|karla/read_packages|adminadmin|none|Query successful.
6:52:25|::1|karla/read_packages|adminadmin|none|Query successful.
6:52:25|::1|karla/read_packages|adminadmin|none|Query successful.
6:52:28|::1|karla/read_packages|adminadmin|none|Query successful.
6:52:28|::1|karla/read_packages|adminadmin|none|Query successful.
6:52:30|::1|karla/read_packages|adminadmin|none|Query successful.
6:52:30|::1|karla/read_packages|adminadmin|none|Query successful.
6:53:56|::1|karla/read_packages|adminadmin|none|Query successful.
6:53:56|::1|karla/read_packages|adminadmin|none|Query successful.
6:54:04|::1|karla/read_packages|adminadmin|none|Query successful.
6:54:04|::1|karla/read_packages|adminadmin|none|Query successful.
6:54:06|::1|karla/read_packages|adminadmin|none|Query successful.
6:54:06|::1|karla/read_packages|adminadmin|none|Query successful.
6:54:09|::1|karla/read_packages|adminadmin|none|Query successful.
6:54:09|::1|karla/read_packages|adminadmin|none|Query successful.
6:54:52|::1|karla/read_packages|adminadmin|none|Query successful.
6:54:52|::1|karla/read_packages|adminadmin|none|Query successful.
6:54:52|::1|karla/read_packages|adminadmin|none|Query successful.
6:54:52|::1|karla/read_packages|adminadmin|none|Query successful.
6:54:55|::1|karla/delete_package|adminadmin||Package successfully deleted.
6:56:46|::1|karla/read_packages|adminadmin|none|Query successful.
6:56:47|::1|karla/read_packages|adminadmin|none|Query successful.
6:56:50|::1|karla/delete_package|adminadmin||Package successfully deleted.
6:57:02|::1|karla/read_packages|adminadmin|none|Query successful.
6:57:02|::1|karla/read_packages|adminadmin|none|Query successful.
6:57:04|::1|karla/delete_package|adminadmin||Package successfully deleted.
6:57:06|::1|karla/read_packages|adminadmin|none|Query successful.
6:57:06|::1|karla/read_packages|adminadmin|none|Query successful.
6:57:14|::1|karla/create_package|adminadmin|Photo Booth Packages,asdf a,asdfasdf|Query successful.
6:57:43|::1|karla/read_packages|adminadmin|none|Query successful.
6:57:44|::1|karla/read_packages|adminadmin|none|Query successful.
7:00:20|::1|karla/read_packages|adminadmin|none|Query successful.
7:00:20|::1|karla/read_packages|adminadmin|none|Query successful.
7:00:51|::1|karla/read_packages|adminadmin|none|Query successful.
7:00:51|::1|karla/read_packages|adminadmin|none|Query successful.
7:05:00|::1|karla/read_packages|adminadmin|none|Query successful.
7:05:35|::1|karla/read_packages|anon|none|Query successful.
7:10:07|::1|karla/read_packages|tantan|none|Query successful.
7:11:15|::1|karla/read_packages|tantan|none|Query successful.
7:11:22|::1|karla/read_packages|tantan|none|Query successful.
7:11:31|::1|karla/read_packages|tantan|none|Query successful.
7:14:12|::1|karla/read_packages|tantan|none|Query successful.
7:14:30|::1|karla/read_packages|tantan|none|Query successful.
7:15:26|::1|karla/read_packages|tantan|none|Query successful.
7:16:56|::1|karla/read_packages|tantan|none|Query successful.
7:17:14|::1|karla/read_packages|tantan|none|Query successful.
7:17:35|::1|karla/read_packages|tantan|none|Query successful.
7:17:59|::1|karla/read_packages|tantan|none|Query successful.
7:20:51|::1|karla/read_packages|tantan|none|Query successful.
7:20:59|::1|karla/read_packages|tantan|none|Query successful.
7:21:21|::1|karla/read_packages|tantan|none|Query successful.
7:21:39|::1|karla/read_packages|tantan|none|Query successful.
7:22:38|::1|karla/read_packages|tantan|none|Query successful.
7:25:26|::1|karla/read_packages|tantan|none|Query successful.
7:26:10|::1|karla/read_packages|tantan|none|Query successful.
7:26:33|::1|karla/read_packages|tantan|none|Query successful.
7:26:52|::1|karla/read_packages|tantan|none|Query successful.
7:27:16|::1|karla/read_packages|tantan|none|Query successful.
7:27:53|::1|karla/read_packages|tantan|none|Query successful.
7:28:02|::1|karla/read_packages|tantan|none|Query successful.
7:32:21|::1|karla/read_packages|tantan|none|Query successful.
7:32:37|::1|karla/delete_package|tantan||Package does not exist.
7:33:00|::1|marian/make_reservation|tantan||Query sucessful.
7:34:31|::1|karla/read_packages|tantan|none|Query successful.
7:34:38|::1|marian/make_reservation|tantan||Query sucessful.
7:35:37|::1|karla/read_packages|anon|none|Query successful.
7:36:04|::1|karla/read_packages|anon|none|Query successful.
7:36:15|::1|karla/read_packages|anon|none|Query successful.
7:36:31|::1|karla/read_packages|anon|none|Query successful.
7:36:43|::1|karla/read_packages|anon|none|Query successful.
7:36:51|::1|karla/read_packages|anon|none|Query successful.
7:37:25|::1|karla/read_packages|anon|none|Query successful.
7:37:42|::1|karla/read_packages|anon|none|Query successful.
7:38:04|::1|karla/read_packages|anon|none|Query successful.
7:38:41|::1|karla/read_packages|anon|none|Query successful.
7:39:00|::1|karla/read_packages|anon|none|Query successful.
7:39:28|::1|karla/read_packages|anon|none|Query successful.
7:39:42|::1|karla/read_packages|anon|none|Query successful.
7:39:57|::1|karla/read_packages|anon|none|Query successful.
7:40:15|::1|karla/read_packages|anon|none|Query successful.
7:40:51|::1|karla/read_packages|anon|none|Query successful.
7:41:10|::1|karla/read_packages|anon|none|Query successful.
7:41:28|::1|karla/read_packages|anon|none|Query successful.
7:41:42|::1|karla/read_packages|anon|none|Query successful.
7:41:48|::1|karla/read_packages|anon|none|Query successful.
7:42:01|::1|karla/read_packages|anon|none|Query successful.
7:44:02|::1|karla/read_packages|anon|none|Query successful.
7:44:16|::1|marian/make_reservation|anon||Query sucessful.
7:44:17|::1|marian/make_reservation|anon||Query sucessful.
7:44:29|::1|marian/make_reservation|anon||Query sucessful.
7:45:11|::1|marian/make_reservation|anon||Query sucessful.
7:45:23|::1|marian/make_reservation|anon||Query sucessful.
7:49:15|::1|karla/read_packages|anon|none|Query successful.
7:49:33|::1|karla/read_packages|anon|none|Query successful.
7:50:31|::1|karla/read_packages|anon|none|Query successful.
7:51:19|::1|karla/read_packages|anon|none|Query successful.
7:51:49|::1|karla/read_packages|anon|none|Query successful.
7:52:11|::1|karla/read_packages|anon|none|Query successful.
7:52:36|::1|karla/read_packages|anon|none|Query successful.
8:01:44|::1|karla/read_packages|adminadmin|none|Query successful.
8:01:44|::1|jom/view_pending|adminadmin|none|Query successful.
8:01:44|::1|jom/view_pending|adminadmin|none|Query successful.
8:04:26|::1|karla/read_packages|adminadmin|none|Query successful.
8:04:26|::1|jom/view_pending|adminadmin|none|Query successful.
8:04:26|::1|jom/view_pending|adminadmin|none|Query successful.
8:04:42|::1|karla/read_packages|adminadmin|none|Query successful.
8:04:42|::1|jom/view_pending|adminadmin|none|Query successful.
8:04:42|::1|jom/view_pending|adminadmin|none|Query successful.
8:05:28|::1|karla/read_packages|adminadmin|none|Query successful.
8:05:28|::1|jom/view_pending|adminadmin|none|Query successful.
8:05:28|::1|jom/view_pending|adminadmin|none|Query successful.
8:47:49|::1|jom/view_pending|adminadmin|none|Query successful.
8:47:49|::1|jom/view_pending|adminadmin|none|Query successful.
8:47:49|::1|karla/read_packages|adminadmin|none|Query successful.
