11:16:29|::1|raven/count_reservations|admin|a:0:{}|Query successful.
11:16:29|::1|jom/get_all_pending|admin|a:0:{}|Query sucessful.
11:16:29|::1|jom/get_all_approve|admin|a:0:{}|Query successful.
11:16:29|::1|conrad/cal|admin|a:0:{}|Query successful.
11:16:29|::1|raven/get_packages|admin|a:0:{}|Query successful.
11:16:29|::1|raven/get_reservations|admin|a:0:{}|Query successful.
11:16:53|::1|karla/create_package|admin|a:2:{s:4:"name";s:31:"<script>alert('hoho');</script>";s:4:"cost";s:31:"<script>alert('hoho');</script>";}|Query successful.
11:17:07|::1|raven/count_reservations|admin|a:0:{}|Query successful.
11:17:07|::1|jom/get_all_pending|admin|a:0:{}|Query sucessful.
11:17:07|::1|jom/get_all_approve|admin|a:0:{}|Query successful.
11:17:07|::1|conrad/cal|admin|a:0:{}|Query successful.
11:17:07|::1|raven/get_packages|admin|a:0:{}|Query successful.
11:17:07|::1|raven/get_reservations|admin|a:0:{}|Query successful.
11:17:09|::1|raven/count_reservations|admin|a:0:{}|Query successful.
11:17:09|::1|jom/get_all_pending|admin|a:0:{}|Query sucessful.
11:17:09|::1|jom/get_all_approve|admin|a:0:{}|Query successful.
11:17:09|::1|conrad/cal|admin|a:0:{}|Query successful.
11:17:09|::1|raven/get_packages|admin|a:0:{}|Query successful.
11:17:09|::1|raven/get_reservations|admin|a:0:{}|Query successful.
11:17:18|::1|karla/create_package|admin|a:2:{s:4:"name";s:31:"<script>alert('hoha');</script>";s:4:"cost";s:31:"<script>alert('hoha');</script>";}|Query successful.
11:17:30|::1|raven/count_reservations|admin|a:0:{}|Query successful.
11:17:30|::1|jom/get_all_pending|admin|a:0:{}|Query sucessful.
11:17:30|::1|jom/get_all_approve|admin|a:0:{}|Query successful.
11:17:30|::1|conrad/cal|admin|a:0:{}|Query successful.
11:17:30|::1|raven/get_packages|admin|a:0:{}|Query successful.
11:17:30|::1|raven/get_reservations|admin|a:0:{}|Query successful.
11:17:34|::1|karla/create_package|admin|a:2:{s:4:"name";s:31:"<script>alert('hoha');</script>";s:4:"cost";s:31:"<script>alert('hoha');</script>";}|Query successful.
11:18:07|::1|raven/count_reservations|admin|a:0:{}|Query successful.
11:18:07|::1|jom/get_all_pending|admin|a:0:{}|Query sucessful.
11:18:07|::1|jom/get_all_approve|admin|a:0:{}|Query successful.
11:18:07|::1|conrad/cal|admin|a:0:{}|Query successful.
11:18:07|::1|raven/get_packages|admin|a:0:{}|Query successful.
11:18:07|::1|raven/get_reservations|admin|a:0:{}|Query successful.
11:18:18|::1|karla/create_package|admin|a:2:{s:4:"name";s:31:"<script>alert('hoha');</script>";s:4:"cost";s:31:"<script>alert('hoha');</script>";}|Query successful.
11:18:26|::1|karla/delete_package|admin|a:1:{s:2:"id";s:1:"7";}|Query sucessful.
11:18:27|::1|karla/delete_package|admin|a:1:{s:2:"id";s:1:"8";}|Query sucessful.
11:18:30|::1|karla/delete_package|admin|a:1:{s:2:"id";s:1:"9";}|Query sucessful.
11:18:32|::1|karla/delete_package|admin|a:1:{s:2:"id";s:2:"10";}|Query sucessful.
