4:30:05|::1|karla/read_packages|adminadmin|none|Query successful.
4:30:05|::1|jom/view_pending|adminadmin|none|Query successful.
4:30:05|::1|jom/check_for_conflict|adminadmin|none|Query successful.
4:30:05|::1|jom/find_similar|adminadmin|none|Query successful.
4:30:05|::1|jom/view_pending|adminadmin|none|Query successful.
4:30:05|::1|jom/check_for_conflict|adminadmin|none|Query successful.
4:30:05|::1|jom/find_similar|adminadmin|none|Query successful.
4:30:05|::1|jom/view_pending|adminadmin|none|Query successful.
4:30:05|::1|karla/view_summary|adminadmin|none|Query sucessful.
4:30:46|::1|karla/read_packages|adminadmin|none|Query successful.
4:30:46|::1|jom/view_pending|adminadmin|none|Query successful.
4:30:46|::1|jom/check_for_conflict|adminadmin|none|Query successful.
4:30:46|::1|jom/find_similar|adminadmin|none|Query successful.
4:30:46|::1|jom/view_pending|adminadmin|none|Query successful.
4:30:46|::1|jom/check_for_conflict|adminadmin|none|Query successful.
4:30:46|::1|jom/find_similar|adminadmin|none|Query successful.
4:30:46|::1|jom/view_pending|adminadmin|none|Query successful.
4:30:46|::1|karla/view_summary|adminadmin|none|Query sucessful.
4:33:32|::1|karla/read_packages|adminadmin|none|Query successful.
4:33:32|::1|jom/view_pending|adminadmin|none|Query successful.
4:33:32|::1|jom/check_for_conflict|adminadmin|none|Query successful.
4:33:32|::1|jom/find_similar|adminadmin|none|Query successful.
4:33:32|::1|jom/view_pending|adminadmin|none|Query successful.
4:33:32|::1|jom/check_for_conflict|adminadmin|none|Query successful.
4:33:32|::1|jom/find_similar|adminadmin|none|Query successful.
4:33:32|::1|jom/view_pending|adminadmin|none|Query successful.
4:33:32|::1|karla/view_summary|adminadmin|none|Query sucessful.
4:33:37|::1|karla/read_packages|adminadmin|none|Query successful.
4:33:37|::1|jom/view_pending|adminadmin|none|Query successful.
4:33:37|::1|jom/check_for_conflict|adminadmin|none|Query successful.
4:33:37|::1|jom/find_similar|adminadmin|none|Query successful.
4:33:37|::1|jom/view_pending|adminadmin|none|Query successful.
4:33:37|::1|jom/check_for_conflict|adminadmin|none|Query successful.
4:33:37|::1|jom/find_similar|adminadmin|none|Query successful.
4:33:37|::1|jom/view_pending|adminadmin|none|Query successful.
4:33:37|::1|karla/view_summary|adminadmin|none|Query sucessful.
4:33:47|::1|karla/read_packages|adminadmin|none|Query successful.
4:33:47|::1|jom/view_pending|adminadmin|none|Query successful.
4:33:47|::1|jom/check_for_conflict|adminadmin|none|Query successful.
4:33:47|::1|jom/find_similar|adminadmin|none|Query successful.
4:33:47|::1|jom/view_pending|adminadmin|none|Query successful.
4:33:47|::1|jom/check_for_conflict|adminadmin|none|Query successful.
4:33:47|::1|jom/find_similar|adminadmin|none|Query successful.
4:33:47|::1|jom/view_pending|adminadmin|none|Query successful.
4:33:47|::1|karla/view_summary|adminadmin|none|Query sucessful.
4:35:26|::1|karla/read_packages|adminadmin|none|Query successful.
4:35:26|::1|jom/view_pending|adminadmin|none|Query successful.
4:35:26|::1|jom/check_for_conflict|adminadmin|none|Query successful.
4:35:26|::1|jom/find_similar|adminadmin|none|Query successful.
4:35:26|::1|jom/view_pending|adminadmin|none|Query successful.
4:35:26|::1|jom/check_for_conflict|adminadmin|none|Query successful.
4:35:26|::1|jom/find_similar|adminadmin|none|Query successful.
4:35:26|::1|jom/view_pending|adminadmin|none|Query successful.
4:35:26|::1|karla/view_summary|adminadmin|none|Query sucessful.
4:35:49|::1|karla/read_packages|adminadmin|none|Query successful.
4:35:49|::1|jom/view_pending|adminadmin|none|Query successful.
4:35:49|::1|jom/check_for_conflict|adminadmin|none|Query successful.
4:35:49|::1|jom/find_similar|adminadmin|none|Query successful.
4:35:49|::1|jom/view_pending|adminadmin|none|Query successful.
4:35:49|::1|jom/check_for_conflict|adminadmin|none|Query successful.
4:35:49|::1|jom/find_similar|adminadmin|none|Query successful.
4:35:49|::1|jom/view_pending|adminadmin|none|Query successful.
4:35:49|::1|karla/view_summary|adminadmin|none|Query sucessful.
4:59:50|::1|karla/read_packages|adminadmin|none|Query successful.
4:59:50|::1|jom/view_pending|adminadmin|none|Query successful.
4:59:50|::1|jom/check_for_conflict|adminadmin|none|Query successful.
4:59:50|::1|jom/find_similar|adminadmin|none|Query successful.
4:59:50|::1|jom/view_pending|adminadmin|none|Query successful.
4:59:50|::1|jom/check_for_conflict|adminadmin|none|Query successful.
4:59:50|::1|jom/find_similar|adminadmin|none|Query successful.
4:59:50|::1|jom/view_pending|adminadmin|none|Query successful.
4:59:50|::1|karla/view_summary|adminadmin|none|Query sucessful.
4:59:54|::1|karla/read_packages|adminadmin|none|Query successful.
4:59:55|::1|jom/view_pending|adminadmin|none|Query successful.
4:59:55|::1|jom/check_for_conflict|adminadmin|none|Query successful.
4:59:55|::1|jom/find_similar|adminadmin|none|Query successful.
4:59:55|::1|jom/view_pending|adminadmin|none|Query successful.
4:59:55|::1|jom/check_for_conflict|adminadmin|none|Query successful.
4:59:55|::1|jom/find_similar|adminadmin|none|Query successful.
4:59:55|::1|jom/view_pending|adminadmin|none|Query successful.
4:59:55|::1|karla/view_summary|adminadmin|none|Query sucessful.
5:02:26|::1|karla/read_packages|adminadmin|none|Query successful.
5:02:26|::1|jom/view_pending|adminadmin|none|Query successful.
5:02:26|::1|jom/check_for_conflict|adminadmin|none|Query successful.
5:02:26|::1|jom/find_similar|adminadmin|none|Query successful.
5:02:26|::1|jom/view_pending|adminadmin|none|Query successful.
5:02:26|::1|jom/check_for_conflict|adminadmin|none|Query successful.
5:02:26|::1|jom/find_similar|adminadmin|none|Query successful.
5:02:26|::1|jom/view_pending|adminadmin|none|Query successful.
5:02:26|::1|karla/view_summary|adminadmin|none|Query sucessful.
5:02:53|::1|karla/read_packages|adminadmin|none|Query successful.
5:02:53|::1|jom/view_pending|adminadmin|none|Query successful.
5:02:53|::1|jom/check_for_conflict|adminadmin|none|Query successful.
5:02:53|::1|jom/find_similar|adminadmin|none|Query successful.
5:02:53|::1|jom/view_pending|adminadmin|none|Query successful.
5:02:53|::1|jom/check_for_conflict|adminadmin|none|Query successful.
5:02:53|::1|jom/find_similar|adminadmin|none|Query successful.
5:02:53|::1|jom/view_pending|adminadmin|none|Query successful.
5:02:53|::1|karla/view_summary|adminadmin|none|Query sucessful.
5:03:26|::1|karla/read_packages|adminadmin|none|Query successful.
5:03:26|::1|jom/view_pending|adminadmin|none|Query successful.
5:03:26|::1|jom/check_for_conflict|adminadmin|none|Query successful.
5:03:26|::1|jom/find_similar|adminadmin|none|Query successful.
5:03:26|::1|jom/view_pending|adminadmin|none|Query successful.
5:03:26|::1|jom/check_for_conflict|adminadmin|none|Query successful.
5:03:26|::1|jom/find_similar|adminadmin|none|Query successful.
5:03:26|::1|jom/view_pending|adminadmin|none|Query successful.
5:03:26|::1|karla/view_summary|adminadmin|none|Query sucessful.
5:11:11|::1|karla/read_packages|adminadmin|none|Query successful.
5:11:11|::1|jom/view_pending|adminadmin|none|Query successful.
5:11:11|::1|jom/check_for_conflict|adminadmin|none|Query successful.
5:11:11|::1|jom/find_similar|adminadmin|none|Query successful.
5:11:11|::1|jom/view_pending|adminadmin|none|Query successful.
5:11:11|::1|jom/check_for_conflict|adminadmin|none|Query successful.
5:11:11|::1|jom/find_similar|adminadmin|none|Query successful.
5:11:11|::1|jom/view_pending|adminadmin|none|Query successful.
5:11:11|::1|karla/view_summary|adminadmin|none|Query sucessful.
5:11:13|::1|karla/read_packages|adminadmin|none|Query successful.
5:11:14|::1|karla/read_packages|adminadmin|none|Query successful.
5:11:37|::1|karla/read_packages|anon|none|Query successful.
5:11:40|::1|karla/read_packages|anon|none|Query successful.
5:25:36|::1|karla/read_packages|anon|none|Query successful.
6:30:35|::1|jom/view_pending|ravenjohn|none|Query successful.
6:30:35|::1|jom/check_for_conflict|ravenjohn|none|Query successful.
6:30:35|::1|jom/find_similar|ravenjohn|none|Query successful.
6:30:35|::1|jom/view_pending|ravenjohn|none|Query successful.
6:30:35|::1|karla/view_summary|ravenjohn|none|Query sucessful.
6:30:40|::1|karla/read_packages|ravenjohn|none|Query successful.
6:30:59|::1|jom/view_pending|ravenjohn|none|Query successful.
6:30:59|::1|jom/check_for_conflict|ravenjohn|none|Query successful.
6:30:59|::1|jom/find_similar|ravenjohn|none|Query successful.
6:30:59|::1|jom/view_pending|ravenjohn|none|Query successful.
6:30:59|::1|karla/view_summary|ravenjohn|none|Query sucessful.
6:33:12|::1|jom/view_pending|ravenjohn|none|Query successful.
6:33:12|::1|jom/check_for_conflict|ravenjohn|none|Query successful.
6:33:12|::1|jom/find_similar|ravenjohn|none|Query successful.
6:33:12|::1|jom/view_pending|ravenjohn|none|Query successful.
6:33:12|::1|karla/view_summary|ravenjohn|none|Query sucessful.
6:34:08|::1|jom/view_pending|ravenjohn|none|Query successful.
6:34:09|::1|jom/check_for_conflict|ravenjohn|none|Query successful.
6:34:09|::1|jom/find_similar|ravenjohn|none|Query successful.
6:34:09|::1|jom/view_pending|ravenjohn|none|Query successful.
6:34:09|::1|karla/view_summary|ravenjohn|none|Query sucessful.
6:34:20|::1|jom/view_pending|ravenjohn|none|Query successful.
6:34:20|::1|jom/check_for_conflict|ravenjohn|none|Query successful.
6:34:20|::1|jom/find_similar|ravenjohn|none|Query successful.
6:34:20|::1|jom/view_pending|ravenjohn|none|Query successful.
6:34:20|::1|karla/view_summary|ravenjohn|none|Query sucessful.
6:44:05|::1|jom/view_pending|ravenjohn|none|Query successful.
6:44:05|::1|jom/check_for_conflict|ravenjohn|none|Query successful.
6:44:05|::1|jom/find_similar|ravenjohn|none|Query successful.
6:44:05|::1|jom/view_pending|ravenjohn|none|Query successful.
6:44:05|::1|karla/view_summary|ravenjohn|none|Query sucessful.
6:44:08|::1|jom/view_pending|ravenjohn|none|Query successful.
6:44:08|::1|jom/check_for_conflict|ravenjohn|none|Query successful.
6:44:08|::1|jom/find_similar|ravenjohn|none|Query successful.
6:44:08|::1|jom/view_pending|ravenjohn|none|Query successful.
6:44:08|::1|karla/view_summary|ravenjohn|none|Query sucessful.
6:44:10|::1|jom/view_pending|ravenjohn|none|Query successful.
6:44:10|::1|jom/check_for_conflict|ravenjohn|none|Query successful.
6:44:10|::1|jom/find_similar|ravenjohn|none|Query successful.
6:44:10|::1|jom/view_pending|ravenjohn|none|Query successful.
6:44:10|::1|karla/view_summary|ravenjohn|none|Query sucessful.
6:44:11|::1|jom/view_pending|ravenjohn|none|Query successful.
6:44:11|::1|jom/check_for_conflict|ravenjohn|none|Query successful.
6:44:11|::1|jom/find_similar|ravenjohn|none|Query successful.
6:44:11|::1|jom/view_pending|ravenjohn|none|Query successful.
6:44:11|::1|karla/view_summary|ravenjohn|none|Query sucessful.
6:44:11|::1|jom/view_pending|ravenjohn|none|Query successful.
6:44:11|::1|jom/check_for_conflict|ravenjohn|none|Query successful.
6:44:11|::1|jom/find_similar|ravenjohn|none|Query successful.
6:44:11|::1|jom/view_pending|ravenjohn|none|Query successful.
6:44:11|::1|karla/view_summary|ravenjohn|none|Query sucessful.
6:44:11|::1|jom/view_pending|ravenjohn|none|Query successful.
6:44:11|::1|jom/check_for_conflict|ravenjohn|none|Query successful.
6:44:11|::1|jom/find_similar|ravenjohn|none|Query successful.
6:44:11|::1|jom/view_pending|ravenjohn|none|Query successful.
6:44:11|::1|karla/view_summary|ravenjohn|none|Query sucessful.
6:47:51|::1|raven/count_reservations|ravenjohn|none|Query successful.
6:47:51|::1|jom/view_pending|ravenjohn|none|Query successful.
6:47:51|::1|jom/check_for_conflict|ravenjohn|none|Query successful.
6:47:51|::1|jom/find_similar|ravenjohn|none|Query successful.
6:47:51|::1|jom/view_pending|ravenjohn|none|Query successful.
6:47:51|::1|karla/view_summary|ravenjohn|none|Query sucessful.
6:48:23|::1|raven/count_reservations|ravenjohn|none|Query successful.
6:48:23|::1|jom/view_pending|ravenjohn|none|Query successful.
6:48:23|::1|jom/check_for_conflict|ravenjohn|none|Query successful.
6:48:23|::1|jom/find_similar|ravenjohn|none|Query successful.
6:48:23|::1|jom/view_pending|ravenjohn|none|Query successful.
6:48:23|::1|karla/view_summary|ravenjohn|none|Query sucessful.
6:48:37|::1|raven/count_reservations|ravenjohn|none|Query successful.
6:48:37|::1|jom/view_pending|ravenjohn|none|Query successful.
6:48:37|::1|jom/check_for_conflict|ravenjohn|none|Query successful.
6:48:37|::1|jom/find_similar|ravenjohn|none|Query successful.
6:48:37|::1|jom/view_pending|ravenjohn|none|Query successful.
6:48:37|::1|karla/view_summary|ravenjohn|none|Query sucessful.
6:48:50|::1|raven/count_reservations|ravenjohn|none|Query successful.
6:48:50|::1|jom/view_pending|ravenjohn|none|Query successful.
6:48:50|::1|jom/check_for_conflict|ravenjohn|none|Query successful.
6:48:50|::1|jom/find_similar|ravenjohn|none|Query successful.
6:48:50|::1|jom/view_pending|ravenjohn|none|Query successful.
6:48:50|::1|karla/view_summary|ravenjohn|none|Query sucessful.
6:48:55|::1|raven/count_reservations|ravenjohn|none|Query successful.
6:48:55|::1|jom/view_pending|ravenjohn|none|Query successful.
6:48:55|::1|jom/check_for_conflict|ravenjohn|none|Query successful.
6:48:55|::1|jom/find_similar|ravenjohn|none|Query successful.
6:48:55|::1|jom/view_pending|ravenjohn|none|Query successful.
6:48:55|::1|karla/view_summary|ravenjohn|none|Query sucessful.
6:49:42|::1|karla/read_packages|ravenjohn|none|Query successful.
6:51:00|::1|karla/read_packages|ravenjohn|none|Query successful.
6:51:01|::1|karla/read_packages|ravenjohn|none|Query successful.
6:51:01|::1|karla/read_packages|ravenjohn|none|Query successful.
6:51:02|::1|karla/read_packages|ravenjohn|none|Query successful.
6:51:02|::1|karla/read_packages|ravenjohn|none|Query successful.
6:51:02|::1|karla/read_packages|ravenjohn|none|Query successful.
6:51:02|::1|karla/read_packages|ravenjohn|none|Query successful.
6:51:02|::1|karla/read_packages|ravenjohn|none|Query successful.
6:51:02|::1|karla/read_packages|ravenjohn|none|Query successful.
6:51:43|::1|karla/read_packages|ravenjohn|none|Query successful.
6:52:43|::1|karla/read_packages|ravenjohn|none|Query successful.
6:52:44|::1|karla/read_packages|ravenjohn|none|Query successful.
6:52:45|::1|karla/read_packages|ravenjohn|none|Query successful.
6:53:27|::1|karla/read_packages|ravenjohn|none|Query successful.
6:53:28|::1|karla/read_packages|ravenjohn|none|Query successful.
6:53:28|::1|karla/read_packages|ravenjohn|none|Query successful.
6:53:28|::1|karla/read_packages|ravenjohn|none|Query successful.
6:53:28|::1|karla/read_packages|ravenjohn|none|Query successful.
6:54:58|::1|karla/read_packages|ravenjohn|none|Query successful.
6:55:25|::1|karla/read_packages|ravenjohn|none|Query successful.
6:55:45|::1|karla/read_packages|ravenjohn|none|Query successful.
6:55:45|::1|karla/read_packages|ravenjohn|none|Query successful.
6:55:46|::1|karla/read_packages|ravenjohn|none|Query successful.
6:55:53|::1|karla/read_packages|ravenjohn|none|Query successful.
6:55:54|::1|karla/read_packages|ravenjohn|none|Query successful.
6:56:12|::1|karla/read_packages|ravenjohn|none|Query successful.
6:57:13|::1|karla/read_packages|ravenjohn|none|Query successful.
6:57:14|::1|karla/read_packages|ravenjohn|none|Query successful.
6:57:14|::1|karla/read_packages|ravenjohn|none|Query successful.
6:57:14|::1|karla/read_packages|ravenjohn|none|Query successful.
6:57:19|::1|karla/read_packages|ravenjohn|none|Query successful.
6:57:20|::1|karla/read_packages|ravenjohn|none|Query successful.
6:58:10|::1|karla/read_packages|ravenjohn|none|Query successful.
6:59:48|::1|karla/read_packages|ravenjohn|none|Query successful.
6:59:48|::1|karla/read_packages|ravenjohn|none|Query successful.
6:59:48|::1|karla/read_packages|ravenjohn|none|Query successful.
6:59:49|::1|karla/read_packages|ravenjohn|none|Query successful.
7:00:48|::1|karla/read_packages|ravenjohn|none|Query successful.
7:00:49|::1|karla/read_packages|ravenjohn|none|Query successful.
7:00:50|::1|karla/read_packages|ravenjohn|none|Query successful.
7:00:50|::1|karla/read_packages|ravenjohn|none|Query successful.
7:00:50|::1|karla/read_packages|ravenjohn|none|Query successful.
7:01:01|::1|karla/read_packages|ravenjohn|none|Query successful.
7:01:24|::1|karla/read_packages|ravenjohn|none|Query successful.
7:01:44|::1|karla/read_packages|ravenjohn|none|Query successful.
7:01:46|::1|karla/read_packages|ravenjohn|none|Query successful.
7:02:16|::1|karla/read_packages|ravenjohn|none|Query successful.
7:02:18|::1|karla/read_packages|ravenjohn|none|Query successful.
7:02:18|::1|karla/read_packages|ravenjohn|none|Query successful.
7:02:18|::1|karla/read_packages|ravenjohn|none|Query successful.
7:02:18|::1|karla/read_packages|ravenjohn|none|Query successful.
7:02:50|::1|karla/read_packages|ravenjohn|none|Query successful.
7:03:26|::1|karla/read_packages|ravenjohn|none|Query successful.
7:03:39|::1|karla/read_packages|ravenjohn|none|Query successful.
7:04:05|::1|karla/read_packages|ravenjohn|none|Query successful.
7:04:07|::1|karla/read_packages|ravenjohn|none|Query successful.
7:04:14|::1|karla/read_packages|ravenjohn|none|Query successful.
7:04:14|::1|karla/read_packages|ravenjohn|none|Query successful.
7:07:33|::1|karla/read_packages|ravenjohn|none|Query successful.
7:08:10|::1|karla/read_packages|ravenjohn|none|Query successful.
7:08:54|::1|karla/read_packages|ravenjohn|none|Query successful.
7:09:17|::1|karla/read_packages|ravenjohn|none|Query successful.
7:09:18|::1|karla/read_packages|ravenjohn|none|Query successful.
7:09:48|::1|karla/read_packages|ravenjohn|none|Query successful.
7:09:56|::1|karla/read_packages|ravenjohn|none|Query successful.
7:10:16|::1|karla/read_packages|ravenjohn|none|Query successful.
7:10:28|::1|karla/read_packages|ravenjohn|none|Query successful.
7:10:49|::1|karla/read_packages|ravenjohn|none|Query successful.
7:11:03|::1|karla/read_packages|ravenjohn|none|Query successful.
7:11:18|::1|karla/read_packages|ravenjohn|none|Query successful.
7:11:20|::1|karla/read_packages|ravenjohn|none|Query successful.
7:11:30|::1|karla/read_packages|ravenjohn|none|Query successful.
7:11:31|::1|karla/read_packages|ravenjohn|none|Query successful.
7:11:31|::1|karla/read_packages|ravenjohn|none|Query successful.
7:11:56|::1|karla/read_packages|ravenjohn|none|Query successful.
7:12:10|::1|karla/read_packages|ravenjohn|none|Query successful.
7:12:10|::1|karla/read_packages|ravenjohn|none|Query successful.
7:12:11|::1|karla/read_packages|ravenjohn|none|Query successful.
7:12:11|::1|karla/read_packages|ravenjohn|none|Query successful.
7:12:11|::1|karla/read_packages|ravenjohn|none|Query successful.
7:12:11|::1|karla/read_packages|ravenjohn|none|Query successful.
7:13:28|::1|karla/read_packages|ravenjohn|none|Query successful.
7:13:29|::1|karla/read_packages|ravenjohn|none|Query successful.
7:14:34|::1|karla/read_packages|ravenjohn|none|Query successful.
7:14:35|::1|karla/read_packages|ravenjohn|none|Query successful.
7:14:40|::1|karla/read_packages|ravenjohn|none|Query successful.
7:14:40|::1|karla/read_packages|ravenjohn|none|Query successful.
7:14:41|::1|karla/read_packages|ravenjohn|none|Query successful.
7:14:52|::1|karla/read_packages|ravenjohn|none|Query successful.
7:14:53|::1|karla/read_packages|ravenjohn|none|Query successful.
7:14:53|::1|karla/read_packages|ravenjohn|none|Query successful.
7:14:53|::1|karla/read_packages|ravenjohn|none|Query successful.
7:15:02|::1|karla/read_packages|ravenjohn|none|Query successful.
7:15:02|::1|karla/read_packages|ravenjohn|none|Query successful.
7:15:03|::1|karla/read_packages|ravenjohn|none|Query successful.
7:15:03|::1|karla/read_packages|ravenjohn|none|Query successful.
7:15:03|::1|karla/read_packages|ravenjohn|none|Query successful.
7:15:37|::1|karla/read_packages|ravenjohn|none|Query successful.
7:15:38|::1|karla/read_packages|ravenjohn|none|Query successful.
7:15:38|::1|karla/read_packages|ravenjohn|none|Query successful.
7:15:38|::1|karla/read_packages|ravenjohn|none|Query successful.
7:15:38|::1|karla/read_packages|ravenjohn|none|Query successful.
7:16:02|::1|karla/read_packages|ravenjohn|none|Query successful.
7:16:11|::1|karla/read_packages|ravenjohn|none|Query successful.
7:16:20|::1|karla/read_packages|ravenjohn|none|Query successful.
7:16:21|::1|karla/read_packages|ravenjohn|none|Query successful.
7:16:46|::1|karla/read_packages|ravenjohn|none|Query successful.
7:16:47|::1|karla/read_packages|ravenjohn|none|Query successful.
7:17:03|::1|karla/read_packages|ravenjohn|none|Query successful.
7:17:41|::1|karla/read_packages|ravenjohn|none|Query successful.
7:18:24|::1|karla/read_packages|ravenjohn|none|Query successful.
7:18:53|::1|karla/read_packages|ravenjohn|none|Query successful.
7:18:57|::1|karla/read_packages|ravenjohn|none|Query successful.
7:18:58|::1|karla/read_packages|ravenjohn|none|Query successful.
7:19:24|::1|karla/read_packages|ravenjohn|none|Query successful.
7:19:46|::1|karla/read_packages|ravenjohn|none|Query successful.
7:21:53|::1|karla/read_packages|ravenjohn|none|Query successful.
7:21:58|::1|karla/read_packages|ravenjohn|none|Query successful.
7:22:25|::1|karla/read_packages|ravenjohn|none|Query successful.
7:22:28|::1|raven/count_reservations|ravenjohn|none|Query successful.
7:22:28|::1|jom/view_pending|ravenjohn|none|Query sucessful.
7:22:28|::1|jom/check_for_conflict|ravenjohn|none|No conflicts.
7:22:28|::1|jom/find_similar|ravenjohn|none| 
7:22:28|::1|jom/view_pending|ravenjohn|none|Query sucessful.
7:22:28|::1|karla/view_summary|ravenjohn|none|Query sucessful.
7:22:56|::1|raven/count_reservations|ravenjohn|none|Query successful.
7:22:56|::1|jom/view_pending|ravenjohn|none|Query sucessful.
7:22:56|::1|jom/check_for_conflict|ravenjohn|none|No conflicts.
7:22:56|::1|jom/find_similar|ravenjohn|none| 
7:22:56|::1|jom/view_pending|ravenjohn|none|Query sucessful.
7:22:56|::1|karla/view_summary|ravenjohn|none|Query sucessful.
7:23:53|::1|raven/count_reservations|ravenjohn|none|Query successful.
7:24:02|::1|raven/count_reservations|ravenjohn|none|Query successful.
7:24:02|::1|jom/view_pending|ravenjohn|none|Query sucessful.
7:24:02|::1|jom/check_for_conflict|ravenjohn|none|No conflicts.
7:24:02|::1|jom/find_similar|ravenjohn|none| 
7:24:02|::1|jom/view_pending|ravenjohn|none|Query sucessful.
7:24:02|::1|karla/view_summary|ravenjohn|none|Query sucessful.
7:24:20|::1|raven/count_reservations|ravenjohn|none|Query successful.
7:24:20|::1|jom/view_pending|ravenjohn|none|Query sucessful.
7:24:20|::1|jom/check_for_conflict|ravenjohn|none|No conflicts.
7:24:20|::1|jom/find_similar|ravenjohn|none| 
7:24:20|::1|jom/view_pending|ravenjohn|none|Query sucessful.
7:24:20|::1|karla/view_summary|ravenjohn|none|Query sucessful.
7:25:44|::1|raven/count_reservations|ravenjohn|none|Query successful.
7:25:44|::1|jom/view_pending|ravenjohn|none|Query sucessful.
7:25:44|::1|jom/check_for_conflict|ravenjohn|none|No conflicts.
7:25:44|::1|jom/find_similar|ravenjohn|none| 
7:25:44|::1|jom/view_pending|ravenjohn|none|Query sucessful.
7:26:19|::1|raven/count_reservations|ravenjohn|none|Query successful.
7:26:19|::1|jom/view_pending|ravenjohn|none|Query sucessful.
7:26:19|::1|jom/check_for_conflict|ravenjohn|none|No conflicts.
7:26:19|::1|jom/find_similar|ravenjohn|none| 
7:26:19|::1|jom/view_pending|ravenjohn|none|Query sucessful.
7:26:27|::1|raven/count_reservations|ravenjohn|none|Query successful.
7:26:27|::1|jom/view_pending|ravenjohn|none|Query sucessful.
7:26:27|::1|jom/check_for_conflict|ravenjohn|none|No conflicts.
7:26:27|::1|jom/find_similar|ravenjohn|none| 
7:26:27|::1|jom/view_pending|ravenjohn|none|Query sucessful.
7:26:35|::1|karla/read_packages|ravenjohn|none|Query successful.
7:26:38|::1|raven/count_reservations|ravenjohn|none|Query successful.
7:26:38|::1|jom/view_pending|ravenjohn|none|Query sucessful.
7:26:38|::1|jom/check_for_conflict|ravenjohn|none|No conflicts.
7:26:38|::1|jom/find_similar|ravenjohn|none| 
7:26:38|::1|jom/view_pending|ravenjohn|none|Query sucessful.
7:26:40|::1|karla/read_packages|ravenjohn|none|Query successful.
