4:03:33|::1|raven/get_all_feedbacks|anon|none|Query successful.
4:03:37|::1|karla/read_packages|anon|none|Query successful.
4:03:37|::1|karla/read_packages|anon|none|Query successful.
4:03:39|::1|karla/read_packages|anon|none|Query successful.
4:03:40|::1|raven/get_all_feedbacks|anon|none|Query successful.
4:03:41|::1|karla/read_packages|anon|none|Query successful.
4:17:53|::1|karla/read_packages|anon|none|Query successful.
4:18:02|::1|raven/get_all_feedbacks|anon|none|Query successful.
4:18:07|::1|raven/get_all_feedbacks|anon|none|Query successful.
4:22:27|::1|karla/read_packages|anon|none|Query successful.
4:27:49|::1|karla/read_packages|anon|none|Query successful.
4:27:54|::1|karla/read_packages|anon|none|Query successful.
4:28:09|::1|karla/read_packages|anon|none|Query successful.
4:28:13|::1|karla/read_packages|anon|none|Query successful.
4:28:17|::1|karla/read_packages|anon|none|Query successful.
4:28:46|::1|karla/read_packages|anon|none|Query successful.
4:29:19|::1|karla/read_packages|anon|none|Query successful.
4:31:12|::1|karla/read_packages|anon|none|Query successful.
4:34:22|::1|karla/read_packages|anon|none|Query successful.
4:34:28|::1|karla/read_packages|anon|none|Query successful.
4:34:47|::1|karla/read_packages|anon|none|Query successful.
4:39:39|::1|karla/read_packages|anon|none|Query successful.
4:40:22|::1|karla/read_packages|anon|none|Query successful.
4:40:32|::1|karla/read_packages|anon|none|Query successful.
4:40:47|::1|karla/read_packages|anon|none|Query successful.
4:41:56|::1|karla/read_packages|anon|none|Query successful.
4:42:21|::1|karla/read_packages|anon|none|Query successful.
4:46:00|::1|karla/read_packages|anon|none|Query successful.
4:47:16|::1|karla/read_packages|anon|none|Query successful.
5:03:02|::1|karla/read_packages|anon|none|Query successful.
5:08:42|::1|karla/read_packages|anon|none|Query successful.
5:11:16|::1|karla/read_packages|anon|none|Query successful.
5:28:02|::1|karla/read_packages|anon|none|Query successful.
5:29:16|::1|karla/read_packages|anon|none|Query successful.
5:29:22|::1|karla/read_packages|anon|none|Query successful.
5:29:34|::1|karla/read_packages|anon|none|Query successful.
5:31:09|::1|karla/read_packages|anon|none|Query successful.
5:32:29|::1|karla/read_packages|anon|none|Query successful.
5:33:30|::1|karla/read_packages|anon|none|Query successful.
5:34:36|::1|karla/read_packages|anon|none|Query successful.
5:38:43|::1|karla/read_packages|anon|none|Query successful.
5:38:45|::1|raven/get_all_feedbacks|anon|none|Query successful.
5:42:19|::1|raven/get_all_feedbacks|anon|none|Query successful.
5:42:20|::1|karla/read_packages|anon|none|Query successful.
6:03:54|::1|karla/read_packages|anon|none|Query successful.
6:03:55|::1|raven/get_all_feedbacks|anon|none|Query successful.
6:03:56|::1|karla/read_packages|anon|none|Query successful.
6:07:45|192.168.1.36|raven/get_all_feedbacks|anon|none|Query successful.
6:07:46|192.168.1.36|karla/read_packages|anon|none|Query successful.
6:07:47|192.168.1.36|raven/get_all_feedbacks|anon|none|Query successful.
6:07:50|192.168.1.36|karla/read_packages|anon|none|Query successful.
6:08:34|192.168.1.36|karla/read_packages|anon|none|Query successful.
7:14:10|::1|raven/get_all_feedbacks|anon|none|Query successful.
7:14:12|::1|karla/read_packages|anon|none|Query successful.
7:15:07|::1|send_email|<rjlagrimas08@gmail.com>|1.0,text/html; charset=ISO-8859-1,quoted-printable,Codewars 2013 <codewars2013@gmail.com>,<rjlagrimas08@gmail.com>,Welcome to Garcia's Photo and Video|Successful
7:15:15|::1|raven/count_reservations|anon|none|Query successful.
7:16:48|::1|raven/count_reservations|anon|none|Query successful.
7:16:48|::1|raven/get_reservations|anon|none|Query sucessful.
7:16:49|::1|karla/read_packages|anon|none|Query successful.
7:17:46|::1|marian/make_reservation|anon|1,My 20th Birthday,Code Magnus HQ,gusto ko limited lang sa 20 pictures..,2014-02-08,6,AM,2014-02-09,12,AM|Query sucessful.
7:17:52|::1|raven/count_reservations|anon|none|Query successful.
7:17:52|::1|raven/get_reservations|anon|none|Query successful.
7:18:15|::1|raven/count_reservations|anon|none|Query successful.
7:18:15|::1|raven/get_reservations|anon|none|Query successful.
7:20:14|::1|raven/count_reservations|anon|none|Query successful.
7:20:14|::1|raven/get_reservations|anon|none|Query successful.
7:20:37|::1|raven/count_reservations|anon|none|Query successful.
7:20:37|::1|raven/get_reservations|anon|none|Query successful.
7:20:38|::1|raven/count_reservations|anon|none|Query successful.
7:20:38|::1|raven/get_reservations|anon|none|Query successful.
7:20:59|::1|raven/count_reservations|anon|none|Query successful.
7:20:59|::1|raven/get_reservations|anon|none|Query successful.
7:26:20|::1|raven/count_reservations|anon|none|Query successful.
7:26:20|::1|raven/get_reservations|anon|none|Query successful.
7:27:59|::1|raven/count_reservations|anon|none|Query successful.
7:27:59|::1|raven/get_reservations|anon|none|Query successful.
7:28:01|::1|raven/count_reservations|anon|none|Query successful.
7:28:01|::1|raven/get_reservations|anon|none|Query successful.
7:28:14|::1|raven/count_reservations|anon|none|Query successful.
7:28:14|::1|raven/get_reservations|anon|none|Query successful.
7:28:26|::1|raven/count_reservations|anon|none|Query successful.
7:28:26|::1|raven/get_reservations|anon|none|Query successful.
7:28:43|::1|raven/count_reservations|anon|none|Query successful.
7:28:43|::1|raven/get_reservations|anon|none|Query successful.
7:29:02|::1|raven/count_reservations|anon|none|Query successful.
7:29:02|::1|raven/get_reservations|anon|none|Query successful.
7:29:28|::1|raven/count_reservations|anon|none|Query successful.
7:29:28|::1|raven/get_reservations|anon|none|Query successful.
7:29:40|::1|raven/count_reservations|anon|none|Query successful.
7:29:40|::1|raven/get_reservations|anon|none|Query successful.
7:29:48|::1|karla/read_packages|anon|none|Query successful.
7:30:04|::1|raven/count_reservations|anon|none|Query successful.
7:30:04|::1|raven/get_reservations|anon|none|Query successful.
7:30:06|::1|karla/read_packages|anon|none|Query successful.
7:36:49|::1|raven/count_reservations|anon|none|Query successful.
7:36:49|::1|raven/get_reservations|anon|none|Query successful.
7:38:37|::1|raven/count_reservations|anon|none|Query successful.
7:38:37|::1|raven/get_reservations|anon|none|Query successful.
7:41:09|::1|raven/count_reservations|anon|none|Query successful.
7:41:09|::1|raven/get_reservations|anon|none|Query successful.
7:42:03|::1|raven/count_reservations|anon|none|Query successful.
7:42:03|::1|raven/get_reservations|anon|none|Query successful.
7:42:26|::1|raven/count_reservations|anon|none|Query successful.
7:42:26|::1|raven/get_reservations|anon|none|Query successful.
7:43:05|::1|raven/count_reservations|anon|none|Query successful.
7:43:05|::1|raven/get_reservations|anon|none|Query successful.
7:43:44|::1|raven/count_reservations|anon|none|Query successful.
7:43:44|::1|raven/get_reservations|anon|none|Query successful.
7:43:45|::1|raven/count_reservations|anon|none|Query successful.
7:43:45|::1|raven/get_reservations|anon|none|Query successful.
7:43:58|::1|raven/count_reservations|anon|none|Query successful.
7:43:58|::1|raven/get_reservations|anon|none|Query successful.
7:44:00|::1|raven/count_reservations|anon|none|Query successful.
7:44:00|::1|raven/get_reservations|anon|none|Query successful.
7:44:10|::1|raven/count_reservations|anon|none|Query successful.
7:44:10|::1|raven/get_reservations|anon|none|Query successful.
7:44:44|::1|raven/count_reservations|anon|none|Query successful.
7:44:44|::1|raven/get_reservations|anon|none|Query successful.
7:45:08|::1|raven/count_reservations|anon|none|Query successful.
7:45:08|::1|raven/get_reservations|anon|none|Query successful.
7:45:19|::1|raven/count_reservations|anon|none|Query successful.
7:45:19|::1|raven/get_reservations|anon|none|Query successful.
7:45:38|::1|raven/count_reservations|anon|none|Query successful.
7:45:38|::1|raven/get_reservations|anon|none|Query successful.
7:46:55|::1|raven/count_reservations|anon|none|Query successful.
7:46:55|::1|raven/get_reservations|anon|none|Query successful.
7:47:07|::1|raven/count_reservations|anon|none|Query successful.
7:47:07|::1|raven/get_reservations|anon|none|Query successful.
7:47:28|::1|raven/count_reservations|anon|none|Query successful.
7:47:28|::1|raven/get_reservations|anon|none|Query successful.
7:47:40|::1|raven/count_reservations|anon|none|Query successful.
7:47:40|::1|raven/get_reservations|anon|none|Query successful.
7:47:46|::1|raven/count_reservations|anon|none|Query successful.
7:47:46|::1|raven/get_reservations|anon|none|Query successful.
7:49:11|::1|raven/count_reservations|anon|none|Query successful.
7:49:11|::1|raven/get_reservations|anon|none|Query successful.
7:49:19|::1|raven/count_reservations|anon|none|Query successful.
7:49:19|::1|raven/get_reservations|anon|none|Query successful.
7:51:29|::1|raven/count_reservations|anon|none|Query successful.
7:51:29|::1|raven/get_reservations|anon|none|Query successful.
7:51:37|::1|raven/count_reservations|anon|none|Query successful.
7:51:37|::1|raven/get_reservations|anon|none|Query successful.
7:52:24|::1|raven/count_reservations|anon|none|Query successful.
7:52:24|::1|raven/get_reservations|anon|none|Query successful.
7:52:43|::1|raven/count_reservations|anon|none|Query successful.
7:52:43|::1|raven/get_reservations|anon|none|Query successful.
7:52:51|::1|raven/count_reservations|anon|none|Query successful.
7:52:51|::1|raven/get_reservations|anon|none|Query successful.
7:52:52|::1|raven/count_reservations|anon|none|Query successful.
7:52:52|::1|raven/get_reservations|anon|none|Query successful.
7:52:52|::1|raven/count_reservations|anon|none|Query successful.
7:52:52|::1|raven/get_reservations|anon|none|Query successful.
7:53:08|::1|raven/count_reservations|anon|none|Query successful.
7:53:08|::1|raven/get_reservations|anon|none|Query successful.
7:53:12|::1|raven/count_reservations|anon|none|Query successful.
7:53:12|::1|raven/get_reservations|anon|none|Query successful.
7:53:13|::1|raven/count_reservations|anon|none|Query successful.
7:53:13|::1|raven/get_reservations|anon|none|Query successful.
7:53:22|::1|raven/count_reservations|anon|none|Query successful.
7:53:22|::1|raven/get_reservations|anon|none|Query successful.
7:53:23|::1|raven/count_reservations|anon|none|Query successful.
7:53:23|::1|raven/get_reservations|anon|none|Query successful.
7:53:25|::1|raven/count_reservations|anon|none|Query successful.
7:53:25|::1|raven/get_reservations|anon|none|Query successful.
7:53:27|::1|raven/count_reservations|anon|none|Query successful.
7:53:27|::1|raven/get_reservations|anon|none|Query successful.
7:53:29|::1|raven/count_reservations|anon|none|Query successful.
7:53:29|::1|raven/get_reservations|anon|none|Query successful.
7:54:15|::1|raven/count_reservations|anon|none|Query successful.
7:54:15|::1|raven/get_reservations|anon|none|Query successful.
7:54:20|::1|raven/count_reservations|anon|none|Query successful.
7:54:20|::1|raven/get_reservations|anon|none|Query successful.
7:55:14|::1|raven/get_all_feedbacks|anon|none|Query successful.
7:55:15|::1|karla/read_packages|anon|none|Query successful.
7:56:23|::1|marian/make_reservation|anon|2,Mobile Technology: The Grand Shift to Smaller Gears,Somewhere in neverland,Gusto ko naka all white yung photographer tsaka maaga. please?,2015-02-02,1,PM,2015-02-03,6,PM|Query sucessful.
7:57:55|::1|raven/count_reservations|anon|none|Query successful.
7:57:55|::1|raven/get_reservations|anon|none|Query successful.
7:58:15|::1|raven/count_reservations|anon|none|Query successful.
7:58:15|::1|raven/get_reservations|anon|none|Query successful.
7:58:54|::1|raven/count_reservations|anon|none|Query successful.
7:58:54|::1|raven/get_reservations|anon|none|Query successful.
7:58:59|::1|raven/count_reservations|anon|none|Query successful.
7:58:59|::1|raven/get_reservations|anon|none|Query successful.
8:01:21|::1|raven/count_reservations|anon|none|Query successful.
8:01:21|::1|raven/get_reservations|anon|none|Query successful.
8:01:22|::1|raven/count_reservations|anon|none|Query successful.
8:01:22|::1|raven/get_reservations|anon|none|Query successful.
8:02:52|::1|karla/read_packages|anon|none|Query successful.
8:02:54|::1|raven/count_reservations|anon|none|Query successful.
8:02:54|::1|raven/get_reservations|anon|none|Query successful.
8:02:58|::1|raven/count_reservations|anon|none|Query successful.
8:02:58|::1|raven/get_reservations|anon|none|Query successful.
8:03:08|::1|raven/count_reservations|anon|none|Query successful.
8:03:09|::1|raven/get_reservations|anon|none|Query successful.
8:04:57|::1|karla/read_packages|anon|none|Query successful.
8:05:00|::1|raven/count_reservations|anon|none|Query successful.
8:05:00|::1|raven/get_reservations|anon|none|Query successful.
8:05:26|::1|karla/read_packages|anon|none|Query successful.
8:06:41|::1|marian/make_reservation|anon|3,New SystemOne Version Ready for Beta Testing,Los Banos Laguna,wr,2013-05-05,8,AM,2013-05-05,4,PM|Query sucessful.
8:06:45|::1|raven/count_reservations|anon|none|Query successful.
8:06:45|::1|raven/get_reservations|anon|none|Query successful.
8:07:17|::1|raven/count_reservations|anon|none|Query successful.
8:07:17|::1|raven/get_reservations|anon|none|Query successful.
8:07:22|::1|karla/read_packages|anon|none|Query successful.
8:07:55|::1|marian/make_reservation|anon|2,PalaCASan 2012,Copeland Gym,adf adf adsadsf df ,2013-05-12,10,AM,2013-05-12,1,PM|Query sucessful.
8:07:59|::1|raven/count_reservations|anon|none|Query successful.
8:07:59|::1|raven/get_reservations|anon|none|Query successful.
8:08:05|::1|raven/count_reservations|anon|none|Query successful.
8:08:05|::1|raven/get_reservations|anon|none|Query successful.
8:08:38|::1|raven/count_reservations|anon|none|Query successful.
8:08:38|::1|raven/get_reservations|anon|none|Query successful.
8:08:58|::1|raven/count_reservations|anon|none|Query successful.
8:08:58|::1|raven/get_reservations|anon|none|Query successful.
8:08:59|::1|raven/count_reservations|anon|none|Query successful.
8:08:59|::1|raven/get_reservations|anon|none|Query successful.
8:09:18|::1|raven/count_reservations|anon|none|Query successful.
8:09:18|::1|raven/get_reservations|anon|none|Query successful.
8:10:10|::1|raven/count_reservations|anon|none|Query successful.
8:10:10|::1|raven/get_reservations|anon|none|Query successful.
8:10:12|::1|raven/count_reservations|anon|none|Query successful.
8:10:12|::1|raven/get_reservations|anon|none|Query successful.
8:10:16|::1|raven/count_reservations|anon|none|Query successful.
8:10:16|::1|raven/get_reservations|anon|none|Query successful.
8:10:23|::1|raven/count_reservations|anon|none|Query successful.
8:10:23|::1|raven/get_reservations|anon|none|Query successful.
8:10:28|::1|raven/count_reservations|anon|none|Query successful.
8:10:28|::1|raven/get_reservations|anon|none|Query successful.
8:10:42|::1|raven/count_reservations|anon|none|Query successful.
8:10:42|::1|raven/get_reservations|anon|none|Query successful.
8:10:49|::1|raven/count_reservations|anon|none|Query successful.
8:10:49|::1|raven/get_reservations|anon|none|Query successful.
8:10:58|::1|raven/count_reservations|anon|none|Query successful.
8:10:58|::1|raven/get_reservations|anon|none|Query successful.
8:11:01|::1|raven/count_reservations|anon|none|Query successful.
8:11:01|::1|raven/get_reservations|anon|none|Query successful.
8:11:10|::1|raven/count_reservations|anon|none|Query successful.
8:11:10|::1|raven/get_reservations|anon|none|Query successful.
8:11:11|::1|raven/count_reservations|anon|none|Query successful.
8:11:11|::1|raven/get_reservations|anon|none|Query successful.
8:11:33|::1|raven/count_reservations|anon|none|Query successful.
8:11:33|::1|raven/get_reservations|anon|none|Query successful.
8:11:35|::1|raven/count_reservations|anon|none|Query successful.
8:11:35|::1|raven/get_reservations|anon|none|Query successful.
8:11:48|::1|raven/count_reservations|anon|none|Query successful.
8:11:49|::1|raven/get_reservations|anon|none|Query successful.
8:11:49|::1|raven/count_reservations|anon|none|Query successful.
8:11:49|::1|raven/get_reservations|anon|none|Query successful.
8:12:46|::1|raven/count_reservations|anon|none|Query successful.
8:12:46|::1|raven/get_reservations|anon|none|Query successful.
8:12:47|::1|raven/count_reservations|anon|none|Query successful.
8:12:47|::1|raven/get_reservations|anon|none|Query successful.
8:13:13|::1|raven/count_reservations|anon|none|Query successful.
8:13:13|::1|raven/get_reservations|anon|none|Query successful.
8:13:15|::1|raven/count_reservations|anon|none|Query successful.
8:13:15|::1|raven/get_reservations|anon|none|Query successful.
8:13:20|::1|raven/count_reservations|anon|none|Query successful.
8:13:20|::1|raven/get_reservations|anon|none|Query successful.
8:13:30|::1|raven/count_reservations|anon|none|Query successful.
8:13:30|::1|raven/get_reservations|anon|none|Query successful.
8:14:12|::1|raven/count_reservations|anon|none|Query successful.
8:14:12|::1|raven/get_reservations|anon|none|Query successful.
8:14:13|::1|raven/count_reservations|anon|none|Query successful.
8:14:13|::1|raven/get_reservations|anon|none|Query successful.
8:14:18|::1|raven/count_reservations|anon|none|Query successful.
8:14:18|::1|raven/get_reservations|anon|none|Query successful.
8:14:39|::1|raven/count_reservations|anon|none|Query successful.
8:14:39|::1|raven/get_reservations|anon|none|Query successful.
8:14:41|::1|raven/count_reservations|anon|none|Query successful.
8:14:41|::1|raven/get_reservations|anon|none|Query successful.
8:14:42|::1|raven/count_reservations|anon|none|Query successful.
8:14:42|::1|raven/get_reservations|anon|none|Query successful.
8:14:44|::1|raven/count_reservations|anon|none|Query successful.
8:14:44|::1|raven/get_reservations|anon|none|Query successful.
8:14:50|::1|raven/count_reservations|anon|none|Query successful.
8:14:50|::1|raven/get_reservations|anon|none|Query successful.
8:14:52|::1|raven/count_reservations|anon|none|Query successful.
8:14:52|::1|raven/get_reservations|anon|none|Query successful.
8:14:52|::1|raven/count_reservations|anon|none|Query successful.
8:14:52|::1|raven/get_reservations|anon|none|Query successful.
8:14:58|::1|raven/count_reservations|anon|none|Query successful.
8:14:58|::1|raven/get_reservations|anon|none|Query successful.
8:15:01|::1|raven/count_reservations|anon|none|Query successful.
8:15:01|::1|raven/get_reservations|anon|none|Query successful.
8:15:02|::1|raven/count_reservations|anon|none|Query successful.
8:15:02|::1|raven/get_reservations|anon|none|Query successful.
8:15:04|::1|raven/count_reservations|anon|none|Query successful.
8:15:04|::1|raven/get_reservations|anon|none|Query successful.
8:15:06|::1|raven/count_reservations|anon|none|Query successful.
8:15:06|::1|raven/get_reservations|anon|none|Query successful.
8:15:14|::1|raven/count_reservations|anon|none|Query successful.
8:15:14|::1|raven/get_reservations|anon|none|Query successful.
8:15:15|::1|raven/count_reservations|anon|none|Query successful.
8:15:15|::1|raven/get_reservations|anon|none|Query successful.
8:15:49|::1|raven/count_reservations|anon|none|Query successful.
8:15:49|::1|raven/get_reservations|anon|none|Query successful.
8:15:58|::1|raven/count_reservations|anon|none|Query successful.
8:15:58|::1|raven/get_reservations|anon|none|Query successful.
8:16:02|::1|raven/count_reservations|anon|none|Query successful.
8:16:02|::1|raven/get_reservations|anon|none|Query successful.
8:16:07|::1|raven/count_reservations|anon|none|Query successful.
8:16:07|::1|raven/get_reservations|anon|none|Query successful.
8:16:11|::1|raven/count_reservations|anon|none|Query successful.
8:16:11|::1|raven/get_reservations|anon|none|Query successful.
8:16:19|::1|raven/count_reservations|anon|none|Query successful.
8:16:19|::1|raven/get_reservations|anon|none|Query successful.
8:16:23|::1|raven/count_reservations|anon|none|Query successful.
8:16:23|::1|raven/get_reservations|anon|none|Query successful.
8:16:28|::1|raven/count_reservations|anon|none|Query successful.
8:16:28|::1|raven/get_reservations|anon|none|Query successful.
8:17:02|::1|raven/count_reservations|anon|none|Query successful.
8:17:02|::1|raven/get_reservations|anon|none|Query successful.
8:17:10|::1|raven/count_reservations|anon|none|Query successful.
8:17:10|::1|raven/get_reservations|anon|none|Query successful.
8:17:15|::1|raven/count_reservations|anon|none|Query successful.
8:17:15|::1|raven/get_reservations|anon|none|Query successful.
8:17:38|::1|raven/count_reservations|anon|none|Query successful.
8:17:38|::1|raven/get_reservations|anon|none|Query successful.
8:17:40|::1|raven/count_reservations|anon|none|Query successful.
8:17:40|::1|raven/get_reservations|anon|none|Query successful.
8:18:46|::1|raven/count_reservations|anon|none|Query successful.
8:18:46|::1|raven/get_reservations|anon|none|Query successful.
8:19:23|::1|raven/count_reservations|anon|none|Query successful.
8:19:23|::1|raven/get_reservations|anon|none|Query successful.
8:20:20|::1|raven/count_reservations|anon|none|Query successful.
8:20:20|::1|raven/get_reservations|anon|none|Query successful.
8:20:23|::1|raven/count_reservations|anon|none|Query successful.
8:20:23|::1|raven/get_reservations|anon|none|Query successful.
8:20:33|::1|raven/count_reservations|anon|none|Query successful.
8:20:33|::1|raven/get_reservations|anon|none|Query successful.
8:20:37|::1|raven/count_reservations|anon|none|Query successful.
8:20:37|::1|raven/get_reservations|anon|none|Query successful.
8:20:38|::1|raven/count_reservations|anon|none|Query successful.
8:20:38|::1|raven/get_reservations|anon|none|Query successful.
8:20:46|::1|raven/count_reservations|anon|none|Query successful.
8:20:46|::1|raven/get_reservations|anon|none|Query successful.
8:20:50|::1|raven/count_reservations|anon|none|Query successful.
8:20:50|::1|raven/get_reservations|anon|none|Query successful.
8:20:54|::1|raven/count_reservations|anon|none|Query successful.
8:20:54|::1|raven/get_reservations|anon|none|Query successful.
8:20:58|::1|raven/count_reservations|anon|none|Query successful.
8:20:58|::1|raven/get_reservations|anon|none|Query successful.
8:21:34|::1|raven/count_reservations|anon|none|Query successful.
8:21:34|::1|raven/get_reservations|anon|none|Query successful.
8:21:54|::1|raven/count_reservations|anon|none|Query successful.
8:21:54|::1|raven/get_reservations|anon|none|Query successful.
8:22:21|::1|raven/count_reservations|anon|none|Query successful.
8:22:21|::1|raven/get_reservations|anon|none|Query successful.
8:22:50|::1|raven/count_reservations|anon|none|Query successful.
8:22:50|::1|raven/get_reservations|anon|none|Query successful.
8:22:51|::1|raven/count_reservations|anon|none|Query successful.
8:22:52|::1|raven/get_reservations|anon|none|Query successful.
8:22:55|::1|raven/count_reservations|anon|none|Query successful.
8:22:55|::1|raven/get_reservations|anon|none|Query successful.
8:22:58|::1|raven/count_reservations|anon|none|Query successful.
8:22:58|::1|raven/get_reservations|anon|none|Query successful.
8:23:14|::1|raven/count_reservations|anon|none|Query successful.
8:23:14|::1|raven/get_reservations|anon|none|Query successful.
8:23:16|::1|raven/count_reservations|anon|none|Query successful.
8:23:16|::1|raven/get_reservations|anon|none|Query successful.
8:23:21|::1|raven/count_reservations|anon|none|Query successful.
8:23:21|::1|raven/get_reservations|anon|none|Query successful.
8:23:27|::1|raven/count_reservations|anon|none|Query successful.
8:23:27|::1|raven/get_reservations|anon|none|Query successful.
8:24:49|::1|raven/count_reservations|anon|none|Query successful.
8:24:49|::1|raven/get_reservations|anon|none|Query successful.
8:25:09|::1|raven/count_reservations|anon|none|Query successful.
8:25:09|::1|raven/get_reservations|anon|none|Query successful.
8:25:13|::1|raven/count_reservations|anon|none|Query successful.
8:25:13|::1|raven/get_reservations|anon|none|Query successful.
8:25:36|::1|raven/count_reservations|anon|none|Query successful.
8:25:36|::1|raven/get_reservations|anon|none|Query successful.
8:26:34|::1|raven/count_reservations|anon|none|Query successful.
8:26:34|::1|raven/get_reservations|anon|none|Query successful.
8:27:30|::1|raven/get_all_feedbacks|anon|none|Query successful.
8:27:48|::1|raven/get_all_feedbacks|anon|none|Query successful.
8:27:55|::1|raven/get_all_feedbacks|anon|none|Query successful.
8:32:07|::1|raven/get_all_feedbacks|anon|none|Query successful.
8:32:25|::1|raven/get_all_feedbacks|anon|none|Query successful.
8:33:23|::1|raven/get_all_feedbacks|anon|none|Query successful.
8:33:27|::1|raven/get_all_feedbacks|anon|none|Query successful.
8:33:33|::1|raven/get_all_feedbacks|anon|none|Query successful.
8:33:47|::1|raven/get_all_feedbacks|anon|none|Query successful.
8:34:15|::1|raven/get_all_feedbacks|anon|none|Query successful.
8:34:20|::1|raven/get_all_feedbacks|anon|none|Query successful.
8:34:59|::1|raven/get_all_feedbacks|anon|none|Query successful.
8:35:11|::1|raven/get_all_feedbacks|anon|none|Query successful.
8:36:05|::1|raven/get_all_feedbacks|anon|none|Query successful.
8:36:17|::1|raven/get_all_feedbacks|anon|none|Query successful.
8:37:05|::1|raven/get_all_feedbacks|anon|none|Query successful.
8:37:25|::1|raven/get_all_feedbacks|anon|none|Query successful.
8:37:40|::1|raven/get_all_feedbacks|anon|none|Query successful.
8:38:01|::1|raven/get_all_feedbacks|anon|none|Query successful.
8:38:04|::1|raven/get_all_feedbacks|anon|none|Query successful.
8:38:21|::1|raven/get_all_feedbacks|anon|none|Query successful.
8:38:47|::1|raven/get_all_feedbacks|anon|none|Query successful.
8:38:48|::1|raven/get_all_feedbacks|anon|none|Query successful.
8:38:53|::1|raven/get_all_feedbacks|anon|none|Query successful.
8:38:58|::1|raven/get_all_feedbacks|anon|none|Query successful.
8:39:02|::1|raven/get_all_feedbacks|anon|none|Query successful.
8:39:08|::1|raven/get_all_feedbacks|anon|none|Query successful.
8:39:09|::1|raven/get_all_feedbacks|anon|none|Query successful.
8:39:19|::1|raven/get_all_feedbacks|anon|none|Query successful.
8:39:20|::1|raven/get_all_feedbacks|anon|none|Query successful.
8:39:24|::1|raven/get_all_feedbacks|anon|none|Query successful.
8:39:25|::1|raven/get_all_feedbacks|anon|none|Query successful.
8:39:31|::1|raven/get_all_feedbacks|anon|none|Query successful.
8:40:37|::1|raven/get_all_feedbacks|anon|none|Query successful.
8:41:02|::1|raven/get_all_feedbacks|anon|none|Query successful.
8:41:04|::1|raven/get_all_feedbacks|anon|none|Query successful.
8:41:10|::1|raven/get_all_feedbacks|anon|none|Query successful.
8:41:19|::1|raven/get_all_feedbacks|anon|none|Query successful.
8:42:43|::1|raven/get_all_feedbacks|anon|none|Query successful.
8:42:59|::1|raven/get_all_feedbacks|anon|none|Query successful.
8:43:05|::1|raven/get_all_feedbacks|anon|none|Query successful.
8:43:41|::1|raven/get_all_feedbacks|anon|none|Query successful.
8:43:48|::1|raven/get_all_feedbacks|anon|none|Query successful.
8:44:32|::1|raven/get_all_feedbacks|anon|none|Query successful.
8:44:38|::1|raven/get_all_feedbacks|anon|none|Query successful.
8:44:39|::1|raven/get_all_feedbacks|anon|none|Query successful.
8:44:48|::1|raven/get_all_feedbacks|anon|none|Query successful.
8:46:49|::1|raven/get_all_feedbacks|anon|none|Query successful.
8:46:58|::1|raven/get_all_feedbacks|anon|none|Query successful.
10:11:46|::1|raven/get_all_feedbacks|anon|none|Query successful.
10:11:48|::1|raven/count_reservations|anon|none|Query successful.
10:11:48|::1|raven/get_reservations|anon|none|Query successful.
10:11:53|::1|raven/count_reservations|anon|none|Query successful.
10:11:53|::1|raven/get_reservations|anon|none|Query successful.
10:11:56|::1|karla/read_packages|anon|none|Query successful.
10:12:02|::1|raven/count_reservations|anon|none|Query successful.
10:12:02|::1|raven/get_reservations|anon|none|Query successful.
10:12:10|::1|karla/read_packages|anon|none|Query successful.
10:12:16|::1|raven/get_all_feedbacks|anon|none|Query successful.
13:07:58|::1|karla/read_packages|anon|none|Query successful.
13:08:00|::1|raven/get_all_feedbacks|anon|none|Query successful.
13:08:02|::1|raven/get_all_feedbacks|anon|none|Query successful.
13:08:42|::1|raven/get_all_feedbacks|anon|none|Query successful.
13:08:54|::1|raven/get_all_feedbacks|anon|none|Query successful.
13:39:38|::1|raven/count_reservations|admin|none|Query successful.
13:39:38|::1|karla/read_packages|admin|none|Query successful.
13:39:38|::1|raven/get_reservations|admin|none|Query successful.
13:40:24|::1|raven/count_reservations|admin|none|Query successful.
13:40:24|::1|karla/read_packages|admin|none|Query successful.
13:40:24|::1|raven/get_reservations|admin|none|Query successful.
13:47:23|::1|raven/get_all_feedbacks|anon|none|Query successful.
13:49:15|::1|karla/read_packages|admin|none|Query successful.
13:49:15|::1|raven/get_reservations|admin|none|Query successful.
13:49:42|::1|raven/get_reservations|anon|none|Query successful.
13:50:22|::1|raven/get_reservations|anon|none|Query successful.
13:51:00|::1|raven/count_reservations|anon|none|Query successful.
13:51:00|::1|raven/get_reservations|anon|none|Query successful.
14:05:13|::1|raven/count_reservations|anon|none|Query successful.
14:05:13|::1|jom/get_profile|anon|rjlagrimas08@gmail.com,user|Query successful.
14:05:13|::1|raven/get_reservations|anon|none|Query successful.
14:05:21|::1|raven/count_reservations|anon|none|Query successful.
14:05:21|::1|jom/get_profile|anon|rjlagrimas08@gmail.com,user|Query successful.
14:05:21|::1|raven/get_reservations|anon|none|Query successful.
14:05:45|::1|raven/count_reservations|anon|none|Query successful.
14:05:45|::1|jom/get_profile|anon|rjlagrimas08@gmail.com,user|Query successful.
14:05:45|::1|raven/get_reservations|anon|none|Query successful.
14:05:50|::1|raven/count_reservations|anon|none|Query successful.
14:05:50|::1|jom/get_profile|anon|rjlagrimas08@gmail.com,user|Query successful.
14:05:50|::1|raven/get_reservations|anon|none|Query successful.
14:06:49|::1|raven/count_reservations|anon|none|Query successful.
14:06:49|::1|jom/get_profile|anon|rjlagrimas08@gmail.com,user|Query successful.
14:06:49|::1|raven/get_reservations|anon|none|Query successful.
14:06:54|::1|raven/count_reservations|anon|none|Query successful.
14:06:54|::1|jom/get_profile|anon|rjlagrimas08@gmail.com,user|Query successful.
14:06:54|::1|raven/get_reservations|anon|none|Query successful.
14:07:14|::1|raven/count_reservations|anon|none|Query successful.
14:07:14|::1|jom/get_profile|anon|rjlagrimas08@gmail.com,user|Query successful.
14:07:14|::1|raven/get_reservations|anon|none|Query successful.
14:07:41|::1|raven/count_reservations|anon|none|Query successful.
14:07:41|::1|jom/get_profile|anon|rjlagrimas08@gmail.com,user|Query successful.
14:07:41|::1|raven/get_reservations|anon|none|Query successful.
14:08:23|::1|raven/count_reservations|anon|none|Query successful.
14:08:23|::1|jom/get_profile|anon|rjlagrimas08@gmail.com,user|Query successful.
14:08:23|::1|raven/get_reservations|anon|none|Query successful.
14:08:48|::1|raven/count_reservations|anon|none|Query successful.
14:08:48|::1|jom/get_profile|anon|rjlagrimas08@gmail.com,user|Query successful.
14:08:48|::1|raven/get_reservations|anon|none|Query successful.
14:08:51|::1|conrad/edit_account|anon|,,Raven John M. Lagrimas,09351282147,Calamba Laguna|Query sucessful.
14:08:57|::1|conrad/edit_account|anon|,,Raven John M. Lagrimass,09351282147,Calamba Laguna|Query sucessful.
14:09:47|::1|raven/count_reservations|anon|none|Query successful.
14:09:47|::1|jom/get_profile|anon|rjlagrimas08@gmail.com,user|Query successful.
14:09:47|::1|raven/get_reservations|anon|none|Query successful.
14:10:10|::1|raven/count_reservations|anon|none|Query successful.
14:10:10|::1|jom/get_profile|anon|rjlagrimas08@gmail.com,user|Query successful.
14:10:10|::1|raven/get_reservations|anon|none|Query successful.
14:10:32|::1|raven/count_reservations|anon|none|Query successful.
14:10:32|::1|jom/get_profile|anon|rjlagrimas08@gmail.com,user|Query successful.
14:10:32|::1|raven/get_reservations|anon|none|Query successful.
14:12:22|::1|raven/count_reservations|anon|none|Query successful.
14:12:22|::1|jom/get_profile|anon|rjlagrimas08@gmail.com,user|Query successful.
14:12:22|::1|raven/get_reservations|anon|none|Query successful.
14:12:24|::1|conrad/edit_account|anon|,,Raven John M. Lagrimass,09351282147,Calamba Laguna|Query sucessful.
14:12:32|::1|raven/count_reservations|anon|none|Query successful.
14:12:32|::1|jom/get_profile|anon|rjlagrimas08@gmail.com,user|Query successful.
14:12:32|::1|raven/get_reservations|anon|none|Query successful.
14:12:35|::1|conrad/edit_account|anon|,,Raven John M. Lagrimass,09351282147,Calamba Laguna|Query sucessful.
14:13:53|::1|raven/count_reservations|anon|none|Query successful.
14:13:53|::1|jom/get_profile|anon|rjlagrimas08@gmail.com,user|Query successful.
14:13:53|::1|raven/get_reservations|anon|none|Query successful.
14:13:56|::1|conrad/edit_account|anon|,,Raven John M. Lagrimass,09351282147,Calamba Laguna|Query sucessful.
14:14:57|::1|raven/count_reservations|anon|none|Query successful.
14:14:57|::1|jom/get_profile|anon|rjlagrimas08@gmail.com,user|Query successful.
14:14:57|::1|raven/get_reservations|anon|none|Query successful.
14:15:08|::1|conrad/edit_account|anon|asdfasdf,asdfasdf,Raven John M. Lagrimass,09351282147,Calamba Laguna|Query sucessful.
14:16:14|::1|raven/count_reservations|anon|none|Query successful.
14:16:14|::1|jom/get_profile|anon|rjlagrimas08@gmail.com,user|Query successful.
14:16:14|::1|raven/get_reservations|anon|none|Query successful.
14:16:59|::1|raven/count_reservations|anon|none|Query successful.
14:16:59|::1|jom/get_profile|anon|rjlagrimas08@gmail.com,user|Query successful.
14:16:59|::1|raven/get_reservations|anon|none|Query successful.
14:17:05|::1|conrad/edit_account|anon|,,Raven John M. Lagrimass,09351282147,Calamba Laguna|Query sucessful.
14:17:17|::1|conrad/edit_account|anon|crixalis,crixalis,Raven John M. Lagrimass,09351282147,Calamba Laguna|Query sucessful.
14:26:43|::1|raven/count_reservations|anon|none|Query successful.
14:26:43|::1|jom/get_profile|anon|rjlagrimas08@gmail.com,user|Query successful.
14:26:43|::1|raven/get_reservations|anon|none|Query successful.
14:28:26|::1|raven/count_reservations|anon|none|Query successful.
14:28:26|::1|jom/get_profile|anon|rjlagrimas08@gmail.com,user|Query successful.
14:28:26|::1|raven/get_reservations|anon|none|Query successful.
14:29:53|::1|raven/count_reservations|anon|none|Query successful.
14:29:53|::1|jom/get_profile|anon|rjlagrimas08@gmail.com,user|Query successful.
14:29:53|::1|raven/get_reservations|anon|none|Query successful.
14:30:07|::1|raven/count_reservations|anon|none|Query successful.
14:30:07|::1|jom/get_profile|anon|rjlagrimas08@gmail.com,user|Query successful.
14:30:07|::1|raven/get_reservations|anon|none|Query successful.
14:30:20|::1|raven/count_reservations|anon|none|Query successful.
14:30:20|::1|jom/get_profile|anon|rjlagrimas08@gmail.com,user|Query successful.
14:30:20|::1|raven/get_reservations|anon|none|Query successful.
14:30:54|::1|raven/count_reservations|anon|none|Query successful.
14:30:54|::1|jom/get_profile|anon|rjlagrimas08@gmail.com,user|Query successful.
14:30:54|::1|raven/get_reservations|anon|none|Query successful.
14:30:57|::1|marian/cancel_reservation|anon|4|Query sucessful.
14:31:07|::1|raven/count_reservations|anon|none|Query successful.
14:31:07|::1|jom/get_profile|anon|rjlagrimas08@gmail.com,user|Query successful.
14:31:07|::1|raven/get_reservations|anon|none|Query successful.
14:31:46|::1|raven/count_reservations|anon|none|Query successful.
14:31:46|::1|jom/get_profile|anon|rjlagrimas08@gmail.com,user|Query successful.
14:31:46|::1|raven/get_reservations|anon|none|Query successful.
15:17:45|::1|raven/count_reservations|anon|none|Query successful.
15:17:45|::1|jom/get_profile|anon|rjlagrimas08@gmail.com,user|Query successful.
15:17:45|::1|raven/get_reservations|anon|none|Query successful.
15:17:48|::1|karla/read_packages|anon|none|Query successful.
15:17:49|::1|raven/get_all_feedbacks|anon|none|Query successful.
15:17:50|::1|raven/count_reservations|anon|none|Query successful.
15:17:50|::1|jom/get_profile|anon|rjlagrimas08@gmail.com,user|Query successful.
15:17:50|::1|raven/get_reservations|anon|none|Query successful.
15:17:51|::1|raven/get_all_feedbacks|anon|none|Query successful.
15:19:14|::1|raven/get_all_feedbacks|anon|none|Query successful.
15:19:44|::1|raven/get_all_feedbacks|anon|none|Query successful.
15:19:49|::1|raven/get_all_feedbacks|anon|none|Query successful.
15:20:05|::1|raven/get_all_feedbacks|anon|none|Query successful.
15:20:56|::1|raven/get_all_feedbacks|anon|none|Query successful.
15:21:07|::1|raven/get_all_feedbacks|anon|none|Query successful.
15:26:19|::1|raven/get_all_feedbacks|anon|none|Query successful.
15:29:03|::1|raven/get_all_feedbacks|anon|none|Query successful.
15:29:12|::1|raven/add_feedback|anon|sdf asdf ad fadsf|Query sucessful.
15:29:16|::1|raven/count_reservations|anon|none|Query successful.
15:29:16|::1|jom/get_profile|anon|rjlagrimas08@gmail.com,user|Query successful.
15:29:16|::1|raven/get_reservations|anon|none|Query successful.
15:29:17|::1|karla/read_packages|anon|none|Query successful.
15:30:40|::1|raven/count_reservations|anon|none|Query successful.
15:30:40|::1|jom/get_profile|anon|rjlagrimas08@gmail.com,user|Query successful.
15:30:40|::1|raven/get_reservations|anon|none|Query successful.
15:31:03|::1|raven/count_reservations|anon|none|Query successful.
15:31:03|::1|jom/get_profile|anon|rjlagrimas08@gmail.com,user|Query successful.
15:31:03|::1|raven/get_reservations|anon|none|Query successful.
15:32:14|::1|raven/count_reservations|anon|none|Query successful.
15:32:14|::1|jom/get_profile|anon|rjlagrimas08@gmail.com,user|Query successful.
15:32:14|::1|raven/get_reservations|anon|none|Query successful.
15:34:30|::1|raven/count_reservations|anon|none|Query successful.
15:34:30|::1|jom/get_profile|anon|rjlagrimas08@gmail.com,user|Query successful.
15:34:30|::1|raven/get_reservations|anon|none|Query successful.
15:34:47|::1|raven/count_reservations|anon|none|Query successful.
15:34:47|::1|jom/get_profile|anon|rjlagrimas08@gmail.com,user|Query successful.
15:34:47|::1|raven/get_reservations|anon|none|Query successful.
15:35:59|::1|raven/count_reservations|anon|none|Query successful.
15:35:59|::1|jom/get_profile|anon|rjlagrimas08@gmail.com,user|Query successful.
15:35:59|::1|raven/get_reservations|anon|none|Query successful.
15:36:58|::1|raven/count_reservations|anon|none|Query successful.
15:36:58|::1|jom/get_profile|anon|rjlagrimas08@gmail.com,user|Query successful.
15:36:58|::1|raven/get_reservations|anon|none|Query successful.
15:39:09|::1|raven/count_reservations|anon|none|Query successful.
15:39:09|::1|jom/get_profile|anon|rjlagrimas08@gmail.com,user|Query successful.
15:39:09|::1|raven/get_reservations|anon|none|Query successful.
15:39:52|::1|raven/count_reservations|anon|none|Query successful.
15:39:52|::1|jom/get_profile|anon|rjlagrimas08@gmail.com,user|Query successful.
15:39:52|::1|raven/get_reservations|anon|none|Query successful.
15:43:26|::1|raven/count_reservations|anon|none|Query successful.
15:43:26|::1|jom/get_profile|anon|rjlagrimas08@gmail.com,user|Query successful.
15:43:26|::1|raven/get_reservations|anon|none|Query successful.
15:43:40|::1|raven/count_reservations|anon|none|Query successful.
15:43:40|::1|jom/get_profile|anon|rjlagrimas08@gmail.com,user|Query successful.
15:43:40|::1|raven/get_reservations|anon|none|Query successful.
15:43:54|::1|raven/count_reservations|anon|none|Query successful.
15:43:54|::1|jom/get_profile|anon|rjlagrimas08@gmail.com,user|Query successful.
15:43:54|::1|raven/get_reservations|anon|none|Query successful.
15:44:21|::1|raven/count_reservations|anon|none|Query successful.
15:44:21|::1|jom/get_profile|anon|rjlagrimas08@gmail.com,user|Query successful.
15:44:21|::1|raven/get_reservations|anon|none|Query successful.
15:44:32|::1|raven/count_reservations|anon|none|Query successful.
15:44:32|::1|jom/get_profile|anon|rjlagrimas08@gmail.com,user|Query successful.
15:44:32|::1|raven/get_reservations|anon|none|Query successful.
15:45:01|::1|raven/count_reservations|anon|none|Query successful.
15:45:01|::1|jom/get_profile|anon|rjlagrimas08@gmail.com,user|Query successful.
15:45:01|::1|raven/get_reservations|anon|none|Query successful.
15:45:10|::1|raven/count_reservations|anon|none|Query successful.
15:45:10|::1|jom/get_profile|anon|rjlagrimas08@gmail.com,user|Query successful.
15:45:10|::1|raven/get_reservations|anon|none|Query successful.
15:45:18|::1|raven/count_reservations|anon|none|Query successful.
15:45:18|::1|jom/get_profile|anon|rjlagrimas08@gmail.com,user|Query successful.
15:45:18|::1|raven/get_reservations|anon|none|Query successful.
15:45:38|::1|raven/count_reservations|anon|none|Query successful.
15:45:38|::1|jom/get_profile|anon|rjlagrimas08@gmail.com,user|Query successful.
15:45:38|::1|raven/get_reservations|anon|none|Query successful.
15:46:00|::1|raven/count_reservations|anon|none|Query successful.
15:46:00|::1|jom/get_profile|anon|rjlagrimas08@gmail.com,user|Query successful.
15:46:00|::1|raven/get_reservations|anon|none|Query successful.
15:46:54|::1|raven/count_reservations|anon|none|Query successful.
15:46:54|::1|jom/get_profile|anon|rjlagrimas08@gmail.com,user|Query successful.
15:46:54|::1|raven/get_reservations|anon|none|Query successful.
15:47:11|::1|raven/count_reservations|anon|none|Query successful.
15:47:11|::1|jom/get_profile|anon|rjlagrimas08@gmail.com,user|Query successful.
15:47:11|::1|raven/get_reservations|anon|none|Query successful.
16:24:58|::1|raven/count_reservations|anon|none|Query successful.
16:24:58|::1|jom/get_profile|anon|rjlagrimas08@gmail.com,user|Query successful.
16:24:58|::1|raven/get_reservations|anon|none|Query successful.
16:27:10|::1|send_email|<rjlagrimas08@gmail.com>|1.0,text/html; charset=ISO-8859-1,quoted-printable,Codewars 2013 <codewars2013@gmail.com>,<rjlagrimas08@gmail.com>,Welcome to Garcia's Photo and Video|Successful
16:27:23|::1|raven/count_reservations|anon|none|Query successful.
16:27:23|::1|jom/get_profile|anon|rjlagrimas08@gmail.com,user|Query successful.
16:27:23|::1|raven/get_reservations|anon|none|Query successful.
16:27:39|::1|raven/get_all_feedbacks|anon|none|Query successful.
16:27:56|::1|raven/count_reservations|anon|none|Query successful.
16:27:56|::1|jom/get_profile|anon|rjlagrimas08@gmail.com,user|Query successful.
16:27:56|::1|raven/get_reservations|anon|none|Query successful.
16:29:56|::1|raven/count_reservations|anon|none|Query successful.
16:29:56|::1|jom/get_profile|anon|rjlagrimas08@gmail.com,user|Query successful.
16:29:56|::1|raven/get_reservations|anon|none|Query successful.
16:34:06|::1|raven/count_reservations|admin|none|Query successful.
16:34:06|::1|karla/read_packages|admin|none|Query successful.
16:34:06|::1|raven/get_reservations|admin|none|Query successful.
16:34:27|::1|raven/count_reservations|admin|none|Query successful.
16:34:27|::1|karla/read_packages|admin|none|Query successful.
16:34:27|::1|raven/get_reservations|admin|none|Query successful.
16:34:50|::1|karla/read_packages|anon|none|Query successful.
16:56:38|::1|raven/count_reservations|admin|none|Query successful.
16:56:38|::1|karla/read_packages|admin|none|Query successful.
16:56:38|::1|raven/get_reservations|admin|none|Query successful.
16:58:26|::1|raven/count_reservations|admin|none|Query successful.
16:58:26|::1|karla/read_packages|admin|none|Query successful.
16:58:26|::1|raven/get_reservations|admin|none|Query successful.
16:58:54|::1|raven/count_reservations|admin|none|Query successful.
16:58:54|::1|karla/read_packages|admin|none|Query successful.
16:58:54|::1|raven/get_reservations|admin|none|Query successful.
16:58:56|::1|karla/delete_package|admin|3|Query sucessful.
16:58:59|::1|raven/count_reservations|admin|none|Query successful.
16:58:59|::1|karla/read_packages|admin|none|Query successful.
16:58:59|::1|raven/get_reservations|admin|none|Query successful.
16:59:51|::1|raven/count_reservations|admin|none|Query successful.
16:59:51|::1|karla/read_packages|admin|none|Query successful.
16:59:51|::1|raven/get_reservations|admin|none|Query successful.
17:00:19|::1|raven/count_reservations|admin|none|Query successful.
17:00:19|::1|karla/read_packages|admin|none|Query successful.
17:00:19|::1|raven/get_reservations|admin|none|Query successful.
17:00:39|::1|raven/count_reservations|admin|none|Query successful.
17:00:39|::1|karla/read_packages|admin|none|Query successful.
17:00:39|::1|raven/get_reservations|admin|none|Query successful.
17:00:56|::1|raven/count_reservations|admin|none|Query successful.
17:00:56|::1|karla/read_packages|admin|none|Query successful.
17:00:56|::1|raven/get_reservations|admin|none|Query successful.
17:01:04|::1|raven/count_reservations|admin|none|Query successful.
17:01:04|::1|karla/read_packages|admin|none|Query successful.
17:01:04|::1|raven/get_reservations|admin|none|Query successful.
17:01:42|::1|raven/count_reservations|admin|none|Query successful.
17:01:42|::1|karla/read_packages|admin|none|Query successful.
17:01:42|::1|raven/get_reservations|admin|none|Query successful.
17:03:47|::1|raven/count_reservations|admin|none|Query successful.
17:03:47|::1|karla/read_packages|admin|none|Query successful.
17:03:47|::1|raven/get_reservations|admin|none|Query successful.
17:04:06|::1|raven/count_reservations|admin|none|Query successful.
17:04:06|::1|karla/read_packages|admin|none|Query successful.
17:04:06|::1|raven/get_reservations|admin|none|Query successful.
17:06:22|::1|raven/count_reservations|admin|none|Query successful.
17:06:22|::1|karla/read_packages|admin|none|Query successful.
17:06:22|::1|raven/get_reservations|admin|none|Query successful.
17:06:31|::1|raven/count_reservations|admin|none|Query successful.
17:06:31|::1|karla/read_packages|admin|none|Query successful.
17:06:31|::1|raven/get_reservations|admin|none|Query successful.
17:08:06|::1|raven/count_reservations|admin|none|Query successful.
17:08:06|::1|karla/read_packages|admin|none|Query successful.
17:08:06|::1|raven/get_reservations|admin|none|Query successful.
17:08:25|::1|raven/count_reservations|admin|none|Query successful.
17:08:25|::1|karla/read_packages|admin|none|Query successful.
17:08:25|::1|raven/get_reservations|admin|none|Query successful.
17:08:32|::1|karla/read_packages|admin|none|Query successful.
17:10:06|::1|karla/read_packages|admin|none|Query successful.
17:10:06|::1|karla/read_packages|admin|none|Query successful.
17:10:09|::1|raven/count_reservations|admin|none|Query successful.
17:10:09|::1|raven/get_reservations|admin|none|Query successful.
17:11:16|::1|raven/count_reservations|admin|none|Query successful.
17:11:16|::1|raven/get_reservations|admin|none|Query successful.
17:11:39|::1|raven/count_reservations|admin|none|Query successful.
17:11:39|::1|raven/get_reservations|admin|none|Query successful.
17:11:41|::1|karla/read_packages|admin|none|Query successful.
17:11:41|::1|karla/read_packages|admin|none|Query successful.
17:15:14|::1|karla/read_packages|admin|none|Query successful.
17:15:22|::1|raven/count_reservations|admin|none|Query successful.
17:15:22|::1|raven/get_reservations|admin|none|Query successful.
17:15:24|::1|karla/read_packages|admin|none|Query successful.
17:15:27|::1|raven/get_all_feedbacks|admin|none|Query successful.
17:19:05|::1|karla/read_packages|admin|none|Query successful.
17:19:54|::1|karla/read_packages|admin|none|Query successful.
17:20:40|::1|raven/count_reservations|admin|none|Query successful.
17:20:40|::1|raven/get_reservations|admin|none|Query successful.
17:20:54|::1|karla/read_packages|anon|none|Query successful.
17:21:01|::1|raven/get_all_feedbacks|anon|none|Query successful.
17:21:10|::1|raven/get_all_feedbacks|admin|none|Query successful.
17:21:14|::1|raven/count_reservations|admin|none|Query successful.
17:21:14|::1|raven/get_reservations|admin|none|Query successful.
17:21:16|::1|raven/count_reservations|admin|none|Query successful.
17:21:16|::1|raven/get_reservations|admin|none|Query successful.
17:22:43|::1|karla/read_packages|anon|none|Query successful.
17:22:49|::1|karla/read_packages|admin|none|Query successful.
17:22:49|::1|raven/count_reservations|admin|none|Query successful.
17:22:49|::1|raven/get_reservations|admin|none|Query successful.
17:23:00|::1|raven/count_reservations|admin|none|Query successful.
17:23:00|::1|raven/get_reservations|admin|none|Query successful.
17:23:23|::1|raven/count_reservations|admin|none|Query successful.
17:23:23|::1|raven/get_reservations|admin|none|Query successful.
17:23:26|::1|raven/get_all_feedbacks|anon|none|Query successful.
17:23:33|::1|raven/count_reservations|admin|none|Query successful.
17:23:33|::1|raven/get_reservations|admin|none|Query successful.
17:24:50|::1|raven/count_reservations|admin|none|Query successful.
17:24:50|::1|raven/get_reservations|admin|none|Query successful.
17:24:56|::1|karla/read_packages|anon|none|Query successful.
17:25:03|::1|raven/count_reservations|admin|none|Query successful.
17:25:03|::1|raven/get_reservations|admin|none|Query successful.
17:25:11|::1|raven/count_reservations|admin|none|Query successful.
17:25:11|::1|raven/get_reservations|admin|none|Query successful.
17:25:44|::1|raven/count_reservations|admin|none|Query successful.
17:25:44|::1|raven/get_reservations|admin|none|Query successful.
17:31:41|::1|karla/read_packages|admin|none|Query successful.
17:32:00|::1|karla/read_packages|admin|none|Query successful.
17:32:04|::1|raven/count_reservations|admin|none|Query successful.
17:32:04|::1|raven/get_reservations|admin|none|Query successful.
17:32:08|::1|raven/get_all_feedbacks|admin|none|Query successful.
17:34:36|::1|raven/get_all_feedbacks|admin|none|Query successful.
17:35:28|::1|raven/get_all_feedbacks|admin|none|Query successful.
17:35:51|::1|raven/get_all_feedbacks|admin|none|Query successful.
17:36:02|::1|raven/get_all_feedbacks|admin|none|Query successful.
17:36:42|::1|raven/get_all_feedbacks|admin|none|Query successful.
17:37:08|::1|raven/get_all_feedbacks|admin|none|Query successful.
17:37:52|::1|raven/get_all_feedbacks|admin|none|Query successful.
17:40:22|::1|raven/get_all_feedbacks|admin|none|Query successful.
17:40:28|::1|raven/get_all_feedbacks|admin|none|Query successful.
17:40:49|::1|raven/get_all_feedbacks|admin|none|Query successful.
17:42:11|::1|raven/get_all_feedbacks|admin|none|Query successful.
17:42:22|::1|raven/get_all_feedbacks|admin|none|Query successful.
17:42:51|::1|raven/get_all_feedbacks|admin|none|Query successful.
17:43:30|::1|raven/get_all_feedbacks|admin|none|Query successful.
17:44:08|::1|raven/get_all_feedbacks|admin|none|Query successful.
17:44:16|::1|raven/get_all_feedbacks|admin|none|Query successful.
17:44:31|::1|raven/get_all_feedbacks|admin|none|Query successful.
17:44:49|::1|raven/get_all_feedbacks|admin|none|Query successful.
17:44:55|::1|raven/get_all_feedbacks|admin|none|Query successful.
17:45:45|::1|raven/get_all_feedbacks|admin|none|Query successful.
17:45:55|::1|raven/get_all_feedbacks|admin|none|Query successful.
17:45:57|::1|raven/get_all_feedbacks|admin|none|Query successful.
17:45:59|::1|raven/get_all_feedbacks|admin|none|Query successful.
17:46:07|::1|raven/get_all_feedbacks|admin|none|Query successful.
17:46:36|::1|raven/get_all_feedbacks|admin|none|Query successful.
17:46:50|::1|raven/get_all_feedbacks|admin|none|Query successful.
17:46:50|::1|raven/get_all_feedbacks|admin|none|Query successful.
17:46:54|::1|raven/get_all_feedbacks|admin|none|Query successful.
17:47:00|::1|raven/get_all_feedbacks|admin|none|Query successful.
17:47:13|::1|raven/get_all_feedbacks|admin|none|Query successful.
17:47:22|::1|raven/get_all_feedbacks|admin|none|Query successful.
17:47:25|::1|raven/get_all_feedbacks|admin|none|Query successful.
17:47:28|::1|raven/get_all_feedbacks|admin|none|Query successful.
17:47:51|::1|raven/get_all_feedbacks|admin|none|Query successful.
17:48:09|::1|raven/get_all_feedbacks|admin|none|Query successful.
17:48:16|::1|raven/get_all_feedbacks|admin|none|Query successful.
17:48:21|::1|raven/get_all_feedbacks|admin|none|Query successful.
17:48:22|::1|raven/get_all_feedbacks|admin|none|Query successful.
17:48:26|::1|raven/get_all_feedbacks|admin|none|Query successful.
17:49:10|::1|raven/get_all_feedbacks|admin|none|Query successful.
