0:41:51|::1|karla/read_packages|tantan|none|Query successful.
0:41:51|::1|jom/view_pending|tantan|none|Query successful.
0:41:51|::1|jom/view_pending|tantan|none|Query successful.
0:42:53|::1|karla/read_packages|tantan|none|Query successful.
0:42:53|::1|jom/view_pending|tantan|none|Query successful.
0:42:53|::1|jom/view_pending|tantan|none|Query successful.
0:42:54|::1|karla/read_packages|tantan|none|Query successful.
0:42:54|::1|jom/view_pending|tantan|none|Query successful.
0:42:54|::1|jom/view_pending|tantan|none|Query successful.
0:42:55|::1|karla/read_packages|tantan|none|Query successful.
0:42:55|::1|jom/view_pending|tantan|none|Query successful.
0:42:55|::1|jom/view_pending|tantan|none|Query successful.
0:43:00|::1|karla/read_packages|tantan|none|Query successful.
0:43:00|::1|jom/view_pending|tantan|none|Query successful.
0:43:00|::1|jom/view_pending|tantan|none|Query successful.
0:43:00|::1|karla/read_packages|tantan|none|Query successful.
0:43:01|::1|jom/view_pending|tantan|none|Query successful.
0:43:01|::1|jom/view_pending|tantan|none|Query successful.
0:43:26|::1|karla/read_packages|tantan|none|Query successful.
0:43:26|::1|jom/view_pending|tantan|none|Query successful.
0:43:26|::1|jom/view_pending|tantan|none|Query successful.
0:43:28|::1|karla/read_packages|tantan|none|Query successful.
0:43:28|::1|jom/view_pending|tantan|none|Query successful.
0:43:28|::1|jom/view_pending|tantan|none|Query successful.
0:43:28|::1|karla/read_packages|tantan|none|Query successful.
0:43:28|::1|jom/view_pending|tantan|none|Query successful.
0:43:28|::1|jom/view_pending|tantan|none|Query successful.
0:43:28|::1|karla/read_packages|tantan|none|Query successful.
0:43:28|::1|jom/view_pending|tantan|none|Query successful.
0:43:28|::1|jom/view_pending|tantan|none|Query successful.
0:43:28|::1|karla/read_packages|tantan|none|Query successful.
0:43:28|::1|jom/view_pending|tantan|none|Query successful.
0:43:28|::1|jom/view_pending|tantan|none|Query successful.
0:43:30|::1|karla/read_packages|tantan|none|Query successful.
0:43:30|::1|jom/view_pending|tantan|none|Query successful.
0:43:30|::1|jom/view_pending|tantan|none|Query successful.
0:43:30|::1|karla/read_packages|tantan|none|Query successful.
0:43:30|::1|jom/view_pending|tantan|none|Query successful.
0:43:30|::1|jom/view_pending|tantan|none|Query successful.
0:43:30|::1|karla/read_packages|tantan|none|Query successful.
0:43:30|::1|jom/view_pending|tantan|none|Query successful.
0:43:30|::1|jom/view_pending|tantan|none|Query successful.
0:43:30|::1|karla/read_packages|tantan|none|Query successful.
0:43:30|::1|jom/view_pending|tantan|none|Query successful.
0:43:30|::1|jom/view_pending|tantan|none|Query successful.
0:43:30|::1|karla/read_packages|tantan|none|Query successful.
0:43:30|::1|jom/view_pending|tantan|none|Query successful.
0:43:30|::1|jom/view_pending|tantan|none|Query successful.
0:43:31|::1|karla/read_packages|tantan|none|Query successful.
0:43:31|::1|jom/view_pending|tantan|none|Query successful.
0:43:31|::1|jom/view_pending|tantan|none|Query successful.
0:43:31|::1|karla/read_packages|tantan|none|Query successful.
0:43:31|::1|jom/view_pending|tantan|none|Query successful.
0:43:31|::1|jom/view_pending|tantan|none|Query successful.
0:43:31|::1|karla/read_packages|tantan|none|Query successful.
0:43:31|::1|jom/view_pending|tantan|none|Query successful.
0:43:31|::1|jom/view_pending|tantan|none|Query successful.
0:43:31|::1|karla/read_packages|tantan|none|Query successful.
0:43:31|::1|jom/view_pending|tantan|none|Query successful.
0:43:31|::1|jom/view_pending|tantan|none|Query successful.
0:43:31|::1|karla/read_packages|tantan|none|Query successful.
0:43:31|::1|jom/view_pending|tantan|none|Query successful.
0:43:31|::1|jom/view_pending|tantan|none|Query successful.
0:43:31|::1|karla/read_packages|tantan|none|Query successful.
0:43:31|::1|jom/view_pending|tantan|none|Query successful.
0:43:31|::1|jom/view_pending|tantan|none|Query successful.
0:43:36|::1|karla/read_packages|tantan|none|Query successful.
0:43:36|::1|jom/view_pending|tantan|none|Query successful.
0:43:36|::1|jom/view_pending|tantan|none|Query successful.
0:44:11|::1|karla/read_packages|tantan|none|Query successful.
0:44:11|::1|jom/view_pending|tantan|none|Query successful.
0:44:11|::1|jom/view_pending|tantan|none|Query successful.
0:44:37|::1|karla/read_packages|tantan|none|Query successful.
0:44:37|::1|jom/view_pending|tantan|none|Query successful.
0:44:37|::1|jom/view_pending|tantan|none|Query successful.
0:47:13|::1|karla/read_packages|tantan|none|Query successful.
0:47:13|::1|jom/view_pending|tantan|none|Query successful.
0:47:13|::1|jom/view_pending|tantan|none|Query successful.
0:48:52|::1|karla/read_packages|tantan|none|Query successful.
0:48:52|::1|jom/view_pending|tantan|none|Query successful.
0:48:52|::1|jom/view_pending|tantan|none|Query successful.
0:49:03|::1|karla/read_packages|tantan|none|Query successful.
0:49:03|::1|jom/view_pending|tantan|none|Query successful.
0:49:03|::1|jom/view_pending|tantan|none|Query successful.
5:16:52|::1|karla/read_packages|tantan|none|Query successful.
5:16:52|::1|jom/view_pending|tantan|none|Query successful.
5:16:52|::1|jom/view_pending|tantan|none|Query successful.
5:16:54|::1|karla/read_packages|tantan|none|Query successful.
5:16:54|::1|jom/view_pending|tantan|none|Query successful.
5:16:54|::1|jom/view_pending|tantan|none|Query successful.
5:18:46|::1|karla/read_packages|tantan|none|Query successful.
5:18:46|::1|jom/view_pending|tantan|none|Query successful.
5:18:46|::1|jom/view_pending|tantan|none|Query successful.
5:18:48|::1|karla/read_packages|tantan|none|Query successful.
5:18:48|::1|jom/view_pending|tantan|none|Query successful.
5:18:48|::1|jom/view_pending|tantan|none|Query successful.
5:18:54|::1|karla/read_packages|tantan|none|Query successful.
5:18:54|::1|jom/view_pending|tantan|none|Query successful.
5:18:54|::1|jom/view_pending|tantan|none|Query successful.
5:18:55|::1|karla/read_packages|tantan|none|Query successful.
5:18:55|::1|jom/view_pending|tantan|none|Query successful.
5:18:56|::1|jom/view_pending|tantan|none|Query successful.
5:20:26|::1|karla/read_packages|tantan|none|Query successful.
5:20:26|::1|jom/view_pending|tantan|none|Query successful.
5:20:26|::1|jom/view_pending|tantan|none|Query successful.
5:24:37|::1|karla/read_packages|tantan|none|Query successful.
5:24:37|::1|jom/view_pending|tantan|none|Query successful.
5:24:37|::1|jom/view_pending|tantan|none|Query successful.
5:25:41|::1|karla/read_packages|tantan|none|Query successful.
5:25:41|::1|jom/view_pending|tantan|none|Query successful.
5:25:41|::1|jom/view_pending|tantan|none|Query successful.
5:25:44|::1|karla/read_packages|tantan|none|Query successful.
5:25:44|::1|jom/view_pending|tantan|none|Query successful.
5:25:44|::1|jom/view_pending|tantan|none|Query successful.
5:25:45|::1|karla/read_packages|tantan|none|Query successful.
5:25:45|::1|jom/view_pending|tantan|none|Query successful.
5:25:46|::1|jom/view_pending|tantan|none|Query successful.
5:26:28|::1|karla/read_packages|tantan|none|Query successful.
5:26:28|::1|jom/view_pending|tantan|none|Query successful.
5:26:28|::1|jom/view_pending|tantan|none|Query successful.
5:29:15|::1|karla/read_packages|tantan|none|Query successful.
5:29:28|::1|karla/read_packages|tantan|none|Query successful.
5:29:33|::1|karla/read_packages|tantan|none|Query successful.
5:31:53|::1|karla/read_packages|tantan|none|Query successful.
5:32:21|::1|karla/read_packages|tantan|none|Query successful.
5:32:26|::1|karla/read_packages|tantan|none|Query successful.
5:32:52|::1|karla/read_packages|tantan|none|Query successful.
5:32:57|::1|karla/read_packages|tantan|none|Query successful.
5:33:00|::1|karla/read_packages|tantan|none|Query successful.
5:33:05|::1|karla/read_packages|tantan|none|Query successful.
5:33:49|::1|karla/read_packages|tantan|none|Query successful.
5:33:50|::1|karla/read_packages|tantan|none|Query successful.
5:33:54|::1|karla/read_packages|tantan|none|Query successful.
5:35:51|::1|karla/read_packages|tantan|none|Query successful.
5:40:48|::1|karla/read_packages|tantan|none|Query successful.
5:40:51|::1|karla/read_packages|tantan|none|Query successful.
5:52:11|::1|karla/read_packages|tantan|none|Query successful.
5:53:02|::1|karla/read_packages|tantan|none|Query successful.
5:53:07|::1|karla/read_packages|tantan|none|Query successful.
5:53:07|::1|karla/read_packages|tantan|none|Query successful.
5:53:07|::1|karla/read_packages|tantan|none|Query successful.
5:53:07|::1|karla/read_packages|tantan|none|Query successful.
5:53:08|::1|karla/read_packages|tantan|none|Query successful.
5:53:08|::1|karla/read_packages|tantan|none|Query successful.
5:53:29|::1|karla/read_packages|tantan|none|Query successful.
5:53:31|::1|karla/read_packages|tantan|none|Query successful.
5:53:42|::1|karla/read_packages|tantan|none|Query successful.
5:53:45|::1|karla/read_packages|tantan|none|Query successful.
5:54:01|::1|karla/read_packages|tantan|none|Query successful.
5:54:01|::1|karla/read_packages|tantan|none|Query successful.
5:54:01|::1|karla/read_packages|tantan|none|Query successful.
5:54:01|::1|karla/read_packages|tantan|none|Query successful.
5:54:02|::1|karla/read_packages|tantan|none|Query successful.
5:54:02|::1|karla/read_packages|tantan|none|Query successful.
5:54:02|::1|karla/read_packages|tantan|none|Query successful.
5:54:02|::1|karla/read_packages|tantan|none|Query successful.
5:54:38|::1|karla/read_packages|tantan|none|Query successful.
5:54:42|::1|karla/read_packages|tantan|none|Query successful.
5:59:57|::1|karla/read_packages|tantan|none|Query successful.
6:00:19|::1|karla/read_packages|tantan|none|Query successful.
6:00:30|::1|karla/read_packages|tantan|none|Query successful.
6:00:32|::1|karla/read_packages|tantan|none|Query successful.
6:04:48|::1|karla/read_packages|tantan|none|Query successful.
6:04:59|::1|karla/read_packages|tantan|none|Query successful.
6:17:54|::1|karla/read_packages|tantan|none|Query successful.
6:17:56|::1|karla/read_packages|tantan|none|Query successful.
6:18:18|::1|karla/read_packages|tantan|none|Query successful.
6:18:20|::1|karla/read_packages|tantan|none|Query successful.
6:18:35|::1|karla/read_packages|tantan|none|Query successful.
6:18:36|::1|karla/read_packages|tantan|none|Query successful.
6:19:12|::1|karla/read_packages|tantan|none|Query successful.
6:19:14|::1|karla/read_packages|tantan|none|Query successful.
6:22:17|::1|karla/read_packages|tantan|none|Query successful.
6:23:57|::1|karla/read_packages|tantan|none|Query successful.
6:23:59|::1|karla/read_packages|tantan|none|Query successful.
6:24:28|::1|karla/read_packages|tantan|none|Query successful.
6:24:39|::1|karla/read_packages|tantan|none|Query successful.
6:24:42|::1|karla/read_packages|tantan|none|Query successful.
6:25:23|::1|karla/read_packages|tantan|none|Query successful.
6:26:21|::1|karla/read_packages|tantan|none|Query successful.
6:26:28|::1|karla/read_packages|tantan|none|Query successful.
6:28:36|::1|karla/read_packages|tantan|none|Query successful.
6:28:43|::1|karla/read_packages|tantan|none|Query successful.
6:29:55|::1|karla/read_packages|tantan|none|Query successful.
6:34:42|::1|karla/read_packages|tantan|none|Query successful.
6:35:20|::1|karla/read_packages|tantan|none|Query successful.
6:35:21|::1|karla/read_packages|tantan|none|Query successful.
6:35:48|::1|karla/read_packages|tantan|none|Query successful.
6:35:49|::1|karla/read_packages|tantan|none|Query successful.
6:43:39|::1|karla/read_packages|tantan|none|Query successful.
6:44:13|::1|karla/read_packages|tantan|none|Query successful.
6:44:56|::1|karla/read_packages|tantan|none|Query successful.
6:45:05|::1|karla/read_packages|tantan|none|Query successful.
6:45:14|::1|karla/read_packages|tantan|none|Query successful.
6:45:14|::1|karla/read_packages|tantan|none|Query successful.
6:45:24|::1|karla/read_packages|tantan|none|Query successful.
6:46:17|::1|karla/read_packages|tantan|none|Query successful.
6:46:23|::1|karla/read_packages|tantan|none|Query successful.
6:48:43|::1|karla/read_packages|tantan|none|Query successful.
6:50:21|::1|karla/read_packages|tantan|none|Query successful.
6:50:32|::1|karla/read_packages|tantan|none|Query successful.
6:50:32|::1|karla/read_packages|tantan|none|Query successful.
6:50:32|::1|karla/read_packages|tantan|none|Query successful.
6:50:38|::1|karla/read_packages|tantan|none|Query successful.
6:50:39|::1|karla/read_packages|tantan|none|Query successful.
6:50:39|::1|karla/read_packages|tantan|none|Query successful.
6:50:39|::1|karla/read_packages|tantan|none|Query successful.
6:50:42|::1|karla/read_packages|tantan|none|Query successful.
6:50:47|::1|karla/read_packages|tantan|none|Query successful.
6:51:53|::1|karla/read_packages|tantan|none|Query successful.
6:52:41|::1|karla/read_packages|tantan|none|Query successful.
6:52:48|::1|karla/read_packages|tantan|none|Query successful.
6:52:48|::1|karla/read_packages|tantan|none|Query successful.
6:52:48|::1|karla/read_packages|tantan|none|Query successful.
6:52:49|::1|karla/read_packages|tantan|none|Query successful.
6:53:34|::1|karla/read_packages|tantan|none|Query successful.
6:54:24|::1|karla/read_packages|tantan|none|Query successful.
6:56:54|192.168.1.39|karla/read_packages|anon|none|Query successful.
6:56:58|192.168.1.39|karla/read_packages|anon|none|Query successful.
6:57:14|192.168.1.39|karla/read_packages|anon|none|Query successful.
7:06:21|::1|karla/read_packages|tantan|none|Query successful.
7:06:28|::1|karla/read_packages|tantan|none|Query successful.
7:06:28|::1|karla/read_packages|tantan|none|Query successful.
7:06:28|::1|karla/read_packages|tantan|none|Query successful.
7:06:28|::1|karla/read_packages|tantan|none|Query successful.
7:06:56|::1|karla/read_packages|tantan|none|Query successful.
7:07:15|::1|karla/read_packages|tantan|none|Query successful.
7:08:50|::1|karla/read_packages|tantan|none|Query successful.
7:08:54|::1|karla/read_packages|tantan|none|Query successful.
7:08:56|::1|karla/read_packages|tantan|none|Query successful.
7:15:26|::1|karla/read_packages|tantan|none|Query successful.
7:15:27|::1|karla/read_packages|tantan|none|Query successful.
7:18:14|::1|karla/read_packages|anon|none|Query successful.
7:18:16|::1|karla/read_packages|anon|none|Query successful.
7:18:19|::1|karla/read_packages|anon|none|Query successful.
7:18:31|::1|karla/read_packages|anon|none|Query successful.
7:19:24|::1|karla/read_packages|anon|none|Query successful.
7:19:26|::1|karla/read_packages|anon|none|Query successful.
7:19:26|::1|karla/read_packages|anon|none|Query successful.
7:19:27|::1|karla/read_packages|anon|none|Query successful.
7:19:27|::1|karla/read_packages|anon|none|Query successful.
7:19:27|::1|karla/read_packages|anon|none|Query successful.
7:19:28|::1|karla/read_packages|anon|none|Query successful.
7:19:28|::1|karla/read_packages|anon|none|Query successful.
7:19:28|::1|karla/read_packages|anon|none|Query successful.
7:19:28|::1|karla/read_packages|anon|none|Query successful.
7:19:33|::1|karla/read_packages|anon|none|Query successful.
7:19:57|::1|karla/read_packages|anon|none|Query successful.
7:20:08|::1|karla/read_packages|anon|none|Query successful.
7:20:20|::1|karla/read_packages|adminadmin|none|Query successful.
7:20:20|::1|jom/view_pending|adminadmin|none|Query successful.
7:20:21|::1|jom/view_pending|adminadmin|none|Query successful.
7:20:21|::1|jom/view_pending|adminadmin|none|Query successful.
7:20:21|::1|karla/read_packages|adminadmin|none|Query successful.
7:20:27|::1|jom/view_pending|adminadmin|none|Query successful.
7:20:27|::1|jom/view_pending|adminadmin|none|Query successful.
7:20:27|::1|jom/view_pending|adminadmin|none|Query successful.
7:20:27|::1|karla/read_packages|adminadmin|none|Query successful.
17:51:02|::1|karla/read_packages|anon|none|Query successful.
17:51:44|::1|karla/read_packages|anon|none|Query successful.
17:52:52|::1|karla/read_packages|anon|none|Query successful.
17:54:06|::1|karla/read_packages|anon|none|Query successful.
18:00:42|::1|karla/read_packages|anon|none|Query successful.
18:01:17|::1|karla/read_packages|anon|none|Query successful.
18:03:26|::1|karla/read_packages|anon|none|Query successful.
18:03:31|::1|karla/read_packages|anon|none|Query successful.
18:03:40|::1|karla/read_packages|anon|none|Query successful.
18:03:45|::1|karla/read_packages|anon|none|Query successful.
18:03:55|::1|karla/read_packages|anon|none|Query successful.
18:05:01|::1|jom/view_pending|tantan|none|Query successful.
18:05:01|::1|jom/view_pending|tantan|none|Query successful.
18:05:31|::1|jom/view_pending|tantan|none|Query successful.
18:05:31|::1|jom/view_pending|tantan|none|Query successful.
18:05:57|::1|jom/view_pending|tantan|none|Query successful.
18:05:57|::1|jom/view_pending|tantan|none|Query successful.
18:16:38|::1|jom/view_pending|tantan|none|Query successful.
18:16:38|::1|jom/view_pending|tantan|none|Query successful.
