23:19:57|::1|raven/count_reservations|admin|a:0:{}|Query successful.
23:19:57|::1|conrad/cal|admin|a:0:{}|Query successful.
23:19:57|::1|raven/get_packages|admin|a:0:{}|Query successful.
23:19:57|::1|jom/get_all_pending|admin|a:0:{}|Query sucessful.
23:19:57|::1|jom/get_all_approve|admin|a:0:{}|Query successful.
23:19:57|::1|raven/get_reservations|admin|a:0:{}|Query successful.
23:19:58|::1|raven/count_reservations|admin|a:0:{}|Query successful.
23:19:58|::1|conrad/cal|admin|a:0:{}|Query successful.
23:19:58|::1|raven/get_packages|admin|a:0:{}|Query successful.
23:19:58|::1|jom/get_all_pending|admin|a:0:{}|Query sucessful.
23:19:58|::1|jom/get_all_approve|admin|a:0:{}|Query successful.
23:19:58|::1|raven/get_reservations|admin|a:0:{}|Query successful.
23:20:01|::1|marian/get_quotation|admin|a:1:{s:13:"reservationId";s:1:"1";}|Query successful.
23:20:03|::1|jom/create_quotation|admin|a:4:{s:13:"reservationId";s:1:"1";s:4:"item";a:6:{i:0;s:9:"sadf asdf";i:1;s:12:"asdfasdfasdf";i:2;s:11:"try try try";i:3;s:11:"try try try";i:4;s:0:"";i:5;s:0:"";}s:4:"cost";a:6:{i:0;s:3:"123";i:1;s:4:"4000";i:2;s:4:"4500";i:3;s:4:"4500";i:4;s:0:"";i:5;s:0:"";}s:5:"total";s:5:"13123";}|Query sucessful.
23:20:04|::1|marian/get_quotation|admin|a:4:{s:13:"reservationId";s:1:"1";s:4:"item";a:6:{i:0;s:9:"sadf asdf";i:1;s:12:"asdfasdfasdf";i:2;s:11:"try try try";i:3;s:11:"try try try";i:4;s:0:"";i:5;s:0:"";}s:4:"cost";a:6:{i:0;s:3:"123";i:1;s:4:"4000";i:2;s:4:"4500";i:3;s:4:"4500";i:4;s:0:"";i:5;s:0:"";}s:5:"total";s:5:"13123";}|Query successful.
23:23:29|::1|raven/count_reservations|admin|a:0:{}|Query successful.
23:23:30|::1|conrad/cal|admin|a:0:{}|Query successful.
23:23:30|::1|raven/get_packages|admin|a:0:{}|Query successful.
23:23:30|::1|jom/get_all_pending|admin|a:0:{}|Query sucessful.
23:23:30|::1|jom/get_all_approve|admin|a:0:{}|Query successful.
23:23:30|::1|raven/get_reservations|admin|a:0:{}|Query successful.
23:23:50|::1|karla/create_package|admin|a:2:{s:4:"name";s:32:"<script>alert('ravem');</script>";s:4:"cost";s:32:"<script>alert('ravem');</script>";}|Query successful.
23:24:14|::1|karla/delete_package|admin|a:1:{s:2:"id";s:1:"9";}|Query sucessful.
23:24:26|::1|karla/create_package|admin|a:2:{s:4:"name";s:32:"<script>alert('ravem');</script>";s:4:"cost";s:32:"<script>alert('ravem');</script>";}|Query successful.
23:24:28|::1|raven/count_reservations|admin|a:0:{}|Query successful.
23:24:29|::1|conrad/cal|admin|a:0:{}|Query successful.
23:24:29|::1|raven/get_packages|admin|a:0:{}|Query successful.
23:24:29|::1|jom/get_all_pending|admin|a:0:{}|Query sucessful.
23:24:29|::1|jom/get_all_approve|admin|a:0:{}|Query successful.
23:24:29|::1|raven/get_reservations|admin|a:0:{}|Query successful.
23:27:02|::1|karla/delete_package|admin|a:1:{s:2:"id";s:2:"10";}|Query sucessful.
23:27:17|::1|karla/create_package|admin|a:2:{s:4:"name";s:31:"<script>alert('asdf');</script>";s:4:"cost";s:31:"<script>alert('asdf');</script>";}|Query successful.
23:27:19|::1|raven/count_reservations|admin|a:0:{}|Query successful.
23:27:19|::1|conrad/cal|admin|a:0:{}|Query successful.
23:27:19|::1|raven/get_packages|admin|a:0:{}|Query successful.
23:27:19|::1|jom/get_all_pending|admin|a:0:{}|Query sucessful.
23:27:19|::1|jom/get_all_approve|admin|a:0:{}|Query successful.
23:27:19|::1|raven/get_reservations|admin|a:0:{}|Query successful.
23:27:38|::1|conrad/is_confirmed|anon|a:2:{s:5:"email";s:22:"rjlagrimas08@gmail.com";s:8:"password";s:8:"crixalis";}|Query successful.
23:27:38|::1|raven/count_reservations|anon|a:0:{}|Query successful.
23:27:38|::1|jom/get_profile|anon|a:2:{s:5:"email";s:22:"rjlagrimas08@gmail.com";s:4:"role";s:4:"user";}|Query successful.
23:27:38|::1|raven/get_reservations|anon|a:0:{}|Query successful.
23:27:53|::1|raven/get_all_feedbacks|anon|a:0:{}|Query successful.
23:27:57|::1|raven/get_packages|anon|a:0:{}|Query successful.
23:28:31|::1|raven/count_reservations|anon|a:0:{}|Query successful.
23:28:31|::1|jom/get_profile|anon|a:2:{s:5:"email";s:22:"rjlagrimas08@gmail.com";s:4:"role";s:4:"user";}|Query successful.
23:28:31|::1|raven/get_reservations|anon|a:0:{}|Query successful.
23:28:33|::1|raven/get_packages|anon|a:0:{}|Query successful.
23:41:29|::1|raven/count_reservations|anon|a:0:{}|Query successful.
23:41:29|::1|jom/get_profile|anon|a:2:{s:5:"email";s:22:"rjlagrimas08@gmail.com";s:4:"role";s:4:"user";}|Query successful.
23:41:29|::1|raven/get_reservations|anon|a:0:{}|Query successful.
23:41:40|::1|raven/count_reservations|admin|a:0:{}|Query successful.
23:41:40|::1|conrad/cal|admin|a:0:{}|Query successful.
23:41:40|::1|raven/get_packages|admin|a:0:{}|Query successful.
23:41:40|::1|jom/get_all_pending|admin|a:0:{}|Query sucessful.
23:41:40|::1|jom/get_all_approve|admin|a:0:{}|Query successful.
23:41:40|::1|raven/get_reservations|admin|a:0:{}|Query successful.
