10:43:17|::1|auth/login|anon|raven,raven|Query sucessful.
10:43:29|::1|auth/login|anon|raven,raven|Query sucessful.
10:44:00|::1|auth/login|anon|ravenjohn2,raven|Query sucessful.
10:44:07|::1|auth/login|anon|raven,raven|Query successful.
10:45:39|::1|auth/login|anon|asdf,asdf|Query sucessful.
10:45:46|::1|auth/login|anon|ravenjohn,raven|Query sucessful.
10:45:55|::1|auth/login|anon|raven,raven|Query successful.
10:48:09|::1|info/get_users|raven|none|Query successful.
10:48:23|::1|info/get_users|raven|none|Query successful.
10:49:09|::1|info/get_users|raven|none|Query successful.
10:49:33|::1|info/get_users|raven|none|Query successful.
10:49:48|::1|info/get_users|raven|none|Query successful.
10:50:26|::1|info/get_users|raven|none|Query successful.
10:50:34|::1|info/get_users|raven|none|Query successful.
10:50:40|169.254.11.97|info/get_users|anon|none|Query successful.
10:50:42|::1|info/get_users|raven|none|Query successful.
10:50:46|169.254.11.97|info/get_users|anon|none|Query successful.
10:51:21|169.254.30.76|info/get_users|anon|none|Query successful.
10:56:53|::1|info/get_users|raven|none|Query successful.
10:58:49|169.254.112.176|info/get_users|anon|none|Query successful.
11:10:05|::1|info/get_users|raven|none|Query successful.
11:10:23|::1|info/get_users|raven|none|Query successful.
11:13:30|::1|info/get_users|raven|none|Query successful.
13:00:30|::1|info/get_users|raven|none|Query successful.
