0:10:12|::1|raven/count_reservations|admin|a:0:{}|Query successful.
0:10:12|::1|jom/get_all_pending|admin|a:0:{}|Query sucessful.
0:10:12|::1|jom/get_all_approve|admin|a:0:{}|Query successful.
0:10:12|::1|conrad/cal|admin|a:0:{}|Query successful.
0:10:12|::1|raven/get_packages|admin|a:0:{}|Query successful.
0:10:12|::1|raven/get_reservations|admin|a:0:{}|Query successful.
0:10:16|::1|raven/get_packages|anon|a:0:{}|Query successful.
0:10:19|::1|raven/get_all_feedbacks|anon|a:0:{}|Query successful.
0:10:27|::1|raven/count_reservations|admin|a:0:{}|Query successful.
0:10:27|::1|jom/get_all_pending|admin|a:0:{}|Query sucessful.
0:10:27|::1|jom/get_all_approve|admin|a:0:{}|Query successful.
0:10:27|::1|conrad/cal|admin|a:0:{}|Query successful.
0:10:27|::1|raven/get_packages|admin|a:0:{}|Query successful.
0:10:27|::1|raven/get_reservations|admin|a:0:{}|Query successful.
0:10:31|::1|raven/get_all_feedbacks|admin|a:0:{}|Query successful.
0:10:32|::1|raven/get_packages|admin|a:0:{}|Query successful.
0:10:34|::1|raven/count_reservations|admin|a:0:{}|Query successful.
0:10:34|::1|jom/get_all_pending|admin|a:0:{}|Query sucessful.
0:10:34|::1|jom/get_all_approve|admin|a:0:{}|Query successful.
0:10:34|::1|conrad/cal|admin|a:0:{}|Query successful.
0:10:34|::1|raven/get_packages|admin|a:0:{}|Query successful.
0:10:34|::1|raven/get_reservations|admin|a:0:{}|Query successful.
0:10:38|::1|karla/delete_package|admin|a:1:{s:2:"id";s:2:"11";}|Query sucessful.
