4:15:20|::1|jom/view_pending|ravenjohn|none|Query successful.
4:15:20|::1|jom/view_pending|ravenjohn|none|Query successful.
4:15:20|::1|karla/read_packages|ravenjohn|none|Query successful.
5:04:41|::1|jom/view_pending|ravenjohn|none|Query successful.
5:04:41|::1|jom/view_pending|ravenjohn|none|Query successful.
5:04:41|::1|karla/read_packages|ravenjohn|none|Query successful.
5:05:05|::1|jom/view_pending|ravenjohn|none|Query successful.
5:05:05|::1|jom/view_pending|ravenjohn|none|Query successful.
5:05:05|::1|karla/read_packages|ravenjohn|none|Query successful.
5:05:11|::1|jom/view_pending|ravenjohn|none|Query successful.
5:05:11|::1|jom/view_pending|ravenjohn|none|Query successful.
11:57:10|::1|karla/read_packages|ravenjohn|none|Query successful.
11:57:10|::1|jom/view_pending|ravenjohn|none|Query successful.
11:57:10|::1|jom/view_pending|ravenjohn|none|Query successful.
11:57:33|::1|marian/make_reservation|tantan|Photo Service and Booth Package,1231-12-12,3424-04-12,wqreq,asdf|Query sucessful.
11:57:53|::1|karla/read_packages|tantan|none|Query successful.
11:57:53|::1|jom/view_pending|tantan|none|Query successful.
11:57:53|::1|jom/view_pending|tantan|none|Query successful.
19:56:51|::1|karla/read_packages|tantan|none|Query successful.
19:56:51|::1|jom/view_pending|tantan|none|Query successful.
19:56:51|::1|jom/view_pending|tantan|none|Query successful.
19:56:54|::1|karla/read_packages|tantan|none|Query successful.
19:56:54|::1|jom/view_pending|tantan|none|Query successful.
19:56:54|::1|jom/view_pending|tantan|none|Query successful.
19:59:44|::1|karla/read_packages|tantan|none|Query successful.
19:59:44|::1|jom/view_pending|tantan|none|Query successful.
19:59:44|::1|jom/view_pending|tantan|none|Query successful.
19:59:48|::1|karla/read_packages|tantan|none|Query successful.
19:59:48|::1|jom/view_pending|tantan|none|Query successful.
19:59:49|::1|jom/view_pending|tantan|none|Query successful.
20:01:47|::1|karla/read_packages|tantan|none|Query successful.
20:01:47|::1|jom/view_pending|tantan|none|Query successful.
20:01:47|::1|jom/view_pending|tantan|none|Query successful.
20:01:55|::1|karla/read_packages|tantan|none|Query successful.
20:01:55|::1|jom/view_pending|tantan|none|Query successful.
20:01:55|::1|jom/view_pending|tantan|none|Query successful.
20:02:19|::1|karla/read_packages|tantan|none|Query successful.
20:02:19|::1|jom/view_pending|tantan|none|Query successful.
20:02:19|::1|jom/view_pending|tantan|none|Query successful.
20:02:24|::1|karla/read_packages|tantan|none|Query successful.
20:02:24|::1|jom/view_pending|tantan|none|Query successful.
20:02:24|::1|jom/view_pending|tantan|none|Query successful.
20:02:26|::1|karla/read_packages|tantan|none|Query successful.
20:02:26|::1|jom/view_pending|tantan|none|Query successful.
20:02:26|::1|jom/view_pending|tantan|none|Query successful.
20:02:39|::1|karla/read_packages|tantan|none|Query successful.
20:02:39|::1|jom/view_pending|tantan|none|Query successful.
20:02:39|::1|jom/view_pending|tantan|none|Query successful.
20:02:42|::1|karla/read_packages|tantan|none|Query successful.
20:02:42|::1|jom/view_pending|tantan|none|Query successful.
20:02:42|::1|jom/view_pending|tantan|none|Query successful.
20:03:45|::1|karla/read_packages|tantan|none|Query successful.
20:03:45|::1|jom/view_pending|tantan|none|Query successful.
20:03:45|::1|jom/view_pending|tantan|none|Query successful.
20:03:47|::1|karla/read_packages|tantan|none|Query successful.
20:03:47|::1|jom/view_pending|tantan|none|Query successful.
20:03:47|::1|jom/view_pending|tantan|none|Query successful.
20:04:09|::1|karla/read_packages|tantan|none|Query successful.
20:04:09|::1|jom/view_pending|tantan|none|Query successful.
20:04:09|::1|jom/view_pending|tantan|none|Query successful.
20:04:11|::1|karla/read_packages|tantan|none|Query successful.
20:04:11|::1|jom/view_pending|tantan|none|Query successful.
20:04:11|::1|jom/view_pending|tantan|none|Query successful.
20:04:28|::1|karla/read_packages|tantan|none|Query successful.
20:04:28|::1|jom/view_pending|tantan|none|Query successful.
20:04:28|::1|jom/view_pending|tantan|none|Query successful.
20:06:12|::1|karla/read_packages|tantan|none|Query successful.
20:06:12|::1|jom/view_pending|tantan|none|Query successful.
20:06:12|::1|jom/view_pending|tantan|none|Query successful.
20:06:13|::1|karla/read_packages|tantan|none|Query successful.
20:06:13|::1|jom/view_pending|tantan|none|Query successful.
20:06:13|::1|jom/view_pending|tantan|none|Query successful.
20:06:40|::1|karla/read_packages|tantan|none|Query successful.
20:06:40|::1|jom/view_pending|tantan|none|Query successful.
20:06:40|::1|jom/view_pending|tantan|none|Query successful.
20:06:45|::1|karla/read_packages|tantan|none|Query successful.
20:06:45|::1|jom/view_pending|tantan|none|Query successful.
20:06:45|::1|jom/view_pending|tantan|none|Query successful.
20:06:54|::1|karla/read_packages|tantan|none|Query successful.
20:06:54|::1|jom/view_pending|tantan|none|Query successful.
20:06:54|::1|jom/view_pending|tantan|none|Query successful.
20:07:01|::1|karla/read_packages|tantan|none|Query successful.
20:07:01|::1|jom/view_pending|tantan|none|Query successful.
20:07:01|::1|jom/view_pending|tantan|none|Query successful.
20:07:35|::1|karla/read_packages|tantan|none|Query successful.
20:07:35|::1|jom/view_pending|tantan|none|Query successful.
20:07:35|::1|jom/view_pending|tantan|none|Query successful.
20:07:37|::1|karla/read_packages|tantan|none|Query successful.
20:07:37|::1|jom/view_pending|tantan|none|Query successful.
20:07:37|::1|jom/view_pending|tantan|none|Query successful.
20:09:06|::1|karla/read_packages|tantan|none|Query successful.
20:09:06|::1|jom/view_pending|tantan|none|Query successful.
20:09:06|::1|jom/view_pending|tantan|none|Query successful.
20:09:07|::1|karla/read_packages|tantan|none|Query successful.
20:09:07|::1|jom/view_pending|tantan|none|Query successful.
20:09:07|::1|jom/view_pending|tantan|none|Query successful.
