5:24:33|::1|jom/view_pending|tantan|none|PROCEDURE garciadb.VIEW_PENDING does not exist
5:24:33|::1|jom/check_for_conflict|tantan|none|PROCEDURE garciadb.CHECK_FOR_CONFLICTS does not exist
5:24:33|::1|jom/find_similar|tantan|none|PROCEDURE garciadb.FIND_SIMILAR does not exist
5:24:53|::1|jom/view_pending|tantan|none|PROCEDURE garciadb.VIEW_PENDING does not exist
5:24:53|::1|jom/check_for_conflict|tantan|none|PROCEDURE garciadb.CHECK_FOR_CONFLICTS does not exist
5:24:53|::1|jom/find_similar|tantan|none|PROCEDURE garciadb.FIND_SIMILAR does not exist
5:25:38|::1|jom/view_pending|anon|none|PROCEDURE garciadb.VIEW_PENDING does not exist
5:25:38|::1|jom/check_for_conflict|anon|none|PROCEDURE garciadb.CHECK_FOR_CONFLICTS does not exist
5:25:38|::1|jom/find_similar|anon|none|PROCEDURE garciadb.FIND_SIMILAR does not exist
5:26:48|::1|jom/view_pending|anon|none|PROCEDURE garciadb.VIEW_PENDING does not exist
5:26:48|::1|jom/check_for_conflict|anon|none|PROCEDURE garciadb.CHECK_FOR_CONFLICTS does not exist
5:26:48|::1|jom/find_similar|anon|none|PROCEDURE garciadb.FIND_SIMILAR does not exist
5:31:22|::1|jom/view_pending|anon|none|PROCEDURE garciadb.VIEW_PENDING does not exist
5:31:22|::1|jom/check_for_conflict|anon|none|PROCEDURE garciadb.CHECK_FOR_CONFLICTS does not exist
5:31:22|::1|jom/find_similar|anon|none|PROCEDURE garciadb.FIND_SIMILAR does not exist
5:32:06|::1|jom/view_pending|anon|none|PROCEDURE garciadb.VIEW_PENDING does not exist
5:32:06|::1|jom/check_for_conflict|anon|none|PROCEDURE garciadb.CHECK_FOR_CONFLICTS does not exist
5:32:06|::1|jom/find_similar|anon|none|PROCEDURE garciadb.FIND_SIMILAR does not exist
5:33:15|::1|jom/view_pending|anon|none|PROCEDURE garciadb.VIEW_PENDING does not exist
5:33:15|::1|jom/check_for_conflict|anon|none|PROCEDURE garciadb.CHECK_FOR_CONFLICTS does not exist
5:33:15|::1|jom/find_similar|anon|none|PROCEDURE garciadb.FIND_SIMILAR does not exist
5:33:56|::1|jom/view_pending|anon|none|PROCEDURE garciadb.VIEW_PENDING does not exist
5:33:56|::1|jom/check_for_conflict|anon|none|PROCEDURE garciadb.CHECK_FOR_CONFLICTS does not exist
5:33:56|::1|jom/find_similar|anon|none|PROCEDURE garciadb.FIND_SIMILAR does not exist
5:34:18|::1|jom/view_pending|anon|none|PROCEDURE garciadb.VIEW_PENDING does not exist
5:34:18|::1|jom/check_for_conflict|anon|none|PROCEDURE garciadb.CHECK_FOR_CONFLICTS does not exist
5:34:18|::1|jom/find_similar|anon|none|PROCEDURE garciadb.FIND_SIMILAR does not exist
5:34:45|::1|jom/view_pending|anon|none|PROCEDURE garciadb.VIEW_PENDING does not exist
5:34:45|::1|jom/check_for_conflict|anon|none|PROCEDURE garciadb.CHECK_FOR_CONFLICTS does not exist
5:34:45|::1|jom/find_similar|anon|none|PROCEDURE garciadb.FIND_SIMILAR does not exist
5:34:58|::1|jom/view_pending|anon|none|PROCEDURE garciadb.VIEW_PENDING does not exist
5:34:58|::1|jom/check_for_conflict|anon|none|PROCEDURE garciadb.CHECK_FOR_CONFLICTS does not exist
5:34:58|::1|jom/find_similar|anon|none|PROCEDURE garciadb.FIND_SIMILAR does not exist
5:36:05|::1|jom/view_pending|anon|none|PROCEDURE garciadb.VIEW_PENDING does not exist
5:36:05|::1|jom/check_for_conflict|anon|none|PROCEDURE garciadb.CHECK_FOR_CONFLICTS does not exist
5:36:05|::1|jom/find_similar|anon|none|PROCEDURE garciadb.FIND_SIMILAR does not exist
5:36:42|::1|jom/view_pending|anon|none|PROCEDURE garciadb.VIEW_PENDING does not exist
5:36:42|::1|jom/check_for_conflict|anon|none|PROCEDURE garciadb.CHECK_FOR_CONFLICTS does not exist
5:36:42|::1|jom/find_similar|anon|none|PROCEDURE garciadb.FIND_SIMILAR does not exist
5:38:28|::1|jom/view_pending|anon|none|PROCEDURE garciadb.VIEW_PENDING does not exist
5:38:28|::1|jom/check_for_conflict|anon|none|PROCEDURE garciadb.CHECK_FOR_CONFLICTS does not exist
5:38:28|::1|jom/find_similar|anon|none|PROCEDURE garciadb.FIND_SIMILAR does not exist
5:41:10|::1|jom/view_pending|anon|none|PROCEDURE garciadb.VIEW_PENDING does not exist
5:41:10|::1|jom/check_for_conflict|anon|none|PROCEDURE garciadb.CHECK_FOR_CONFLICTS does not exist
5:41:10|::1|jom/find_similar|anon|none|PROCEDURE garciadb.FIND_SIMILAR does not exist
5:41:41|::1|jom/view_pending|anon|none|PROCEDURE garciadb.VIEW_PENDING does not exist
5:41:41|::1|jom/check_for_conflict|anon|none|PROCEDURE garciadb.CHECK_FOR_CONFLICTS does not exist
5:41:41|::1|jom/find_similar|anon|none|PROCEDURE garciadb.FIND_SIMILAR does not exist
5:42:38|::1|jom/view_pending|adminadmin|none|PROCEDURE garciadb.VIEW_PENDING does not exist
5:42:38|::1|jom/check_for_conflict|adminadmin|none|PROCEDURE garciadb.CHECK_FOR_CONFLICTS does not exist
5:42:38|::1|jom/find_similar|adminadmin|none|PROCEDURE garciadb.FIND_SIMILAR does not exist
5:42:53|::1|jom/view_pending|anon|none|PROCEDURE garciadb.VIEW_PENDING does not exist
5:42:53|::1|jom/check_for_conflict|anon|none|PROCEDURE garciadb.CHECK_FOR_CONFLICTS does not exist
5:42:53|::1|jom/find_similar|anon|none|PROCEDURE garciadb.FIND_SIMILAR does not exist
5:44:38|::1|jom/view_pending|anon|none|PROCEDURE garciadb.VIEW_PENDING does not exist
5:44:38|::1|jom/check_for_conflict|anon|none|PROCEDURE garciadb.CHECK_FOR_CONFLICTS does not exist
5:44:38|::1|jom/find_similar|anon|none|PROCEDURE garciadb.FIND_SIMILAR does not exist
5:44:53|::1|jom/view_pending|anon|none|PROCEDURE garciadb.VIEW_PENDING does not exist
5:44:53|::1|jom/check_for_conflict|anon|none|PROCEDURE garciadb.CHECK_FOR_CONFLICTS does not exist
5:44:53|::1|jom/find_similar|anon|none|PROCEDURE garciadb.FIND_SIMILAR does not exist
5:45:28|::1|jom/view_pending|anon|none|PROCEDURE garciadb.VIEW_PENDING does not exist
5:45:28|::1|jom/check_for_conflict|anon|none|PROCEDURE garciadb.CHECK_FOR_CONFLICTS does not exist
5:45:28|::1|jom/find_similar|anon|none|PROCEDURE garciadb.FIND_SIMILAR does not exist
5:45:42|::1|jom/view_pending|anon|none|PROCEDURE garciadb.VIEW_PENDING does not exist
5:45:42|::1|jom/check_for_conflict|anon|none|PROCEDURE garciadb.CHECK_FOR_CONFLICTS does not exist
5:45:42|::1|jom/find_similar|anon|none|PROCEDURE garciadb.FIND_SIMILAR does not exist
5:46:13|::1|jom/view_pending|adminadmin|none|PROCEDURE garciadb.VIEW_PENDING does not exist
5:46:13|::1|jom/check_for_conflict|adminadmin|none|PROCEDURE garciadb.CHECK_FOR_CONFLICTS does not exist
5:46:13|::1|jom/find_similar|adminadmin|none|PROCEDURE garciadb.FIND_SIMILAR does not exist
5:46:22|::1|jom/view_pending|anon|none|PROCEDURE garciadb.VIEW_PENDING does not exist
5:46:22|::1|jom/check_for_conflict|anon|none|PROCEDURE garciadb.CHECK_FOR_CONFLICTS does not exist
5:46:22|::1|jom/find_similar|anon|none|PROCEDURE garciadb.FIND_SIMILAR does not exist
5:46:27|::1|jom/view_pending|anon|none|PROCEDURE garciadb.VIEW_PENDING does not exist
5:46:27|::1|jom/check_for_conflict|anon|none|PROCEDURE garciadb.CHECK_FOR_CONFLICTS does not exist
5:46:27|::1|jom/find_similar|anon|none|PROCEDURE garciadb.FIND_SIMILAR does not exist
5:46:43|::1|jom/view_pending|anon|none|PROCEDURE garciadb.VIEW_PENDING does not exist
5:46:43|::1|jom/check_for_conflict|anon|none|PROCEDURE garciadb.CHECK_FOR_CONFLICTS does not exist
5:46:43|::1|jom/find_similar|anon|none|PROCEDURE garciadb.FIND_SIMILAR does not exist
5:47:27|::1|jom/view_pending|adminadmin|none|PROCEDURE garciadb.VIEW_PENDING does not exist
5:47:27|::1|jom/check_for_conflict|adminadmin|none|PROCEDURE garciadb.CHECK_FOR_CONFLICTS does not exist
5:47:27|::1|jom/find_similar|adminadmin|none|PROCEDURE garciadb.FIND_SIMILAR does not exist
5:49:46|::1|jom/view_pending|adminadmin|none|PROCEDURE garciadb.VIEW_PENDING does not exist
5:49:46|::1|jom/check_for_conflict|adminadmin|none|PROCEDURE garciadb.CHECK_FOR_CONFLICTS does not exist
5:49:46|::1|jom/find_similar|adminadmin|none|PROCEDURE garciadb.FIND_SIMILAR does not exist
5:51:56|::1|jom/view_pending|adminadmin|none|PROCEDURE garciadb.VIEW_PENDING does not exist
5:51:56|::1|jom/check_for_conflict|adminadmin|none|PROCEDURE garciadb.CHECK_FOR_CONFLICTS does not exist
5:51:56|::1|jom/find_similar|adminadmin|none|PROCEDURE garciadb.FIND_SIMILAR does not exist
5:52:07|::1|jom/view_pending|adminadmin|none|PROCEDURE garciadb.VIEW_PENDING does not exist
5:52:07|::1|jom/check_for_conflict|adminadmin|none|PROCEDURE garciadb.CHECK_FOR_CONFLICTS does not exist
5:52:07|::1|jom/find_similar|adminadmin|none|PROCEDURE garciadb.FIND_SIMILAR does not exist
5:52:38|::1|jom/view_pending|adminadmin|none|PROCEDURE garciadb.VIEW_PENDING does not exist
5:52:38|::1|jom/check_for_conflict|adminadmin|none|PROCEDURE garciadb.CHECK_FOR_CONFLICTS does not exist
5:52:38|::1|jom/find_similar|adminadmin|none|PROCEDURE garciadb.FIND_SIMILAR does not exist
5:55:30|::1|jom/view_pending|anon|none|PROCEDURE garciadb.VIEW_PENDING does not exist
5:55:30|::1|jom/check_for_conflict|anon|none|PROCEDURE garciadb.CHECK_FOR_CONFLICTS does not exist
5:55:30|::1|jom/find_similar|anon|none|PROCEDURE garciadb.FIND_SIMILAR does not exist
5:55:47|::1|jom/view_pending|anon|none|PROCEDURE garciadb.VIEW_PENDING does not exist
5:55:47|::1|jom/check_for_conflict|anon|none|PROCEDURE garciadb.CHECK_FOR_CONFLICTS does not exist
5:55:47|::1|jom/find_similar|anon|none|PROCEDURE garciadb.FIND_SIMILAR does not exist
5:56:13|::1|jom/view_pending|anon|none|PROCEDURE garciadb.VIEW_PENDING does not exist
5:56:13|::1|jom/check_for_conflict|anon|none|PROCEDURE garciadb.CHECK_FOR_CONFLICTS does not exist
5:56:13|::1|jom/find_similar|anon|none|PROCEDURE garciadb.FIND_SIMILAR does not exist
5:56:23|::1|jom/view_pending|anon|none|PROCEDURE garciadb.VIEW_PENDING does not exist
5:56:23|::1|jom/check_for_conflict|anon|none|PROCEDURE garciadb.CHECK_FOR_CONFLICTS does not exist
5:56:23|::1|jom/find_similar|anon|none|PROCEDURE garciadb.FIND_SIMILAR does not exist
5:57:36|::1|jom/view_pending|anon|none|PROCEDURE garciadb.VIEW_PENDING does not exist
5:57:36|::1|jom/check_for_conflict|anon|none|PROCEDURE garciadb.CHECK_FOR_CONFLICTS does not exist
5:57:36|::1|jom/find_similar|anon|none|PROCEDURE garciadb.FIND_SIMILAR does not exist
5:57:50|::1|jom/view_pending|anon|none|PROCEDURE garciadb.VIEW_PENDING does not exist
5:57:50|::1|jom/check_for_conflict|anon|none|PROCEDURE garciadb.CHECK_FOR_CONFLICTS does not exist
5:57:50|::1|jom/find_similar|anon|none|PROCEDURE garciadb.FIND_SIMILAR does not exist
5:57:50|::1|jom/view_pending|anon|none|PROCEDURE garciadb.VIEW_PENDING does not exist
5:57:50|::1|jom/check_for_conflict|anon|none|PROCEDURE garciadb.CHECK_FOR_CONFLICTS does not exist
5:57:50|::1|jom/find_similar|anon|none|PROCEDURE garciadb.FIND_SIMILAR does not exist
5:57:50|::1|jom/view_pending|anon|none|PROCEDURE garciadb.VIEW_PENDING does not exist
5:57:50|::1|jom/check_for_conflict|anon|none|PROCEDURE garciadb.CHECK_FOR_CONFLICTS does not exist
5:57:50|::1|jom/find_similar|anon|none|PROCEDURE garciadb.FIND_SIMILAR does not exist
5:57:50|::1|jom/view_pending|anon|none|PROCEDURE garciadb.VIEW_PENDING does not exist
5:57:50|::1|jom/check_for_conflict|anon|none|PROCEDURE garciadb.CHECK_FOR_CONFLICTS does not exist
5:57:50|::1|jom/find_similar|anon|none|PROCEDURE garciadb.FIND_SIMILAR does not exist
5:57:51|::1|jom/view_pending|anon|none|PROCEDURE garciadb.VIEW_PENDING does not exist
5:57:51|::1|jom/check_for_conflict|anon|none|PROCEDURE garciadb.CHECK_FOR_CONFLICTS does not exist
5:57:51|::1|jom/find_similar|anon|none|PROCEDURE garciadb.FIND_SIMILAR does not exist
5:58:04|::1|jom/view_pending|anon|none|PROCEDURE garciadb.VIEW_PENDING does not exist
5:58:05|::1|jom/check_for_conflict|anon|none|PROCEDURE garciadb.CHECK_FOR_CONFLICTS does not exist
5:58:05|::1|jom/find_similar|anon|none|PROCEDURE garciadb.FIND_SIMILAR does not exist
5:58:22|::1|jom/view_pending|adminadmin|none|PROCEDURE garciadb.VIEW_PENDING does not exist
5:58:22|::1|jom/check_for_conflict|adminadmin|none|PROCEDURE garciadb.CHECK_FOR_CONFLICTS does not exist
5:58:22|::1|jom/find_similar|adminadmin|none|PROCEDURE garciadb.FIND_SIMILAR does not exist
5:58:38|::1|jom/view_pending|anon|none|PROCEDURE garciadb.VIEW_PENDING does not exist
5:58:38|::1|jom/check_for_conflict|anon|none|PROCEDURE garciadb.CHECK_FOR_CONFLICTS does not exist
5:58:38|::1|jom/find_similar|anon|none|PROCEDURE garciadb.FIND_SIMILAR does not exist
6:00:44|::1|jom/view_pending|anon|none|PROCEDURE garciadb.VIEW_PENDING does not exist
6:00:44|::1|jom/check_for_conflict|anon|none|PROCEDURE garciadb.CHECK_FOR_CONFLICTS does not exist
6:00:44|::1|jom/find_similar|anon|none|PROCEDURE garciadb.FIND_SIMILAR does not exist
6:01:02|::1|jom/view_pending|adminadmin|none|PROCEDURE garciadb.VIEW_PENDING does not exist
6:01:02|::1|jom/check_for_conflict|adminadmin|none|PROCEDURE garciadb.CHECK_FOR_CONFLICTS does not exist
6:01:02|::1|jom/find_similar|adminadmin|none|PROCEDURE garciadb.FIND_SIMILAR does not exist
6:01:38|::1|jom/view_pending|anon|none|PROCEDURE garciadb.VIEW_PENDING does not exist
6:01:38|::1|jom/check_for_conflict|anon|none|PROCEDURE garciadb.CHECK_FOR_CONFLICTS does not exist
6:01:38|::1|jom/find_similar|anon|none|PROCEDURE garciadb.FIND_SIMILAR does not exist
6:02:54|::1|jom/view_pending|anon|none|PROCEDURE garciadb.VIEW_PENDING does not exist
6:02:54|::1|jom/check_for_conflict|anon|none|PROCEDURE garciadb.CHECK_FOR_CONFLICTS does not exist
6:02:54|::1|jom/find_similar|anon|none|PROCEDURE garciadb.FIND_SIMILAR does not exist
6:03:33|::1|jom/view_pending|anon|none|PROCEDURE garciadb.VIEW_PENDING does not exist
6:03:33|::1|jom/check_for_conflict|anon|none|PROCEDURE garciadb.CHECK_FOR_CONFLICTS does not exist
6:03:33|::1|jom/find_similar|anon|none|PROCEDURE garciadb.FIND_SIMILAR does not exist
6:07:04|::1|jom/view_pending|adminadmin|none|PROCEDURE garciadb.VIEW_PENDING does not exist
6:07:04|::1|jom/check_for_conflict|adminadmin|none|PROCEDURE garciadb.CHECK_FOR_CONFLICTS does not exist
6:07:04|::1|jom/find_similar|adminadmin|none|PROCEDURE garciadb.FIND_SIMILAR does not exist
6:09:10|::1|jom/view_pending|adminadmin|none|PROCEDURE garciadb.VIEW_PENDING does not exist
6:09:10|::1|jom/check_for_conflict|adminadmin|none|PROCEDURE garciadb.CHECK_FOR_CONFLICTS does not exist
6:09:10|::1|jom/find_similar|adminadmin|none|PROCEDURE garciadb.FIND_SIMILAR does not exist
6:10:57|::1|jom/view_pending|adminadmin|none|PROCEDURE garciadb.VIEW_PENDING does not exist
6:10:57|::1|jom/check_for_conflict|adminadmin|none|PROCEDURE garciadb.CHECK_FOR_CONFLICTS does not exist
6:10:57|::1|jom/find_similar|adminadmin|none|PROCEDURE garciadb.FIND_SIMILAR does not exist
6:16:27|::1|jom/view_pending|adminadmin|none|PROCEDURE garciadb.VIEW_PENDING does not exist
6:16:27|::1|jom/check_for_conflict|adminadmin|none|PROCEDURE garciadb.CHECK_FOR_CONFLICTS does not exist
6:16:27|::1|jom/find_similar|adminadmin|none|PROCEDURE garciadb.FIND_SIMILAR does not exist
6:18:50|::1|jom/view_pending|adminadmin|none|PROCEDURE garciadb.VIEW_PENDING does not exist
6:18:50|::1|jom/check_for_conflict|adminadmin|none|PROCEDURE garciadb.CHECK_FOR_CONFLICTS does not exist
6:18:50|::1|jom/find_similar|adminadmin|none|PROCEDURE garciadb.FIND_SIMILAR does not exist
6:19:11|::1|jom/view_pending|adminadmin|none|PROCEDURE garciadb.VIEW_PENDING does not exist
6:19:11|::1|jom/check_for_conflict|adminadmin|none|PROCEDURE garciadb.CHECK_FOR_CONFLICTS does not exist
6:19:12|::1|jom/find_similar|adminadmin|none|PROCEDURE garciadb.FIND_SIMILAR does not exist
6:19:28|::1|jom/view_pending|adminadmin|none|PROCEDURE garciadb.VIEW_PENDING does not exist
6:19:28|::1|jom/check_for_conflict|adminadmin|none|PROCEDURE garciadb.CHECK_FOR_CONFLICTS does not exist
6:19:28|::1|jom/find_similar|adminadmin|none|PROCEDURE garciadb.FIND_SIMILAR does not exist
6:19:41|::1|jom/view_pending|adminadmin|none|PROCEDURE garciadb.VIEW_PENDING does not exist
6:19:41|::1|jom/check_for_conflict|adminadmin|none|PROCEDURE garciadb.CHECK_FOR_CONFLICTS does not exist
6:19:41|::1|jom/find_similar|adminadmin|none|PROCEDURE garciadb.FIND_SIMILAR does not exist
6:20:23|::1|jom/view_pending|adminadmin|none|PROCEDURE garciadb.VIEW_PENDING does not exist
6:20:23|::1|jom/check_for_conflict|adminadmin|none|PROCEDURE garciadb.CHECK_FOR_CONFLICTS does not exist
6:20:23|::1|jom/find_similar|adminadmin|none|PROCEDURE garciadb.FIND_SIMILAR does not exist
6:20:58|::1|jom/view_pending|adminadmin|none|PROCEDURE garciadb.VIEW_PENDING does not exist
6:20:58|::1|jom/check_for_conflict|adminadmin|none|PROCEDURE garciadb.CHECK_FOR_CONFLICTS does not exist
6:20:58|::1|jom/find_similar|adminadmin|none|PROCEDURE garciadb.FIND_SIMILAR does not exist
6:21:38|::1|jom/view_pending|adminadmin|none|PROCEDURE garciadb.VIEW_PENDING does not exist
6:21:38|::1|jom/check_for_conflict|adminadmin|none|PROCEDURE garciadb.CHECK_FOR_CONFLICTS does not exist
6:21:38|::1|jom/find_similar|adminadmin|none|PROCEDURE garciadb.FIND_SIMILAR does not exist
6:21:41|::1|jom/view_pending|adminadmin|none|PROCEDURE garciadb.VIEW_PENDING does not exist
6:21:41|::1|jom/check_for_conflict|adminadmin|none|PROCEDURE garciadb.CHECK_FOR_CONFLICTS does not exist
6:21:41|::1|jom/find_similar|adminadmin|none|PROCEDURE garciadb.FIND_SIMILAR does not exist
6:21:48|::1|jom/view_pending|adminadmin|none|PROCEDURE garciadb.VIEW_PENDING does not exist
6:21:48|::1|jom/check_for_conflict|adminadmin|none|PROCEDURE garciadb.CHECK_FOR_CONFLICTS does not exist
6:21:48|::1|jom/find_similar|adminadmin|none|PROCEDURE garciadb.FIND_SIMILAR does not exist
6:22:48|::1|jom/view_pending|adminadmin|none|PROCEDURE garciadb.VIEW_PENDING does not exist
6:22:48|::1|jom/check_for_conflict|adminadmin|none|PROCEDURE garciadb.CHECK_FOR_CONFLICTS does not exist
6:22:48|::1|jom/find_similar|adminadmin|none|PROCEDURE garciadb.FIND_SIMILAR does not exist
6:28:09|::1|jom/view_pending|adminadmin|none|PROCEDURE garciadb.VIEW_PENDING does not exist
6:28:09|::1|jom/check_for_conflict|adminadmin|none|PROCEDURE garciadb.CHECK_FOR_CONFLICTS does not exist
6:28:09|::1|jom/find_similar|adminadmin|none|PROCEDURE garciadb.FIND_SIMILAR does not exist
6:29:58|::1|jom/view_pending|adminadmin|none|PROCEDURE garciadb.VIEW_PENDING does not exist
6:29:58|::1|jom/check_for_conflict|adminadmin|none|PROCEDURE garciadb.CHECK_FOR_CONFLICTS does not exist
6:29:58|::1|jom/find_similar|adminadmin|none|PROCEDURE garciadb.FIND_SIMILAR does not exist
6:30:08|::1|jom/view_pending|adminadmin|none|PROCEDURE garciadb.VIEW_PENDING does not exist
6:30:08|::1|jom/check_for_conflict|adminadmin|none|PROCEDURE garciadb.CHECK_FOR_CONFLICTS does not exist
6:30:08|::1|jom/find_similar|adminadmin|none|PROCEDURE garciadb.FIND_SIMILAR does not exist
6:30:15|::1|jom/view_pending|adminadmin|none|PROCEDURE garciadb.VIEW_PENDING does not exist
6:30:15|::1|jom/check_for_conflict|adminadmin|none|PROCEDURE garciadb.CHECK_FOR_CONFLICTS does not exist
6:30:15|::1|jom/find_similar|adminadmin|none|PROCEDURE garciadb.FIND_SIMILAR does not exist
6:31:00|::1|jom/view_pending|adminadmin|none|PROCEDURE garciadb.VIEW_PENDING does not exist
6:31:00|::1|jom/check_for_conflict|adminadmin|none|PROCEDURE garciadb.CHECK_FOR_CONFLICTS does not exist
6:31:00|::1|jom/find_similar|adminadmin|none|PROCEDURE garciadb.FIND_SIMILAR does not exist
6:31:03|::1|jom/view_pending|adminadmin|none|PROCEDURE garciadb.VIEW_PENDING does not exist
6:31:03|::1|jom/check_for_conflict|adminadmin|none|PROCEDURE garciadb.CHECK_FOR_CONFLICTS does not exist
6:31:03|::1|jom/find_similar|adminadmin|none|PROCEDURE garciadb.FIND_SIMILAR does not exist
6:31:19|::1|jom/view_pending|adminadmin|none|PROCEDURE garciadb.VIEW_PENDING does not exist
6:31:19|::1|jom/check_for_conflict|adminadmin|none|PROCEDURE garciadb.CHECK_FOR_CONFLICTS does not exist
6:31:19|::1|jom/find_similar|adminadmin|none|PROCEDURE garciadb.FIND_SIMILAR does not exist
6:31:25|::1|jom/view_pending|adminadmin|none|PROCEDURE garciadb.VIEW_PENDING does not exist
6:31:25|::1|jom/check_for_conflict|adminadmin|none|PROCEDURE garciadb.CHECK_FOR_CONFLICTS does not exist
6:31:25|::1|jom/find_similar|adminadmin|none|PROCEDURE garciadb.FIND_SIMILAR does not exist
6:33:04|::1|jom/view_pending|adminadmin|none|PROCEDURE garciadb.VIEW_PENDING does not exist
6:33:04|::1|jom/check_for_conflict|adminadmin|none|PROCEDURE garciadb.CHECK_FOR_CONFLICTS does not exist
6:33:04|::1|jom/find_similar|adminadmin|none|PROCEDURE garciadb.FIND_SIMILAR does not exist
6:33:10|::1|jom/view_pending|adminadmin|none|PROCEDURE garciadb.VIEW_PENDING does not exist
6:33:10|::1|jom/check_for_conflict|adminadmin|none|PROCEDURE garciadb.CHECK_FOR_CONFLICTS does not exist
6:33:10|::1|jom/find_similar|adminadmin|none|PROCEDURE garciadb.FIND_SIMILAR does not exist
6:33:38|::1|jom/view_pending|adminadmin|none|PROCEDURE garciadb.VIEW_PENDING does not exist
6:33:38|::1|jom/check_for_conflict|adminadmin|none|PROCEDURE garciadb.CHECK_FOR_CONFLICTS does not exist
6:33:38|::1|jom/find_similar|adminadmin|none|PROCEDURE garciadb.FIND_SIMILAR does not exist
6:33:53|::1|jom/view_pending|adminadmin|none|PROCEDURE garciadb.VIEW_PENDING does not exist
6:33:53|::1|jom/check_for_conflict|adminadmin|none|PROCEDURE garciadb.CHECK_FOR_CONFLICTS does not exist
6:33:53|::1|jom/find_similar|adminadmin|none|PROCEDURE garciadb.FIND_SIMILAR does not exist
6:34:18|::1|jom/view_pending|adminadmin|none|PROCEDURE garciadb.VIEW_PENDING does not exist
6:34:18|::1|jom/check_for_conflict|adminadmin|none|PROCEDURE garciadb.CHECK_FOR_CONFLICTS does not exist
6:34:18|::1|jom/find_similar|adminadmin|none|PROCEDURE garciadb.FIND_SIMILAR does not exist
6:35:49|::1|jom/view_pending|adminadmin|none|PROCEDURE garciadb.VIEW_PENDING does not exist
6:35:49|::1|jom/check_for_conflict|adminadmin|none|PROCEDURE garciadb.CHECK_FOR_CONFLICTS does not exist
6:35:49|::1|jom/find_similar|adminadmin|none|PROCEDURE garciadb.FIND_SIMILAR does not exist
6:36:05|::1|karla/create_package|adminadmin|Booth shit,piso isa|Column count doesn't match value count at row 1
6:36:08|::1|jom/view_pending|adminadmin|none|PROCEDURE garciadb.VIEW_PENDING does not exist
6:36:08|::1|jom/check_for_conflict|adminadmin|none|PROCEDURE garciadb.CHECK_FOR_CONFLICTS does not exist
6:36:08|::1|jom/find_similar|adminadmin|none|PROCEDURE garciadb.FIND_SIMILAR does not exist
6:40:56|::1|jom/view_pending|adminadmin|none|PROCEDURE garciadb.VIEW_PENDING does not exist
6:40:56|::1|jom/check_for_conflict|adminadmin|none|PROCEDURE garciadb.CHECK_FOR_CONFLICTS does not exist
6:40:56|::1|jom/find_similar|adminadmin|none|PROCEDURE garciadb.FIND_SIMILAR does not exist
6:42:08|::1|jom/view_pending|adminadmin|none|PROCEDURE garciadb.VIEW_PENDING does not exist
6:42:08|::1|jom/check_for_conflict|adminadmin|none|PROCEDURE garciadb.CHECK_FOR_CONFLICTS does not exist
6:42:08|::1|jom/find_similar|adminadmin|none|PROCEDURE garciadb.FIND_SIMILAR does not exist
6:42:35|::1|jom/view_pending|adminadmin|none|PROCEDURE garciadb.VIEW_PENDING does not exist
6:42:35|::1|jom/check_for_conflict|adminadmin|none|PROCEDURE garciadb.CHECK_FOR_CONFLICTS does not exist
6:42:35|::1|jom/find_similar|adminadmin|none|PROCEDURE garciadb.FIND_SIMILAR does not exist
6:42:49|::1|jom/view_pending|adminadmin|none|PROCEDURE garciadb.VIEW_PENDING does not exist
6:42:49|::1|jom/check_for_conflict|adminadmin|none|PROCEDURE garciadb.CHECK_FOR_CONFLICTS does not exist
6:42:49|::1|jom/find_similar|adminadmin|none|PROCEDURE garciadb.FIND_SIMILAR does not exist
6:47:10|::1|jom/view_pending|adminadmin|none|PROCEDURE garciadb.VIEW_PENDING does not exist
6:47:10|::1|jom/check_for_conflict|adminadmin|none|PROCEDURE garciadb.CHECK_FOR_CONFLICTS does not exist
6:47:10|::1|jom/find_similar|adminadmin|none|PROCEDURE garciadb.FIND_SIMILAR does not exist
6:51:29|::1|jom/view_pending|adminadmin|none|PROCEDURE garciadb.VIEW_PENDING does not exist
6:51:29|::1|jom/check_for_conflict|adminadmin|none|PROCEDURE garciadb.CHECK_FOR_CONFLICTS does not exist
6:51:29|::1|jom/find_similar|adminadmin|none|PROCEDURE garciadb.FIND_SIMILAR does not exist
6:51:58|::1|jom/view_pending|adminadmin|none|PROCEDURE garciadb.VIEW_PENDING does not exist
6:51:58|::1|jom/check_for_conflict|adminadmin|none|PROCEDURE garciadb.CHECK_FOR_CONFLICTS does not exist
6:51:58|::1|jom/find_similar|adminadmin|none|PROCEDURE garciadb.FIND_SIMILAR does not exist
6:52:25|::1|jom/view_pending|adminadmin|none|PROCEDURE garciadb.VIEW_PENDING does not exist
6:52:25|::1|jom/check_for_conflict|adminadmin|none|PROCEDURE garciadb.CHECK_FOR_CONFLICTS does not exist
6:52:25|::1|jom/find_similar|adminadmin|none|PROCEDURE garciadb.FIND_SIMILAR does not exist
6:52:28|::1|jom/view_pending|adminadmin|none|PROCEDURE garciadb.VIEW_PENDING does not exist
6:52:28|::1|jom/check_for_conflict|adminadmin|none|PROCEDURE garciadb.CHECK_FOR_CONFLICTS does not exist
6:52:28|::1|jom/find_similar|adminadmin|none|PROCEDURE garciadb.FIND_SIMILAR does not exist
6:52:30|::1|jom/view_pending|adminadmin|none|PROCEDURE garciadb.VIEW_PENDING does not exist
6:52:30|::1|jom/check_for_conflict|adminadmin|none|PROCEDURE garciadb.CHECK_FOR_CONFLICTS does not exist
6:52:30|::1|jom/find_similar|adminadmin|none|PROCEDURE garciadb.FIND_SIMILAR does not exist
6:53:56|::1|jom/view_pending|adminadmin|none|PROCEDURE garciadb.VIEW_PENDING does not exist
6:53:56|::1|jom/check_for_conflict|adminadmin|none|PROCEDURE garciadb.CHECK_FOR_CONFLICTS does not exist
6:53:56|::1|jom/find_similar|adminadmin|none|PROCEDURE garciadb.FIND_SIMILAR does not exist
6:54:04|::1|jom/view_pending|adminadmin|none|PROCEDURE garciadb.VIEW_PENDING does not exist
6:54:04|::1|jom/check_for_conflict|adminadmin|none|PROCEDURE garciadb.CHECK_FOR_CONFLICTS does not exist
6:54:04|::1|jom/find_similar|adminadmin|none|PROCEDURE garciadb.FIND_SIMILAR does not exist
6:54:06|::1|jom/view_pending|adminadmin|none|PROCEDURE garciadb.VIEW_PENDING does not exist
6:54:06|::1|jom/check_for_conflict|adminadmin|none|PROCEDURE garciadb.CHECK_FOR_CONFLICTS does not exist
6:54:06|::1|jom/find_similar|adminadmin|none|PROCEDURE garciadb.FIND_SIMILAR does not exist
6:54:09|::1|jom/view_pending|adminadmin|none|PROCEDURE garciadb.VIEW_PENDING does not exist
6:54:09|::1|jom/check_for_conflict|adminadmin|none|PROCEDURE garciadb.CHECK_FOR_CONFLICTS does not exist
6:54:09|::1|jom/find_similar|adminadmin|none|PROCEDURE garciadb.FIND_SIMILAR does not exist
6:54:52|::1|jom/view_pending|adminadmin|none|PROCEDURE garciadb.VIEW_PENDING does not exist
6:54:52|::1|jom/check_for_conflict|adminadmin|none|PROCEDURE garciadb.CHECK_FOR_CONFLICTS does not exist
6:54:52|::1|jom/find_similar|adminadmin|none|PROCEDURE garciadb.FIND_SIMILAR does not exist
6:54:52|::1|jom/view_pending|adminadmin|none|PROCEDURE garciadb.VIEW_PENDING does not exist
6:54:52|::1|jom/check_for_conflict|adminadmin|none|PROCEDURE garciadb.CHECK_FOR_CONFLICTS does not exist
6:54:52|::1|jom/find_similar|adminadmin|none|PROCEDURE garciadb.FIND_SIMILAR does not exist
6:56:46|::1|jom/view_pending|adminadmin|none|PROCEDURE garciadb.VIEW_PENDING does not exist
6:56:46|::1|jom/check_for_conflict|adminadmin|none|PROCEDURE garciadb.CHECK_FOR_CONFLICTS does not exist
6:56:46|::1|jom/find_similar|adminadmin|none|PROCEDURE garciadb.FIND_SIMILAR does not exist
6:57:02|::1|jom/view_pending|adminadmin|none|PROCEDURE garciadb.VIEW_PENDING does not exist
6:57:02|::1|jom/check_for_conflict|adminadmin|none|PROCEDURE garciadb.CHECK_FOR_CONFLICTS does not exist
6:57:02|::1|jom/find_similar|adminadmin|none|PROCEDURE garciadb.FIND_SIMILAR does not exist
6:57:06|::1|jom/view_pending|adminadmin|none|PROCEDURE garciadb.VIEW_PENDING does not exist
6:57:06|::1|jom/check_for_conflict|adminadmin|none|PROCEDURE garciadb.CHECK_FOR_CONFLICTS does not exist
6:57:06|::1|jom/find_similar|adminadmin|none|PROCEDURE garciadb.FIND_SIMILAR does not exist
6:57:43|::1|jom/view_pending|adminadmin|none|PROCEDURE garciadb.VIEW_PENDING does not exist
6:57:44|::1|jom/check_for_conflict|adminadmin|none|PROCEDURE garciadb.CHECK_FOR_CONFLICTS does not exist
6:57:44|::1|jom/find_similar|adminadmin|none|PROCEDURE garciadb.FIND_SIMILAR does not exist
7:00:20|::1|jom/view_pending|adminadmin|none|PROCEDURE garciadb.VIEW_PENDING does not exist
7:00:20|::1|jom/check_for_conflict|adminadmin|none|PROCEDURE garciadb.CHECK_FOR_CONFLICTS does not exist
7:00:20|::1|jom/find_similar|adminadmin|none|PROCEDURE garciadb.FIND_SIMILAR does not exist
7:00:51|::1|jom/view_pending|adminadmin|none|PROCEDURE garciadb.VIEW_PENDING does not exist
7:00:51|::1|jom/check_for_conflict|adminadmin|none|PROCEDURE garciadb.CHECK_FOR_CONFLICTS does not exist
7:00:51|::1|jom/find_similar|adminadmin|none|PROCEDURE garciadb.FIND_SIMILAR does not exist
7:05:00|::1|jom/view_pending|adminadmin|none|PROCEDURE garciadb.VIEW_PENDING does not exist
7:05:00|::1|jom/check_for_conflict|adminadmin|none|PROCEDURE garciadb.CHECK_FOR_CONFLICTS does not exist
7:05:00|::1|jom/find_similar|adminadmin|none|PROCEDURE garciadb.FIND_SIMILAR does not exist
7:05:35|::1|jom/view_pending|anon|none|PROCEDURE garciadb.VIEW_PENDING does not exist
7:05:35|::1|jom/check_for_conflict|anon|none|PROCEDURE garciadb.CHECK_FOR_CONFLICTS does not exist
7:05:35|::1|jom/find_similar|anon|none|PROCEDURE garciadb.FIND_SIMILAR does not exist
7:10:07|::1|jom/view_pending|tantan|none|PROCEDURE garciadb.VIEW_PENDING does not exist
7:10:07|::1|jom/check_for_conflict|tantan|none|PROCEDURE garciadb.CHECK_FOR_CONFLICTS does not exist
7:10:07|::1|jom/find_similar|tantan|none|PROCEDURE garciadb.FIND_SIMILAR does not exist
7:11:15|::1|jom/view_pending|tantan|none|PROCEDURE garciadb.VIEW_PENDING does not exist
7:11:15|::1|jom/check_for_conflict|tantan|none|PROCEDURE garciadb.CHECK_FOR_CONFLICTS does not exist
7:11:15|::1|jom/find_similar|tantan|none|PROCEDURE garciadb.FIND_SIMILAR does not exist
7:11:22|::1|jom/view_pending|tantan|none|PROCEDURE garciadb.VIEW_PENDING does not exist
7:11:22|::1|jom/check_for_conflict|tantan|none|PROCEDURE garciadb.CHECK_FOR_CONFLICTS does not exist
7:11:22|::1|jom/find_similar|tantan|none|PROCEDURE garciadb.FIND_SIMILAR does not exist
7:11:31|::1|jom/view_pending|tantan|none|PROCEDURE garciadb.VIEW_PENDING does not exist
7:11:31|::1|jom/check_for_conflict|tantan|none|PROCEDURE garciadb.CHECK_FOR_CONFLICTS does not exist
7:11:31|::1|jom/find_similar|tantan|none|PROCEDURE garciadb.FIND_SIMILAR does not exist
7:14:12|::1|jom/view_pending|tantan|none|PROCEDURE garciadb.VIEW_PENDING does not exist
7:14:12|::1|jom/check_for_conflict|tantan|none|PROCEDURE garciadb.CHECK_FOR_CONFLICTS does not exist
7:14:12|::1|jom/find_similar|tantan|none|PROCEDURE garciadb.FIND_SIMILAR does not exist
7:14:30|::1|jom/view_pending|tantan|none|PROCEDURE garciadb.VIEW_PENDING does not exist
7:14:30|::1|jom/check_for_conflict|tantan|none|PROCEDURE garciadb.CHECK_FOR_CONFLICTS does not exist
7:14:30|::1|jom/find_similar|tantan|none|PROCEDURE garciadb.FIND_SIMILAR does not exist
7:15:26|::1|jom/view_pending|tantan|none|PROCEDURE garciadb.VIEW_PENDING does not exist
7:15:26|::1|jom/check_for_conflict|tantan|none|PROCEDURE garciadb.CHECK_FOR_CONFLICTS does not exist
7:15:26|::1|jom/find_similar|tantan|none|PROCEDURE garciadb.FIND_SIMILAR does not exist
7:16:56|::1|jom/view_pending|tantan|none|PROCEDURE garciadb.VIEW_PENDING does not exist
7:16:56|::1|jom/check_for_conflict|tantan|none|PROCEDURE garciadb.CHECK_FOR_CONFLICTS does not exist
7:16:56|::1|jom/find_similar|tantan|none|PROCEDURE garciadb.FIND_SIMILAR does not exist
7:17:14|::1|jom/view_pending|tantan|none|PROCEDURE garciadb.VIEW_PENDING does not exist
7:17:14|::1|jom/check_for_conflict|tantan|none|PROCEDURE garciadb.CHECK_FOR_CONFLICTS does not exist
7:17:14|::1|jom/find_similar|tantan|none|PROCEDURE garciadb.FIND_SIMILAR does not exist
7:17:35|::1|jom/view_pending|tantan|none|PROCEDURE garciadb.VIEW_PENDING does not exist
7:17:35|::1|jom/check_for_conflict|tantan|none|PROCEDURE garciadb.CHECK_FOR_CONFLICTS does not exist
7:17:35|::1|jom/find_similar|tantan|none|PROCEDURE garciadb.FIND_SIMILAR does not exist
7:17:59|::1|jom/view_pending|tantan|none|PROCEDURE garciadb.VIEW_PENDING does not exist
7:17:59|::1|jom/check_for_conflict|tantan|none|PROCEDURE garciadb.CHECK_FOR_CONFLICTS does not exist
7:17:59|::1|jom/find_similar|tantan|none|PROCEDURE garciadb.FIND_SIMILAR does not exist
7:20:51|::1|jom/view_pending|tantan|none|PROCEDURE garciadb.VIEW_PENDING does not exist
7:20:51|::1|jom/check_for_conflict|tantan|none|PROCEDURE garciadb.CHECK_FOR_CONFLICTS does not exist
7:20:51|::1|jom/find_similar|tantan|none|PROCEDURE garciadb.FIND_SIMILAR does not exist
7:20:59|::1|jom/view_pending|tantan|none|PROCEDURE garciadb.VIEW_PENDING does not exist
7:20:59|::1|jom/check_for_conflict|tantan|none|PROCEDURE garciadb.CHECK_FOR_CONFLICTS does not exist
7:20:59|::1|jom/find_similar|tantan|none|PROCEDURE garciadb.FIND_SIMILAR does not exist
7:21:21|::1|jom/view_pending|tantan|none|PROCEDURE garciadb.VIEW_PENDING does not exist
7:21:21|::1|jom/check_for_conflict|tantan|none|PROCEDURE garciadb.CHECK_FOR_CONFLICTS does not exist
7:21:21|::1|jom/find_similar|tantan|none|PROCEDURE garciadb.FIND_SIMILAR does not exist
7:21:39|::1|jom/view_pending|tantan|none|PROCEDURE garciadb.VIEW_PENDING does not exist
7:21:39|::1|jom/check_for_conflict|tantan|none|PROCEDURE garciadb.CHECK_FOR_CONFLICTS does not exist
7:21:39|::1|jom/find_similar|tantan|none|PROCEDURE garciadb.FIND_SIMILAR does not exist
7:22:38|::1|jom/view_pending|tantan|none|PROCEDURE garciadb.VIEW_PENDING does not exist
7:22:38|::1|jom/check_for_conflict|tantan|none|PROCEDURE garciadb.CHECK_FOR_CONFLICTS does not exist
7:22:38|::1|jom/find_similar|tantan|none|PROCEDURE garciadb.FIND_SIMILAR does not exist
7:25:26|::1|jom/view_pending|tantan|none|PROCEDURE garciadb.VIEW_PENDING does not exist
7:25:26|::1|jom/check_for_conflict|tantan|none|PROCEDURE garciadb.CHECK_FOR_CONFLICTS does not exist
7:25:26|::1|jom/find_similar|tantan|none|PROCEDURE garciadb.FIND_SIMILAR does not exist
7:26:10|::1|jom/view_pending|tantan|none|PROCEDURE garciadb.VIEW_PENDING does not exist
7:26:10|::1|jom/check_for_conflict|tantan|none|PROCEDURE garciadb.CHECK_FOR_CONFLICTS does not exist
7:26:10|::1|jom/find_similar|tantan|none|PROCEDURE garciadb.FIND_SIMILAR does not exist
7:26:33|::1|jom/view_pending|tantan|none|PROCEDURE garciadb.VIEW_PENDING does not exist
7:26:33|::1|jom/check_for_conflict|tantan|none|PROCEDURE garciadb.CHECK_FOR_CONFLICTS does not exist
7:26:33|::1|jom/find_similar|tantan|none|PROCEDURE garciadb.FIND_SIMILAR does not exist
7:26:52|::1|jom/view_pending|tantan|none|PROCEDURE garciadb.VIEW_PENDING does not exist
7:26:52|::1|jom/check_for_conflict|tantan|none|PROCEDURE garciadb.CHECK_FOR_CONFLICTS does not exist
7:26:52|::1|jom/find_similar|tantan|none|PROCEDURE garciadb.FIND_SIMILAR does not exist
7:27:16|::1|jom/view_pending|tantan|none|PROCEDURE garciadb.VIEW_PENDING does not exist
7:27:16|::1|jom/check_for_conflict|tantan|none|PROCEDURE garciadb.CHECK_FOR_CONFLICTS does not exist
7:27:16|::1|jom/find_similar|tantan|none|PROCEDURE garciadb.FIND_SIMILAR does not exist
7:27:53|::1|jom/view_pending|tantan|none|PROCEDURE garciadb.VIEW_PENDING does not exist
7:27:53|::1|jom/check_for_conflict|tantan|none|PROCEDURE garciadb.CHECK_FOR_CONFLICTS does not exist
7:27:53|::1|jom/find_similar|tantan|none|PROCEDURE garciadb.FIND_SIMILAR does not exist
7:28:02|::1|jom/view_pending|tantan|none|PROCEDURE garciadb.VIEW_PENDING does not exist
7:28:02|::1|jom/check_for_conflict|tantan|none|PROCEDURE garciadb.CHECK_FOR_CONFLICTS does not exist
7:28:02|::1|jom/find_similar|tantan|none|PROCEDURE garciadb.FIND_SIMILAR does not exist
7:32:21|::1|jom/view_pending|tantan|none|PROCEDURE garciadb.VIEW_PENDING does not exist
7:32:21|::1|jom/check_for_conflict|tantan|none|PROCEDURE garciadb.CHECK_FOR_CONFLICTS does not exist
7:32:21|::1|jom/find_similar|tantan|none|PROCEDURE garciadb.FIND_SIMILAR does not exist
7:34:31|::1|jom/view_pending|tantan|none|PROCEDURE garciadb.VIEW_PENDING does not exist
7:34:31|::1|jom/check_for_conflict|tantan|none|PROCEDURE garciadb.CHECK_FOR_CONFLICTS does not exist
7:34:31|::1|jom/find_similar|tantan|none|PROCEDURE garciadb.FIND_SIMILAR does not exist
7:35:37|::1|jom/view_pending|anon|none|PROCEDURE garciadb.VIEW_PENDING does not exist
7:35:37|::1|jom/check_for_conflict|anon|none|PROCEDURE garciadb.CHECK_FOR_CONFLICTS does not exist
7:35:37|::1|jom/find_similar|anon|none|PROCEDURE garciadb.FIND_SIMILAR does not exist
7:36:04|::1|jom/view_pending|anon|none|PROCEDURE garciadb.VIEW_PENDING does not exist
7:36:04|::1|jom/check_for_conflict|anon|none|PROCEDURE garciadb.CHECK_FOR_CONFLICTS does not exist
7:36:04|::1|jom/find_similar|anon|none|PROCEDURE garciadb.FIND_SIMILAR does not exist
7:36:15|::1|jom/view_pending|anon|none|PROCEDURE garciadb.VIEW_PENDING does not exist
7:36:15|::1|jom/check_for_conflict|anon|none|PROCEDURE garciadb.CHECK_FOR_CONFLICTS does not exist
7:36:15|::1|jom/find_similar|anon|none|PROCEDURE garciadb.FIND_SIMILAR does not exist
7:36:31|::1|jom/view_pending|anon|none|PROCEDURE garciadb.VIEW_PENDING does not exist
7:36:31|::1|jom/check_for_conflict|anon|none|PROCEDURE garciadb.CHECK_FOR_CONFLICTS does not exist
7:36:31|::1|jom/find_similar|anon|none|PROCEDURE garciadb.FIND_SIMILAR does not exist
7:36:43|::1|jom/view_pending|anon|none|PROCEDURE garciadb.VIEW_PENDING does not exist
7:36:44|::1|jom/check_for_conflict|anon|none|PROCEDURE garciadb.CHECK_FOR_CONFLICTS does not exist
7:36:44|::1|jom/find_similar|anon|none|PROCEDURE garciadb.FIND_SIMILAR does not exist
7:36:51|::1|jom/view_pending|anon|none|PROCEDURE garciadb.VIEW_PENDING does not exist
7:36:51|::1|jom/check_for_conflict|anon|none|PROCEDURE garciadb.CHECK_FOR_CONFLICTS does not exist
7:36:51|::1|jom/find_similar|anon|none|PROCEDURE garciadb.FIND_SIMILAR does not exist
7:37:25|::1|jom/view_pending|anon|none|PROCEDURE garciadb.VIEW_PENDING does not exist
7:37:25|::1|jom/check_for_conflict|anon|none|PROCEDURE garciadb.CHECK_FOR_CONFLICTS does not exist
7:37:25|::1|jom/find_similar|anon|none|PROCEDURE garciadb.FIND_SIMILAR does not exist
7:37:42|::1|jom/view_pending|anon|none|PROCEDURE garciadb.VIEW_PENDING does not exist
7:37:42|::1|jom/check_for_conflict|anon|none|PROCEDURE garciadb.CHECK_FOR_CONFLICTS does not exist
7:37:42|::1|jom/find_similar|anon|none|PROCEDURE garciadb.FIND_SIMILAR does not exist
7:38:04|::1|jom/view_pending|anon|none|PROCEDURE garciadb.VIEW_PENDING does not exist
7:38:04|::1|jom/check_for_conflict|anon|none|PROCEDURE garciadb.CHECK_FOR_CONFLICTS does not exist
7:38:04|::1|jom/find_similar|anon|none|PROCEDURE garciadb.FIND_SIMILAR does not exist
7:38:41|::1|jom/view_pending|anon|none|PROCEDURE garciadb.VIEW_PENDING does not exist
7:38:41|::1|jom/check_for_conflict|anon|none|PROCEDURE garciadb.CHECK_FOR_CONFLICTS does not exist
7:38:41|::1|jom/find_similar|anon|none|PROCEDURE garciadb.FIND_SIMILAR does not exist
7:39:00|::1|jom/view_pending|anon|none|PROCEDURE garciadb.VIEW_PENDING does not exist
7:39:00|::1|jom/check_for_conflict|anon|none|PROCEDURE garciadb.CHECK_FOR_CONFLICTS does not exist
7:39:00|::1|jom/find_similar|anon|none|PROCEDURE garciadb.FIND_SIMILAR does not exist
7:39:28|::1|jom/view_pending|anon|none|PROCEDURE garciadb.VIEW_PENDING does not exist
7:39:28|::1|jom/check_for_conflict|anon|none|PROCEDURE garciadb.CHECK_FOR_CONFLICTS does not exist
7:39:28|::1|jom/find_similar|anon|none|PROCEDURE garciadb.FIND_SIMILAR does not exist
7:39:42|::1|jom/view_pending|anon|none|PROCEDURE garciadb.VIEW_PENDING does not exist
7:39:42|::1|jom/check_for_conflict|anon|none|PROCEDURE garciadb.CHECK_FOR_CONFLICTS does not exist
7:39:42|::1|jom/find_similar|anon|none|PROCEDURE garciadb.FIND_SIMILAR does not exist
7:39:57|::1|jom/view_pending|anon|none|PROCEDURE garciadb.VIEW_PENDING does not exist
7:39:57|::1|jom/check_for_conflict|anon|none|PROCEDURE garciadb.CHECK_FOR_CONFLICTS does not exist
7:39:57|::1|jom/find_similar|anon|none|PROCEDURE garciadb.FIND_SIMILAR does not exist
7:40:15|::1|jom/view_pending|anon|none|PROCEDURE garciadb.VIEW_PENDING does not exist
7:40:15|::1|jom/check_for_conflict|anon|none|PROCEDURE garciadb.CHECK_FOR_CONFLICTS does not exist
7:40:15|::1|jom/find_similar|anon|none|PROCEDURE garciadb.FIND_SIMILAR does not exist
7:40:51|::1|jom/view_pending|anon|none|PROCEDURE garciadb.VIEW_PENDING does not exist
7:40:51|::1|jom/check_for_conflict|anon|none|PROCEDURE garciadb.CHECK_FOR_CONFLICTS does not exist
7:40:51|::1|jom/find_similar|anon|none|PROCEDURE garciadb.FIND_SIMILAR does not exist
7:41:10|::1|jom/view_pending|anon|none|PROCEDURE garciadb.VIEW_PENDING does not exist
7:41:10|::1|jom/check_for_conflict|anon|none|PROCEDURE garciadb.CHECK_FOR_CONFLICTS does not exist
7:41:10|::1|jom/find_similar|anon|none|PROCEDURE garciadb.FIND_SIMILAR does not exist
7:41:28|::1|jom/view_pending|anon|none|PROCEDURE garciadb.VIEW_PENDING does not exist
7:41:28|::1|jom/check_for_conflict|anon|none|PROCEDURE garciadb.CHECK_FOR_CONFLICTS does not exist
7:41:28|::1|jom/find_similar|anon|none|PROCEDURE garciadb.FIND_SIMILAR does not exist
7:41:42|::1|jom/view_pending|anon|none|PROCEDURE garciadb.VIEW_PENDING does not exist
7:41:42|::1|jom/check_for_conflict|anon|none|PROCEDURE garciadb.CHECK_FOR_CONFLICTS does not exist
7:41:42|::1|jom/find_similar|anon|none|PROCEDURE garciadb.FIND_SIMILAR does not exist
7:41:48|::1|jom/view_pending|anon|none|PROCEDURE garciadb.VIEW_PENDING does not exist
7:41:48|::1|jom/check_for_conflict|anon|none|PROCEDURE garciadb.CHECK_FOR_CONFLICTS does not exist
7:41:48|::1|jom/find_similar|anon|none|PROCEDURE garciadb.FIND_SIMILAR does not exist
7:42:01|::1|jom/view_pending|anon|none|PROCEDURE garciadb.VIEW_PENDING does not exist
7:42:01|::1|jom/check_for_conflict|anon|none|PROCEDURE garciadb.CHECK_FOR_CONFLICTS does not exist
7:42:01|::1|jom/find_similar|anon|none|PROCEDURE garciadb.FIND_SIMILAR does not exist
7:44:02|::1|jom/view_pending|anon|none|PROCEDURE garciadb.VIEW_PENDING does not exist
7:44:02|::1|jom/check_for_conflict|anon|none|PROCEDURE garciadb.CHECK_FOR_CONFLICTS does not exist
7:44:02|::1|jom/find_similar|anon|none|PROCEDURE garciadb.FIND_SIMILAR does not exist
7:46:34|::1|marian/make_reservation|anon||Please login first to make a reservation
7:46:40|::1|marian/make_reservation|anon||Please login first to make a reservation
7:49:15|::1|jom/view_pending|anon|none|PROCEDURE garciadb.VIEW_PENDING does not exist
7:49:15|::1|jom/check_for_conflict|anon|none|PROCEDURE garciadb.CHECK_FOR_CONFLICTS does not exist
7:49:15|::1|jom/find_similar|anon|none|PROCEDURE garciadb.FIND_SIMILAR does not exist
7:49:33|::1|jom/view_pending|anon|none|PROCEDURE garciadb.VIEW_PENDING does not exist
7:49:33|::1|jom/check_for_conflict|anon|none|PROCEDURE garciadb.CHECK_FOR_CONFLICTS does not exist
7:49:33|::1|jom/find_similar|anon|none|PROCEDURE garciadb.FIND_SIMILAR does not exist
7:50:31|::1|jom/view_pending|anon|none|PROCEDURE garciadb.VIEW_PENDING does not exist
7:50:31|::1|jom/check_for_conflict|anon|none|PROCEDURE garciadb.CHECK_FOR_CONFLICTS does not exist
7:50:31|::1|jom/find_similar|anon|none|PROCEDURE garciadb.FIND_SIMILAR does not exist
7:51:19|::1|jom/view_pending|anon|none|PROCEDURE garciadb.VIEW_PENDING does not exist
7:51:19|::1|jom/check_for_conflict|anon|none|PROCEDURE garciadb.CHECK_FOR_CONFLICTS does not exist
7:51:19|::1|jom/find_similar|anon|none|PROCEDURE garciadb.FIND_SIMILAR does not exist
7:51:49|::1|jom/view_pending|anon|none|PROCEDURE garciadb.VIEW_PENDING does not exist
7:51:49|::1|jom/check_for_conflict|anon|none|PROCEDURE garciadb.CHECK_FOR_CONFLICTS does not exist
7:51:49|::1|jom/find_similar|anon|none|PROCEDURE garciadb.FIND_SIMILAR does not exist
7:52:11|::1|jom/view_pending|anon|none|PROCEDURE garciadb.VIEW_PENDING does not exist
7:52:11|::1|jom/check_for_conflict|anon|none|PROCEDURE garciadb.CHECK_FOR_CONFLICTS does not exist
7:52:11|::1|jom/find_similar|anon|none|PROCEDURE garciadb.FIND_SIMILAR does not exist
7:52:36|::1|jom/view_pending|anon|none|PROCEDURE garciadb.VIEW_PENDING does not exist
7:52:36|::1|jom/check_for_conflict|anon|none|PROCEDURE garciadb.CHECK_FOR_CONFLICTS does not exist
7:52:36|::1|jom/find_similar|anon|none|PROCEDURE garciadb.FIND_SIMILAR does not exist
8:01:44|::1|jom/check_for_conflict|adminadmin|none|PROCEDURE garciadb.CHECK_FOR_CONFLICTS does not exist
8:01:44|::1|jom/find_similar|adminadmin|none|PROCEDURE garciadb.FIND_SIMILAR does not exist
8:04:26|::1|jom/check_for_conflict|adminadmin|none|PROCEDURE garciadb.CHECK_FOR_CONFLICTS does not exist
8:04:26|::1|jom/find_similar|adminadmin|none|PROCEDURE garciadb.FIND_SIMILAR does not exist
8:04:42|::1|jom/check_for_conflict|adminadmin|none|PROCEDURE garciadb.CHECK_FOR_CONFLICTS does not exist
8:04:42|::1|jom/find_similar|adminadmin|none|PROCEDURE garciadb.FIND_SIMILAR does not exist
8:05:28|::1|jom/check_for_conflict|adminadmin|none|PROCEDURE garciadb.CHECK_FOR_CONFLICTS does not exist
8:05:28|::1|jom/find_similar|adminadmin|none|PROCEDURE garciadb.FIND_SIMILAR does not exist
8:47:49|::1|jom/check_for_conflict|adminadmin|none|PROCEDURE garciadb.CHECK_FOR_CONFLICTS does not exist
8:47:49|::1|jom/find_similar|adminadmin|none|PROCEDURE garciadb.FIND_SIMILAR does not exist
9:47:35|127.0.0.1|jom/view_pending|anon|none|Unknown column 'status' in 'where clause'
9:47:35|127.0.0.1|jom/view_pending|anon|none|Unknown column 'status' in 'where clause'
9:47:35|127.0.0.1|jom/check_for_conflict|anon|none|PROCEDURE garciadb.CHECK_FOR_CONFLICTS does not exist
9:47:35|127.0.0.1|jom/find_similar|anon|none|PROCEDURE garciadb.FIND_SIMILAR does not exist
9:47:45|127.0.0.1|jom/view_pending|anon|none|Unknown column 'status' in 'where clause'
9:47:45|127.0.0.1|jom/view_pending|anon|none|Unknown column 'status' in 'where clause'
9:47:45|127.0.0.1|jom/check_for_conflict|anon|none|PROCEDURE garciadb.CHECK_FOR_CONFLICTS does not exist
9:47:45|127.0.0.1|jom/find_similar|anon|none|PROCEDURE garciadb.FIND_SIMILAR does not exist
9:54:36|127.0.0.1|jom/view_pending|anon|none|Unknown column 'status' in 'where clause'
9:54:36|127.0.0.1|jom/view_pending|anon|none|Unknown column 'status' in 'where clause'
9:54:36|127.0.0.1|jom/check_for_conflict|anon|none|PROCEDURE garciadb.CHECK_FOR_CONFLICTS does not exist
9:54:36|127.0.0.1|jom/find_similar|anon|none|PROCEDURE garciadb.FIND_SIMILAR does not exist
9:55:02|127.0.0.1|jom/view_pending|anon|none|Unknown column 'status' in 'where clause'
9:55:02|127.0.0.1|jom/view_pending|anon|none|Unknown column 'status' in 'where clause'
9:55:02|127.0.0.1|jom/check_for_conflict|anon|none|PROCEDURE garciadb.CHECK_FOR_CONFLICTS does not exist
9:55:02|127.0.0.1|jom/find_similar|anon|none|PROCEDURE garciadb.FIND_SIMILAR does not exist
10:04:46|127.0.0.1|marian/make_reservation|marianmarian||Please login first to make a reservation
10:05:21|127.0.0.1|marian/make_reservation|marianmarian||Please login first to make a reservation
10:05:53|127.0.0.1|marian/make_reservation|marianmarian||Please login first to make a reservation
10:06:16|127.0.0.1|marian/make_reservation|marianmarian||Request is missing required parameter(s)
10:06:24|127.0.0.1|marian/make_reservation|marianmarian||Request is missing required parameter(s)
10:08:19|127.0.0.1|marian/make_reservation|marianmarian||Request is missing required parameter(s)
10:09:00|127.0.0.1|marian/make_reservation|marianmarian||Request is missing required parameter(s)
10:10:51|127.0.0.1|marian/make_reservation|anon||Request is missing required parameter(s)
10:11:07|127.0.0.1|marian/make_reservation|anon||Please login first to make a reservation
10:11:09|127.0.0.1|marian/make_reservation|anon||Please login first to make a reservation
10:11:41|127.0.0.1|marian/make_reservation|marianmarian||Please login first to make a reservation
10:31:19|127.0.0.1|jom/cancel_reservation|admin|2|jom/cancel_reservation: API does not exist
10:31:30|127.0.0.1|jom/cancel_reservation|admin|2|jom/cancel_reservation: API does not exist
10:43:16|127.0.0.1|marian/make_reservation|marianmarian|First Hour,2013-03-05,2013-03-06,lb,|Request is missing required parameter(s)
