0:41:51|::1|jom/check_for_conflict|tantan|none|PROCEDURE garciadb.CHECK_FOR_CONFLICTS does not exist
0:41:51|::1|jom/find_similar|tantan|none|PROCEDURE garciadb.FIND_SIMILAR does not exist
0:42:53|::1|jom/check_for_conflict|tantan|none|PROCEDURE garciadb.CHECK_FOR_CONFLICTS does not exist
0:42:53|::1|jom/find_similar|tantan|none|PROCEDURE garciadb.FIND_SIMILAR does not exist
0:42:54|::1|jom/check_for_conflict|tantan|none|PROCEDURE garciadb.CHECK_FOR_CONFLICTS does not exist
0:42:54|::1|jom/find_similar|tantan|none|PROCEDURE garciadb.FIND_SIMILAR does not exist
0:42:55|::1|jom/check_for_conflict|tantan|none|PROCEDURE garciadb.CHECK_FOR_CONFLICTS does not exist
0:42:55|::1|jom/find_similar|tantan|none|PROCEDURE garciadb.FIND_SIMILAR does not exist
0:43:00|::1|jom/check_for_conflict|tantan|none|PROCEDURE garciadb.CHECK_FOR_CONFLICTS does not exist
0:43:00|::1|jom/find_similar|tantan|none|PROCEDURE garciadb.FIND_SIMILAR does not exist
0:43:01|::1|jom/check_for_conflict|tantan|none|PROCEDURE garciadb.CHECK_FOR_CONFLICTS does not exist
0:43:01|::1|jom/find_similar|tantan|none|PROCEDURE garciadb.FIND_SIMILAR does not exist
0:43:26|::1|jom/check_for_conflict|tantan|none|PROCEDURE garciadb.CHECK_FOR_CONFLICTS does not exist
0:43:26|::1|jom/find_similar|tantan|none|PROCEDURE garciadb.FIND_SIMILAR does not exist
0:43:28|::1|jom/check_for_conflict|tantan|none|PROCEDURE garciadb.CHECK_FOR_CONFLICTS does not exist
0:43:28|::1|jom/find_similar|tantan|none|PROCEDURE garciadb.FIND_SIMILAR does not exist
0:43:28|::1|jom/check_for_conflict|tantan|none|PROCEDURE garciadb.CHECK_FOR_CONFLICTS does not exist
0:43:28|::1|jom/find_similar|tantan|none|PROCEDURE garciadb.FIND_SIMILAR does not exist
0:43:28|::1|jom/check_for_conflict|tantan|none|PROCEDURE garciadb.CHECK_FOR_CONFLICTS does not exist
0:43:28|::1|jom/find_similar|tantan|none|PROCEDURE garciadb.FIND_SIMILAR does not exist
0:43:28|::1|jom/check_for_conflict|tantan|none|PROCEDURE garciadb.CHECK_FOR_CONFLICTS does not exist
0:43:28|::1|jom/find_similar|tantan|none|PROCEDURE garciadb.FIND_SIMILAR does not exist
0:43:30|::1|jom/check_for_conflict|tantan|none|PROCEDURE garciadb.CHECK_FOR_CONFLICTS does not exist
0:43:30|::1|jom/find_similar|tantan|none|PROCEDURE garciadb.FIND_SIMILAR does not exist
0:43:30|::1|jom/check_for_conflict|tantan|none|PROCEDURE garciadb.CHECK_FOR_CONFLICTS does not exist
0:43:30|::1|jom/find_similar|tantan|none|PROCEDURE garciadb.FIND_SIMILAR does not exist
0:43:30|::1|jom/check_for_conflict|tantan|none|PROCEDURE garciadb.CHECK_FOR_CONFLICTS does not exist
0:43:30|::1|jom/find_similar|tantan|none|PROCEDURE garciadb.FIND_SIMILAR does not exist
0:43:30|::1|jom/check_for_conflict|tantan|none|PROCEDURE garciadb.CHECK_FOR_CONFLICTS does not exist
0:43:30|::1|jom/find_similar|tantan|none|PROCEDURE garciadb.FIND_SIMILAR does not exist
0:43:30|::1|jom/check_for_conflict|tantan|none|PROCEDURE garciadb.CHECK_FOR_CONFLICTS does not exist
0:43:30|::1|jom/find_similar|tantan|none|PROCEDURE garciadb.FIND_SIMILAR does not exist
0:43:31|::1|jom/check_for_conflict|tantan|none|PROCEDURE garciadb.CHECK_FOR_CONFLICTS does not exist
0:43:31|::1|jom/find_similar|tantan|none|PROCEDURE garciadb.FIND_SIMILAR does not exist
0:43:31|::1|jom/check_for_conflict|tantan|none|PROCEDURE garciadb.CHECK_FOR_CONFLICTS does not exist
0:43:31|::1|jom/find_similar|tantan|none|PROCEDURE garciadb.FIND_SIMILAR does not exist
0:43:31|::1|jom/check_for_conflict|tantan|none|PROCEDURE garciadb.CHECK_FOR_CONFLICTS does not exist
0:43:31|::1|jom/find_similar|tantan|none|PROCEDURE garciadb.FIND_SIMILAR does not exist
0:43:31|::1|jom/check_for_conflict|tantan|none|PROCEDURE garciadb.CHECK_FOR_CONFLICTS does not exist
0:43:31|::1|jom/find_similar|tantan|none|PROCEDURE garciadb.FIND_SIMILAR does not exist
0:43:31|::1|jom/check_for_conflict|tantan|none|PROCEDURE garciadb.CHECK_FOR_CONFLICTS does not exist
0:43:31|::1|jom/find_similar|tantan|none|PROCEDURE garciadb.FIND_SIMILAR does not exist
0:43:31|::1|jom/check_for_conflict|tantan|none|PROCEDURE garciadb.CHECK_FOR_CONFLICTS does not exist
0:43:31|::1|jom/find_similar|tantan|none|PROCEDURE garciadb.FIND_SIMILAR does not exist
0:43:36|::1|jom/check_for_conflict|tantan|none|PROCEDURE garciadb.CHECK_FOR_CONFLICTS does not exist
0:43:36|::1|jom/find_similar|tantan|none|PROCEDURE garciadb.FIND_SIMILAR does not exist
0:44:11|::1|jom/check_for_conflict|tantan|none|PROCEDURE garciadb.CHECK_FOR_CONFLICTS does not exist
0:44:11|::1|jom/find_similar|tantan|none|PROCEDURE garciadb.FIND_SIMILAR does not exist
0:44:37|::1|jom/check_for_conflict|tantan|none|PROCEDURE garciadb.CHECK_FOR_CONFLICTS does not exist
0:44:37|::1|jom/find_similar|tantan|none|PROCEDURE garciadb.FIND_SIMILAR does not exist
0:47:13|::1|jom/check_for_conflict|tantan|none|PROCEDURE garciadb.CHECK_FOR_CONFLICTS does not exist
0:47:13|::1|jom/find_similar|tantan|none|PROCEDURE garciadb.FIND_SIMILAR does not exist
0:48:52|::1|jom/check_for_conflict|tantan|none|PROCEDURE garciadb.CHECK_FOR_CONFLICTS does not exist
0:48:52|::1|jom/find_similar|tantan|none|PROCEDURE garciadb.FIND_SIMILAR does not exist
0:49:03|::1|jom/check_for_conflict|tantan|none|PROCEDURE garciadb.CHECK_FOR_CONFLICTS does not exist
0:49:03|::1|jom/find_similar|tantan|none|PROCEDURE garciadb.FIND_SIMILAR does not exist
5:16:52|::1|jom/check_for_conflict|tantan|none|PROCEDURE garciadb.CHECK_FOR_CONFLICTS does not exist
5:16:52|::1|jom/find_similar|tantan|none|PROCEDURE garciadb.FIND_SIMILAR does not exist
5:16:54|::1|jom/check_for_conflict|tantan|none|PROCEDURE garciadb.CHECK_FOR_CONFLICTS does not exist
5:16:54|::1|jom/find_similar|tantan|none|PROCEDURE garciadb.FIND_SIMILAR does not exist
5:18:46|::1|jom/check_for_conflict|tantan|none|PROCEDURE garciadb.CHECK_FOR_CONFLICTS does not exist
5:18:46|::1|jom/find_similar|tantan|none|PROCEDURE garciadb.FIND_SIMILAR does not exist
5:18:48|::1|jom/check_for_conflict|tantan|none|PROCEDURE garciadb.CHECK_FOR_CONFLICTS does not exist
5:18:48|::1|jom/find_similar|tantan|none|PROCEDURE garciadb.FIND_SIMILAR does not exist
5:18:54|::1|jom/check_for_conflict|tantan|none|PROCEDURE garciadb.CHECK_FOR_CONFLICTS does not exist
5:18:54|::1|jom/find_similar|tantan|none|PROCEDURE garciadb.FIND_SIMILAR does not exist
5:18:56|::1|jom/check_for_conflict|tantan|none|PROCEDURE garciadb.CHECK_FOR_CONFLICTS does not exist
5:18:56|::1|jom/find_similar|tantan|none|PROCEDURE garciadb.FIND_SIMILAR does not exist
5:20:26|::1|jom/check_for_conflict|tantan|none|PROCEDURE garciadb.CHECK_FOR_CONFLICTS does not exist
5:20:26|::1|jom/find_similar|tantan|none|PROCEDURE garciadb.FIND_SIMILAR does not exist
5:24:37|::1|jom/check_for_conflict|tantan|none|PROCEDURE garciadb.CHECK_FOR_CONFLICTS does not exist
5:24:37|::1|jom/find_similar|tantan|none|PROCEDURE garciadb.FIND_SIMILAR does not exist
5:25:41|::1|jom/check_for_conflict|tantan|none|PROCEDURE garciadb.CHECK_FOR_CONFLICTS does not exist
5:25:41|::1|jom/find_similar|tantan|none|PROCEDURE garciadb.FIND_SIMILAR does not exist
5:25:44|::1|jom/check_for_conflict|tantan|none|PROCEDURE garciadb.CHECK_FOR_CONFLICTS does not exist
5:25:44|::1|jom/find_similar|tantan|none|PROCEDURE garciadb.FIND_SIMILAR does not exist
5:25:45|::1|jom/check_for_conflict|tantan|none|PROCEDURE garciadb.CHECK_FOR_CONFLICTS does not exist
5:25:45|::1|jom/find_similar|tantan|none|PROCEDURE garciadb.FIND_SIMILAR does not exist
5:26:28|::1|jom/check_for_conflict|tantan|none|PROCEDURE garciadb.CHECK_FOR_CONFLICTS does not exist
5:26:28|::1|jom/find_similar|tantan|none|PROCEDURE garciadb.FIND_SIMILAR does not exist
7:20:20|::1|jom/check_for_conflict|adminadmin|none|PROCEDURE garciadb.CHECK_FOR_CONFLICTS does not exist
7:20:21|::1|jom/find_similar|adminadmin|none|PROCEDURE garciadb.FIND_SIMILAR does not exist
7:20:21|::1|jom/check_for_conflict|adminadmin|none|PROCEDURE garciadb.CHECK_FOR_CONFLICTS does not exist
7:20:21|::1|jom/find_similar|adminadmin|none|PROCEDURE garciadb.FIND_SIMILAR does not exist
7:20:27|::1|jom/check_for_conflict|adminadmin|none|PROCEDURE garciadb.CHECK_FOR_CONFLICTS does not exist
7:20:27|::1|jom/find_similar|adminadmin|none|PROCEDURE garciadb.FIND_SIMILAR does not exist
7:20:27|::1|jom/check_for_conflict|adminadmin|none|PROCEDURE garciadb.CHECK_FOR_CONFLICTS does not exist
7:20:27|::1|jom/find_similar|adminadmin|none|PROCEDURE garciadb.FIND_SIMILAR does not exist
18:05:01|::1|jom/check_for_conflict|tantan|none|PROCEDURE garciadb.CHECK_FOR_CONFLICTS does not exist
18:05:01|::1|jom/find_similar|tantan|none|PROCEDURE garciadb.FIND_SIMILAR does not exist
18:05:26|::1|marian/cancel_reservation|tantan|7|PROCEDURE garciadb.CANCEL_RESERVATION does not exist
18:05:31|::1|jom/check_for_conflict|tantan|none|PROCEDURE garciadb.CHECK_FOR_CONFLICTS does not exist
18:05:31|::1|jom/find_similar|tantan|none|PROCEDURE garciadb.FIND_SIMILAR does not exist
18:05:57|::1|jom/check_for_conflict|tantan|none|PROCEDURE garciadb.CHECK_FOR_CONFLICTS does not exist
18:05:57|::1|jom/find_similar|tantan|none|PROCEDURE garciadb.FIND_SIMILAR does not exist
18:16:38|::1|jom/check_for_conflict|tantan|none|PROCEDURE garciadb.CHECK_FOR_CONFLICTS does not exist
18:16:38|::1|jom/find_similar|tantan|none|PROCEDURE garciadb.FIND_SIMILAR does not exist
