4:15:20|::1|jom/check_for_conflict|ravenjohn|none|PROCEDURE garciadb.CHECK_FOR_CONFLICTS does not exist
4:15:20|::1|jom/find_similar|ravenjohn|none|PROCEDURE garciadb.FIND_SIMILAR does not exist
5:04:41|::1|jom/check_for_conflict|ravenjohn|none|PROCEDURE garciadb.CHECK_FOR_CONFLICTS does not exist
5:04:41|::1|jom/find_similar|ravenjohn|none|PROCEDURE garciadb.FIND_SIMILAR does not exist
5:05:05|::1|jom/check_for_conflict|ravenjohn|none|PROCEDURE garciadb.CHECK_FOR_CONFLICTS does not exist
5:05:05|::1|jom/find_similar|ravenjohn|none|PROCEDURE garciadb.FIND_SIMILAR does not exist
5:05:11|::1|jom/check_for_conflict|ravenjohn|none|PROCEDURE garciadb.CHECK_FOR_CONFLICTS does not exist
5:05:11|::1|jom/find_similar|ravenjohn|none|PROCEDURE garciadb.FIND_SIMILAR does not exist
11:57:10|::1|jom/check_for_conflict|ravenjohn|none|PROCEDURE garciadb.CHECK_FOR_CONFLICTS does not exist
11:57:10|::1|jom/find_similar|ravenjohn|none|PROCEDURE garciadb.FIND_SIMILAR does not exist
11:57:20|::1|marian/make_reservation|ravenjohn|First Hour,0003-12-12,3424-04-12,wqreq,asdf|Please login first to make a reservation
11:57:53|::1|jom/check_for_conflict|tantan|none|PROCEDURE garciadb.CHECK_FOR_CONFLICTS does not exist
11:57:53|::1|jom/find_similar|tantan|none|PROCEDURE garciadb.FIND_SIMILAR does not exist
19:56:51|::1|jom/check_for_conflict|tantan|none|PROCEDURE garciadb.CHECK_FOR_CONFLICTS does not exist
19:56:51|::1|jom/find_similar|tantan|none|PROCEDURE garciadb.FIND_SIMILAR does not exist
19:56:54|::1|jom/check_for_conflict|tantan|none|PROCEDURE garciadb.CHECK_FOR_CONFLICTS does not exist
19:56:54|::1|jom/find_similar|tantan|none|PROCEDURE garciadb.FIND_SIMILAR does not exist
19:59:44|::1|jom/check_for_conflict|tantan|none|PROCEDURE garciadb.CHECK_FOR_CONFLICTS does not exist
19:59:44|::1|jom/find_similar|tantan|none|PROCEDURE garciadb.FIND_SIMILAR does not exist
19:59:48|::1|jom/check_for_conflict|tantan|none|PROCEDURE garciadb.CHECK_FOR_CONFLICTS does not exist
19:59:49|::1|jom/find_similar|tantan|none|PROCEDURE garciadb.FIND_SIMILAR does not exist
20:01:47|::1|jom/check_for_conflict|tantan|none|PROCEDURE garciadb.CHECK_FOR_CONFLICTS does not exist
20:01:47|::1|jom/find_similar|tantan|none|PROCEDURE garciadb.FIND_SIMILAR does not exist
20:01:55|::1|jom/check_for_conflict|tantan|none|PROCEDURE garciadb.CHECK_FOR_CONFLICTS does not exist
20:01:55|::1|jom/find_similar|tantan|none|PROCEDURE garciadb.FIND_SIMILAR does not exist
20:02:19|::1|jom/check_for_conflict|tantan|none|PROCEDURE garciadb.CHECK_FOR_CONFLICTS does not exist
20:02:19|::1|jom/find_similar|tantan|none|PROCEDURE garciadb.FIND_SIMILAR does not exist
20:02:24|::1|jom/check_for_conflict|tantan|none|PROCEDURE garciadb.CHECK_FOR_CONFLICTS does not exist
20:02:24|::1|jom/find_similar|tantan|none|PROCEDURE garciadb.FIND_SIMILAR does not exist
20:02:26|::1|jom/check_for_conflict|tantan|none|PROCEDURE garciadb.CHECK_FOR_CONFLICTS does not exist
20:02:26|::1|jom/find_similar|tantan|none|PROCEDURE garciadb.FIND_SIMILAR does not exist
20:02:39|::1|jom/check_for_conflict|tantan|none|PROCEDURE garciadb.CHECK_FOR_CONFLICTS does not exist
20:02:39|::1|jom/find_similar|tantan|none|PROCEDURE garciadb.FIND_SIMILAR does not exist
20:02:42|::1|jom/check_for_conflict|tantan|none|PROCEDURE garciadb.CHECK_FOR_CONFLICTS does not exist
20:02:42|::1|jom/find_similar|tantan|none|PROCEDURE garciadb.FIND_SIMILAR does not exist
20:03:45|::1|jom/check_for_conflict|tantan|none|PROCEDURE garciadb.CHECK_FOR_CONFLICTS does not exist
20:03:45|::1|jom/find_similar|tantan|none|PROCEDURE garciadb.FIND_SIMILAR does not exist
20:03:47|::1|jom/check_for_conflict|tantan|none|PROCEDURE garciadb.CHECK_FOR_CONFLICTS does not exist
20:03:47|::1|jom/find_similar|tantan|none|PROCEDURE garciadb.FIND_SIMILAR does not exist
20:04:09|::1|jom/check_for_conflict|tantan|none|PROCEDURE garciadb.CHECK_FOR_CONFLICTS does not exist
20:04:09|::1|jom/find_similar|tantan|none|PROCEDURE garciadb.FIND_SIMILAR does not exist
20:04:11|::1|jom/check_for_conflict|tantan|none|PROCEDURE garciadb.CHECK_FOR_CONFLICTS does not exist
20:04:11|::1|jom/find_similar|tantan|none|PROCEDURE garciadb.FIND_SIMILAR does not exist
20:04:28|::1|jom/check_for_conflict|tantan|none|PROCEDURE garciadb.CHECK_FOR_CONFLICTS does not exist
20:04:28|::1|jom/find_similar|tantan|none|PROCEDURE garciadb.FIND_SIMILAR does not exist
20:06:12|::1|jom/check_for_conflict|tantan|none|PROCEDURE garciadb.CHECK_FOR_CONFLICTS does not exist
20:06:12|::1|jom/find_similar|tantan|none|PROCEDURE garciadb.FIND_SIMILAR does not exist
20:06:13|::1|jom/check_for_conflict|tantan|none|PROCEDURE garciadb.CHECK_FOR_CONFLICTS does not exist
20:06:13|::1|jom/find_similar|tantan|none|PROCEDURE garciadb.FIND_SIMILAR does not exist
20:06:40|::1|jom/check_for_conflict|tantan|none|PROCEDURE garciadb.CHECK_FOR_CONFLICTS does not exist
20:06:40|::1|jom/find_similar|tantan|none|PROCEDURE garciadb.FIND_SIMILAR does not exist
20:06:45|::1|jom/check_for_conflict|tantan|none|PROCEDURE garciadb.CHECK_FOR_CONFLICTS does not exist
20:06:45|::1|jom/find_similar|tantan|none|PROCEDURE garciadb.FIND_SIMILAR does not exist
20:06:54|::1|jom/check_for_conflict|tantan|none|PROCEDURE garciadb.CHECK_FOR_CONFLICTS does not exist
20:06:54|::1|jom/find_similar|tantan|none|PROCEDURE garciadb.FIND_SIMILAR does not exist
20:07:01|::1|jom/check_for_conflict|tantan|none|PROCEDURE garciadb.CHECK_FOR_CONFLICTS does not exist
20:07:01|::1|jom/find_similar|tantan|none|PROCEDURE garciadb.FIND_SIMILAR does not exist
20:07:35|::1|jom/check_for_conflict|tantan|none|PROCEDURE garciadb.CHECK_FOR_CONFLICTS does not exist
20:07:35|::1|jom/find_similar|tantan|none|PROCEDURE garciadb.FIND_SIMILAR does not exist
20:07:37|::1|jom/check_for_conflict|tantan|none|PROCEDURE garciadb.CHECK_FOR_CONFLICTS does not exist
20:07:37|::1|jom/find_similar|tantan|none|PROCEDURE garciadb.FIND_SIMILAR does not exist
20:09:06|::1|jom/check_for_conflict|tantan|none|PROCEDURE garciadb.CHECK_FOR_CONFLICTS does not exist
20:09:06|::1|jom/find_similar|tantan|none|PROCEDURE garciadb.FIND_SIMILAR does not exist
20:09:07|::1|jom/check_for_conflict|tantan|none|PROCEDURE garciadb.CHECK_FOR_CONFLICTS does not exist
20:09:07|::1|jom/find_similar|tantan|none|PROCEDURE garciadb.FIND_SIMILAR does not exist
